Log file open, 12/03/19 16:18:50
LogWindows: Failed to load 'aqProf.dll' (GetLastError=126)
LogWindows: File 'aqProf.dll' does not exist
LogWindows: Failed to load 'VtuneApi.dll' (GetLastError=126)
LogWindows: File 'VtuneApi.dll' does not exist
LogWindows: Failed to load 'VtuneApi32e.dll' (GetLastError=126)
LogWindows: File 'VtuneApi32e.dll' does not exist
LogConsoleResponse: Display: Failed to find resolution value strings in scalability ini. Falling back to default.
LogInit: Display: Running engine for game: CST438_Space_Game
LogPlatformFile: Not using cached read wrapper
LogTaskGraph: Started task graph with 5 named threads and 35 total threads with 3 sets of task threads.
LogStats: Stats thread started at 0.097887
LogD3D11RHI: Loaded GFSDK_Aftermath_Lib.x64.dll
LogICUInternationalization: ICU TimeZone Detection - Raw Offset: -8:00, Platform Override: ''
LogPluginManager: Mounting plugin Paper2D
LogPluginManager: Mounting plugin AISupport
LogPluginManager: Mounting plugin LightPropagationVolume
LogPluginManager: Mounting plugin ActorLayerUtilities
LogPluginManager: Mounting plugin AnimationSharing
LogPluginManager: Mounting plugin CLionSourceCodeAccess
LogPluginManager: Mounting plugin CodeLiteSourceCodeAccess
LogPluginManager: Mounting plugin GitSourceControl
LogPluginManager: Mounting plugin KDevelopSourceCodeAccess
LogPluginManager: Mounting plugin NullSourceCodeAccess
LogPluginManager: Mounting plugin PerforceSourceControl
LogPluginManager: Mounting plugin SubversionSourceControl
LogPluginManager: Mounting plugin UObjectPlugin
LogPluginManager: Mounting plugin VisualStudioCodeSourceCodeAccess
LogPluginManager: Mounting plugin VisualStudioSourceCodeAccess
LogPluginManager: Mounting plugin XCodeSourceCodeAccess
LogPluginManager: Mounting plugin AssetManagerEditor
LogPluginManager: Mounting plugin CryptoKeys
LogPluginManager: Mounting plugin CurveEditorTools
LogPluginManager: Mounting plugin DataValidation
LogPluginManager: Mounting plugin FacialAnimation
LogPluginManager: Mounting plugin GameplayTagsEditor
LogPluginManager: Mounting plugin GLTFImporter
LogPluginManager: Mounting plugin MacGraphicsSwitching
LogPluginManager: Mounting plugin MaterialAnalyzer
LogPluginManager: Mounting plugin MobileLauncherProfileWizard
LogPluginManager: Mounting plugin PluginBrowser
LogPluginManager: Mounting plugin SpeedTreeImporter
LogPluginManager: Mounting plugin DatasmithContent
LogPluginManager: Mounting plugin VariantManagerContent
LogPluginManager: Mounting plugin AlembicImporter
LogPluginManager: Mounting plugin AutomationUtils
LogPluginManager: Mounting plugin BackChannel
LogPluginManager: Mounting plugin CharacterAI
LogPluginManager: Mounting plugin GeometryCache
LogPluginManager: Mounting plugin HTML5Networking
LogPluginManager: Mounting plugin PlatformCrypto
LogPluginManager: Mounting plugin ProxyLODPlugin
LogPluginManager: Mounting plugin SkeletalReduction
LogPluginManager: Mounting plugin MagicLeap
LogPluginManager: Mounting plugin MagicLeapMedia
LogPluginManager: Mounting plugin AndroidMedia
LogPluginManager: Mounting plugin AvfMedia
LogPluginManager: Mounting plugin ImgMedia
LogPluginManager: Mounting plugin MediaCompositing
LogPluginManager: Mounting plugin MediaPlayerEditor
LogPluginManager: Mounting plugin WebMMedia
LogPluginManager: Mounting plugin WmfMedia
LogPluginManager: Mounting plugin TcpMessaging
LogPluginManager: Mounting plugin UdpMessaging
LogPluginManager: Mounting plugin ActorSequence
LogPluginManager: Mounting plugin LevelSequenceEditor
LogPluginManager: Mounting plugin MatineeToLevelSequence
LogPluginManager: Mounting plugin NetcodeUnitTest
LogPluginManager: Mounting plugin NUTUnrealEngine4
LogPluginManager: Mounting plugin OnlineSubsystemGooglePlay
LogPluginManager: Mounting plugin OnlineSubsystemIOS
LogPluginManager: Mounting plugin OnlineSubsystem
LogPluginManager: Mounting plugin OnlineSubsystemNull
LogPluginManager: Mounting plugin OnlineSubsystemUtils
LogPluginManager: Mounting plugin LauncherChunkInstaller
LogPluginManager: Mounting plugin AndroidDeviceProfileSelector
LogPluginManager: Mounting plugin AndroidMoviePlayer
LogPluginManager: Mounting plugin AndroidPermission
LogPluginManager: Mounting plugin AppleImageUtils
LogPluginManager: Mounting plugin AppleMoviePlayer
LogPluginManager: Mounting plugin ArchVisCharacter
LogPluginManager: Mounting plugin AudioCapture
LogPluginManager: Mounting plugin CableComponent
LogPluginManager: Mounting plugin CustomMeshComponent
LogPluginManager: Mounting plugin EditableMesh
LogPluginManager: Mounting plugin ExampleDeviceProfileSelector
LogPluginManager: Mounting plugin GoogleCloudMessaging
LogPluginManager: Mounting plugin IOSDeviceProfileSelector
LogPluginManager: Mounting plugin LinuxDeviceProfileSelector
LogPluginManager: Mounting plugin LocationServicesBPLibrary
LogPluginManager: Mounting plugin MobilePatchingUtils
LogPluginManager: Mounting plugin OculusVR
LogPluginManager: Mounting plugin PhysXVehicles
LogPluginManager: Mounting plugin ProceduralMeshComponent
LogPluginManager: Mounting plugin RuntimePhysXCooking
LogPluginManager: Mounting plugin SignificanceManager
LogPluginManager: Mounting plugin SteamVR
LogPluginManager: Mounting plugin WebMMoviePlayer
LogPluginManager: Mounting plugin WindowsMoviePlayer
LogPluginManager: Mounting plugin ScreenshotTools
LogInit: Using libcurl 7.55.1-DEV
LogInit:  - built for x86_64-pc-win32
LogInit:  - supports SSL with OpenSSL/1.1.1
LogInit:  - supports HTTP deflate (compression) using libz 1.2.8
LogInit:  - other features:
LogInit:      CURL_VERSION_SSL
LogInit:      CURL_VERSION_LIBZ
LogInit:      CURL_VERSION_IPV6
LogInit:      CURL_VERSION_ASYNCHDNS
LogInit:      CURL_VERSION_LARGEFILE
LogInit:      CURL_VERSION_IDN
LogInit:  CurlRequestOptions (configurable via config and command line):
LogInit:  - bVerifyPeer = true  - Libcurl will verify peer certificate
LogInit:  - bUseHttpProxy = false  - Libcurl will NOT use HTTP proxy
LogInit:  - bDontReuseConnections = false  - Libcurl will reuse connections
LogInit:  - MaxHostConnections = 16  - Libcurl will limit the number of connections to a host
LogInit:  - LocalHostAddr = Default
LogInit:  - BufferSize = 65536
LogOnline: OSS: Creating online subsystem instance for: NULL
LogInit: WinSock: version 1.1 (2.2), MaxSocks=32767, MaxUdp=65467
LogInit: Build: ++UE4+Release-4.23-CL-9631420
LogInit: Engine Version: 4.23.1-9631420+++UE4+Release-4.23
LogInit: Compatible Engine Version: 4.23.0-8386587+++UE4+Release-4.23
LogInit: Net CL: 8386587
LogInit: OS: Windows 10 (Release 1903) (), CPU: AMD Ryzen 5 2600 Six-Core Processor            , GPU: NVIDIA GeForce GTX 1650
LogInit: Compiled (64-bit): Oct 18 2019 02:07:44
LogInit: Compiled with Visual C++: 19.16.27030.01
LogInit: Build Configuration: Development
LogInit: Branch Name: ++UE4+Release-4.23
LogInit: Command Line: 
LogInit: Base Directory: G:/Epic Games/UE_4.23/Engine/Binaries/Win64/
LogInit: Installed Engine Build: 1
LogDevObjectVersion: Number of dev versions registered: 23
LogDevObjectVersion:   Dev-Blueprints (B0D832E4-1F89-4F0D-ACCF-7EB736FD4AA2): 10
LogDevObjectVersion:   Dev-Build (E1C64328-A22C-4D53-A36C-8E866417BD8C): 0
LogDevObjectVersion:   Dev-Core (375EC13C-06E4-48FB-B500-84F0262A717E): 3
LogDevObjectVersion:   Dev-Editor (E4B068ED-F494-42E9-A231-DA0B2E46BB41): 34
LogDevObjectVersion:   Dev-Framework (CFFC743F-43B0-4480-9391-14DF171D2073): 35
LogDevObjectVersion:   Dev-Mobile (B02B49B5-BB20-44E9-A304-32B752E40360): 2
LogDevObjectVersion:   Dev-Networking (A4E4105C-59A1-49B5-A7C5-40C4547EDFEE): 0
LogDevObjectVersion:   Dev-Online (39C831C9-5AE6-47DC-9A44-9C173E1C8E7C): 0
LogDevObjectVersion:   Dev-Physics (78F01B33-EBEA-4F98-B9B4-84EACCB95AA2): 0
LogDevObjectVersion:   Dev-Platform (6631380F-2D4D-43E0-8009-CF276956A95A): 0
LogDevObjectVersion:   Dev-Rendering (12F88B9F-8875-4AFC-A67C-D90C383ABD29): 31
LogDevObjectVersion:   Dev-Sequencer (7B5AE74C-D270-4C10-A958-57980B212A5A): 11
LogDevObjectVersion:   Dev-VR (D7296918-1DD6-4BDD-9DE2-64A83CC13884): 2
LogDevObjectVersion:   Dev-LoadTimes (C2A15278-BFE7-4AFE-6C17-90FF531DF755): 1
LogDevObjectVersion:   Private-Geometry (6EACA3D4-40EC-4CC1-B786-8BED09428FC5): 3
LogDevObjectVersion:   Dev-AnimPhys (29E575DD-E0A3-4627-9D10-D276232CDCEA): 17
LogDevObjectVersion:   Dev-Anim (AF43A65D-7FD3-4947-9873-3E8ED9C1BB05): 2
LogDevObjectVersion:   Dev-ReflectionCapture (6B266CEC-1EC7-4B8F-A30B-E4D90942FC07): 1
LogDevObjectVersion:   Dev-Automation (0DF73D61-A23F-47EA-B727-89E90C41499A): 1
LogDevObjectVersion:   FortniteMain (601D1886-AC64-4F84-AA16-D3DE0DEAC7D6): 27
LogDevObjectVersion:   Dev-Enterprise (9DFFBCD6-494F-0158-E221-12823C92A888): 6
LogDevObjectVersion:   Dev-Niagara (F2AED0AC-9AFE-416F-8664-AA7FFA26D6FC): 1
LogDevObjectVersion:   Dev-Destruction (174F1F0B-B4C6-45A5-B13F-2EE8D0FB917D): 9
LogInit: Presizing for max 16777216 objects, including 0 objects not considered by GC, pre-allocating 0 bytes for permanent pool.
LogInit: Object subsystem initialized
LogConfig: Setting CVar [[con.DebugEarlyDefault:1]]
LogConfig: Setting CVar [[r.setres:1280x720]]
[2019.12.04-00.18.50:519][  0]LogConfig: Setting CVar [[r.VSync:0]]
[2019.12.04-00.18.50:519][  0]LogConfig: Setting CVar [[r.RHICmdBypass:0]]
[2019.12.04-00.18.50:519][  0]LogConfig: Applying CVar settings from Section [/Script/Engine.RendererSettings] File [C:/Users/Bradley/Documents/Unreal Projects/CST438_Space_Game/Saved/Config/Windows/Engine.ini]
[2019.12.04-00.18.50:519][  0]LogConfig: Setting CVar [[r.GPUCrashDebugging:0]]
[2019.12.04-00.18.50:519][  0]LogConfig: Applying CVar settings from Section [/Script/Engine.RendererOverrideSettings] File [C:/Users/Bradley/Documents/Unreal Projects/CST438_Space_Game/Saved/Config/Windows/Engine.ini]
[2019.12.04-00.18.50:519][  0]LogConfig: Applying CVar settings from Section [/Script/Engine.StreamingSettings] File [C:/Users/Bradley/Documents/Unreal Projects/CST438_Space_Game/Saved/Config/Windows/Engine.ini]
[2019.12.04-00.18.50:519][  0]LogConfig: Setting CVar [[s.MinBulkDataSizeForAsyncLoading:131072]]
[2019.12.04-00.18.50:519][  0]LogConfig: Setting CVar [[s.AsyncLoadingThreadEnabled:0]]
[2019.12.04-00.18.50:519][  0]LogConfig: Setting CVar [[s.EventDrivenLoaderEnabled:1]]
[2019.12.04-00.18.50:519][  0]LogConfig: Setting CVar [[s.WarnIfTimeLimitExceeded:0]]
[2019.12.04-00.18.50:519][  0]LogConfig: Setting CVar [[s.TimeLimitExceededMultiplier:1.5]]
[2019.12.04-00.18.50:519][  0]LogConfig: Setting CVar [[s.TimeLimitExceededMinTime:0.005]]
[2019.12.04-00.18.50:519][  0]LogConfig: Setting CVar [[s.UseBackgroundLevelStreaming:1]]
[2019.12.04-00.18.50:519][  0]LogConfig: Setting CVar [[s.PriorityAsyncLoadingExtraTime:15.0]]
[2019.12.04-00.18.50:519][  0]LogConfig: Setting CVar [[s.LevelStreamingActorsUpdateTimeLimit:5.0]]
[2019.12.04-00.18.50:519][  0]LogConfig: Setting CVar [[s.PriorityLevelStreamingActorsUpdateExtraTime:5.0]]
[2019.12.04-00.18.50:519][  0]LogConfig: Setting CVar [[s.LevelStreamingComponentsRegistrationGranularity:10]]
[2019.12.04-00.18.50:519][  0]LogConfig: Setting CVar [[s.UnregisterComponentsTimeLimit:1.0]]
[2019.12.04-00.18.50:519][  0]LogConfig: Setting CVar [[s.LevelStreamingComponentsUnregistrationGranularity:5]]
[2019.12.04-00.18.50:519][  0]LogConfig: Applying CVar settings from Section [/Script/Engine.GarbageCollectionSettings] File [C:/Users/Bradley/Documents/Unreal Projects/CST438_Space_Game/Saved/Config/Windows/Engine.ini]
[2019.12.04-00.18.50:519][  0]LogConfig: Setting CVar [[gc.MaxObjectsNotConsideredByGC:1]]
[2019.12.04-00.18.50:519][  0]LogConfig: Setting CVar [[gc.SizeOfPermanentObjectPool:0]]
[2019.12.04-00.18.50:519][  0]LogConfig: Setting CVar [[gc.FlushStreamingOnGC:0]]
[2019.12.04-00.18.50:519][  0]LogConfig: Setting CVar [[gc.NumRetriesBeforeForcingGC:10]]
[2019.12.04-00.18.50:519][  0]LogConfig: Setting CVar [[gc.AllowParallelGC:1]]
[2019.12.04-00.18.50:519][  0]LogConfig: Setting CVar [[gc.TimeBetweenPurgingPendingKillObjects:61.1]]
[2019.12.04-00.18.50:519][  0]LogConfig: Setting CVar [[gc.MaxObjectsInEditor:16777216]]
[2019.12.04-00.18.50:519][  0]LogConfig: Setting CVar [[gc.IncrementalBeginDestroyEnabled:1]]
[2019.12.04-00.18.50:519][  0]LogConfig: Setting CVar [[gc.CreateGCClusters:1]]
[2019.12.04-00.18.50:519][  0]LogConfig: Setting CVar [[gc.MinGCClusterSize:5]]
[2019.12.04-00.18.50:519][  0]LogConfig: Setting CVar [[gc.ActorClusteringEnabled:0]]
[2019.12.04-00.18.50:519][  0]LogConfig: Setting CVar [[gc.BlueprintClusteringEnabled:0]]
[2019.12.04-00.18.50:519][  0]LogConfig: Setting CVar [[gc.UseDisregardForGCOnDedicatedServers:0]]
[2019.12.04-00.18.50:519][  0]LogConfig: Applying CVar settings from Section [/Script/Engine.NetworkSettings] File [C:/Users/Bradley/Documents/Unreal Projects/CST438_Space_Game/Saved/Config/Windows/Engine.ini]
[2019.12.04-00.18.50:519][  0]LogConfig: Applying CVar settings from Section [/Script/UnrealEd.CookerSettings] File [C:/Users/Bradley/Documents/Unreal Projects/CST438_Space_Game/Saved/Config/Windows/Engine.ini]
[2019.12.04-00.18.50:521][  0]LogConfig: Applying CVar settings from Section [ViewDistanceQuality@3] File [C:/Users/Bradley/Documents/Unreal Projects/CST438_Space_Game/Saved/Config/Windows/Scalability.ini]
[2019.12.04-00.18.50:521][  0]LogConfig: Setting CVar [[r.SkeletalMeshLODBias:0]]
[2019.12.04-00.18.50:521][  0]LogConfig: Setting CVar [[r.ViewDistanceScale:1.0]]
[2019.12.04-00.18.50:521][  0]LogConfig: Applying CVar settings from Section [AntiAliasingQuality@3] File [C:/Users/Bradley/Documents/Unreal Projects/CST438_Space_Game/Saved/Config/Windows/Scalability.ini]
[2019.12.04-00.18.50:521][  0]LogConfig: Setting CVar [[r.PostProcessAAQuality:4]]
[2019.12.04-00.18.50:521][  0]LogConfig: Applying CVar settings from Section [ShadowQuality@3] File [C:/Users/Bradley/Documents/Unreal Projects/CST438_Space_Game/Saved/Config/Windows/Scalability.ini]
[2019.12.04-00.18.50:521][  0]LogConfig: Setting CVar [[r.LightFunctionQuality:1]]
[2019.12.04-00.18.50:521][  0]LogConfig: Setting CVar [[r.ShadowQuality:5]]
[2019.12.04-00.18.50:521][  0]LogConfig: Setting CVar [[r.Shadow.CSM.MaxCascades:10]]
[2019.12.04-00.18.50:521][  0]LogConfig: Setting CVar [[r.Shadow.MaxResolution:2048]]
[2019.12.04-00.18.50:521][  0]LogConfig: Setting CVar [[r.Shadow.MaxCSMResolution:2048]]
[2019.12.04-00.18.50:521][  0]LogConfig: Setting CVar [[r.Shadow.RadiusThreshold:0.01]]
[2019.12.04-00.18.50:522][  0]LogConfig: Setting CVar [[r.Shadow.DistanceScale:1.0]]
[2019.12.04-00.18.50:522][  0]LogConfig: Setting CVar [[r.Shadow.CSM.TransitionScale:1.0]]
[2019.12.04-00.18.50:522][  0]LogConfig: Setting CVar [[r.Shadow.PreShadowResolutionFactor:1.0]]
[2019.12.04-00.18.50:522][  0]LogConfig: Setting CVar [[r.DistanceFieldShadowing:1]]
[2019.12.04-00.18.50:522][  0]LogConfig: Setting CVar [[r.DistanceFieldAO:1]]
[2019.12.04-00.18.50:522][  0]LogConfig: Setting CVar [[r.AOQuality:2]]
[2019.12.04-00.18.50:522][  0]LogConfig: Setting CVar [[r.VolumetricFog:1]]
[2019.12.04-00.18.50:522][  0]LogConfig: Setting CVar [[r.VolumetricFog.GridPixelSize:8]]
[2019.12.04-00.18.50:522][  0]LogConfig: Setting CVar [[r.VolumetricFog.GridSizeZ:128]]
[2019.12.04-00.18.50:522][  0]LogConfig: Setting CVar [[r.VolumetricFog.HistoryMissSupersampleCount:4]]
[2019.12.04-00.18.50:522][  0]LogConfig: Setting CVar [[r.LightMaxDrawDistanceScale:1]]
[2019.12.04-00.18.50:522][  0]LogConfig: Setting CVar [[r.CapsuleShadows:1]]
[2019.12.04-00.18.50:522][  0]LogConfig: Applying CVar settings from Section [PostProcessQuality@3] File [C:/Users/Bradley/Documents/Unreal Projects/CST438_Space_Game/Saved/Config/Windows/Scalability.ini]
[2019.12.04-00.18.50:522][  0]LogConfig: Setting CVar [[r.MotionBlurQuality:4]]
[2019.12.04-00.18.50:522][  0]LogConfig: Setting CVar [[r.AmbientOcclusionMipLevelFactor:0.4]]
[2019.12.04-00.18.50:522][  0]LogConfig: Setting CVar [[r.AmbientOcclusionMaxQuality:100]]
[2019.12.04-00.18.50:522][  0]LogConfig: Setting CVar [[r.AmbientOcclusionLevels:-1]]
[2019.12.04-00.18.50:522][  0]LogConfig: Setting CVar [[r.AmbientOcclusionRadiusScale:1.0]]
[2019.12.04-00.18.50:522][  0]LogConfig: Setting CVar [[r.DepthOfFieldQuality:2]]
[2019.12.04-00.18.50:522][  0]LogConfig: Setting CVar [[r.RenderTargetPoolMin:400]]
[2019.12.04-00.18.50:522][  0]LogConfig: Setting CVar [[r.LensFlareQuality:2]]
[2019.12.04-00.18.50:522][  0]LogConfig: Setting CVar [[r.SceneColorFringeQuality:1]]
[2019.12.04-00.18.50:522][  0]LogConfig: Setting CVar [[r.EyeAdaptationQuality:2]]
[2019.12.04-00.18.50:522][  0]LogConfig: Setting CVar [[r.BloomQuality:5]]
[2019.12.04-00.18.50:522][  0]LogConfig: Setting CVar [[r.FastBlurThreshold:100]]
[2019.12.04-00.18.50:522][  0]LogConfig: Setting CVar [[r.Upscale.Quality:3]]
[2019.12.04-00.18.50:522][  0]LogConfig: Setting CVar [[r.Tonemapper.GrainQuantization:1]]
[2019.12.04-00.18.50:522][  0]LogConfig: Setting CVar [[r.LightShaftQuality:1]]
[2019.12.04-00.18.50:522][  0]LogConfig: Setting CVar [[r.Filter.SizeScale:1]]
[2019.12.04-00.18.50:522][  0]LogConfig: Setting CVar [[r.Tonemapper.Quality:5]]
[2019.12.04-00.18.50:522][  0]LogConfig: Setting CVar [[r.DOF.Gather.AccumulatorQuality:1        ; higher gathering accumulator quality]]
[2019.12.04-00.18.50:522][  0]LogConfig: Setting CVar [[r.DOF.Gather.PostfilterMethod:1          ; Median3x3 postfilering method]]
[2019.12.04-00.18.50:522][  0]LogConfig: Setting CVar [[r.DOF.Gather.EnableBokehSettings:0       ; no bokeh simulation when gathering]]
[2019.12.04-00.18.50:522][  0]LogConfig: Setting CVar [[r.DOF.Gather.RingCount:4                 ; medium number of samples when gathering]]
[2019.12.04-00.18.50:522][  0]LogConfig: Setting CVar [[r.DOF.Scatter.ForegroundCompositing:1    ; additive foreground scattering]]
[2019.12.04-00.18.50:522][  0]LogConfig: Setting CVar [[r.DOF.Scatter.BackgroundCompositing:2    ; additive background scattering]]
[2019.12.04-00.18.50:522][  0]LogConfig: Setting CVar [[r.DOF.Scatter.EnableBokehSettings:1      ; bokeh simulation when scattering]]
[2019.12.04-00.18.50:522][  0]LogConfig: Setting CVar [[r.DOF.Scatter.MaxSpriteRatio:0.1         ; only a maximum of 10% of scattered bokeh]]
[2019.12.04-00.18.50:522][  0]LogConfig: Setting CVar [[r.DOF.Recombine.Quality:1                ; cheap slight out of focus]]
[2019.12.04-00.18.50:522][  0]LogConfig: Setting CVar [[r.DOF.Recombine.EnableBokehSettings:0    ; no bokeh simulation on slight out of focus]]
[2019.12.04-00.18.50:522][  0]LogConfig: Setting CVar [[r.DOF.TemporalAAQuality:1                ; more stable temporal accumulation]]
[2019.12.04-00.18.50:522][  0]LogConfig: Setting CVar [[r.DOF.Kernel.MaxForegroundRadius:0.025]]
[2019.12.04-00.18.50:522][  0]LogConfig: Setting CVar [[r.DOF.Kernel.MaxBackgroundRadius:0.025]]
[2019.12.04-00.18.50:522][  0]LogConfig: Applying CVar settings from Section [TextureQuality@3] File [C:/Users/Bradley/Documents/Unreal Projects/CST438_Space_Game/Saved/Config/Windows/Scalability.ini]
[2019.12.04-00.18.50:522][  0]LogConfig: Setting CVar [[r.Streaming.MipBias:0]]
[2019.12.04-00.18.50:522][  0]LogConfig: Setting CVar [[r.Streaming.AmortizeCPUToGPUCopy:0]]
[2019.12.04-00.18.50:522][  0]LogConfig: Setting CVar [[r.Streaming.MaxNumTexturesToStreamPerFrame:0]]
[2019.12.04-00.18.50:522][  0]LogConfig: Setting CVar [[r.Streaming.Boost:1]]
[2019.12.04-00.18.50:522][  0]LogConfig: Setting CVar [[r.MaxAnisotropy:8]]
[2019.12.04-00.18.50:522][  0]LogConfig: Setting CVar [[r.Streaming.LimitPoolSizeToVRAM:0]]
[2019.12.04-00.18.50:522][  0]LogConfig: Setting CVar [[r.Streaming.PoolSize:1000]]
[2019.12.04-00.18.50:522][  0]LogConfig: Setting CVar [[r.Streaming.MaxEffectiveScreenSize:0]]
[2019.12.04-00.18.50:522][  0]LogConfig: Applying CVar settings from Section [EffectsQuality@3] File [C:/Users/Bradley/Documents/Unreal Projects/CST438_Space_Game/Saved/Config/Windows/Scalability.ini]
[2019.12.04-00.18.50:522][  0]LogConfig: Setting CVar [[r.TranslucencyLightingVolumeDim:64]]
[2019.12.04-00.18.50:522][  0]LogConfig: Setting CVar [[r.RefractionQuality:2]]
[2019.12.04-00.18.50:522][  0]LogConfig: Setting CVar [[r.SSR.Quality:3]]
[2019.12.04-00.18.50:522][  0]LogConfig: Setting CVar [[r.SceneColorFormat:4]]
[2019.12.04-00.18.50:522][  0]LogConfig: Setting CVar [[r.DetailMode:2]]
[2019.12.04-00.18.50:522][  0]LogConfig: Setting CVar [[r.TranslucencyVolumeBlur:1]]
[2019.12.04-00.18.50:522][  0]LogConfig: Setting CVar [[r.MaterialQualityLevel:1 ; High quality]]
[2019.12.04-00.18.50:522][  0]LogConfig: Setting CVar [[r.SSS.Scale:1]]
[2019.12.04-00.18.50:522][  0]LogConfig: Setting CVar [[r.SSS.SampleSet:2]]
[2019.12.04-00.18.50:522][  0]LogConfig: Setting CVar [[r.SSS.Quality:1]]
[2019.12.04-00.18.50:522][  0]LogConfig: Setting CVar [[r.SSS.HalfRes:1]]
[2019.12.04-00.18.50:522][  0]LogConfig: Setting CVar [[r.EmitterSpawnRateScale:1.0]]
[2019.12.04-00.18.50:522][  0]LogConfig: Setting CVar [[r.ParticleLightQuality:2]]
[2019.12.04-00.18.50:522][  0]LogConfig: Applying CVar settings from Section [FoliageQuality@3] File [C:/Users/Bradley/Documents/Unreal Projects/CST438_Space_Game/Saved/Config/Windows/Scalability.ini]
[2019.12.04-00.18.50:522][  0]LogConfig: Setting CVar [[foliage.DensityScale:1.0]]
[2019.12.04-00.18.50:523][  0]LogConfig: Setting CVar [[grass.DensityScale:1.0]]
[2019.12.04-00.18.50:523][  0]LogInit: Selected Device Profile: [Windows]
[2019.12.04-00.18.50:523][  0]LogInit: Applying CVar settings loaded from the selected device profile: [Windows]
[2019.12.04-00.18.50:525][  0]LogHAL: Display: Platform has ~ 16 GB [17125842944 / 17179869184 / 16], which maps to Larger [LargestMinGB=32, LargerMinGB=12, DefaultMinGB=8, SmallerMinGB=6, SmallestMinGB=0)
[2019.12.04-00.18.50:525][  0]LogInit: Going up to parent DeviceProfile []
[2019.12.04-00.18.50:525][  0]LogConfig: Applying CVar settings from Section [ViewDistanceQuality@3] File [C:/Users/Bradley/Documents/Unreal Projects/CST438_Space_Game/Saved/Config/Windows/Scalability.ini]
[2019.12.04-00.18.50:525][  0]LogConfig: Setting CVar [[r.SkeletalMeshLODBias:0]]
[2019.12.04-00.18.50:525][  0]LogConfig: Setting CVar [[r.ViewDistanceScale:1.0]]
[2019.12.04-00.18.50:526][  0]LogConfig: Applying CVar settings from Section [AntiAliasingQuality@3] File [C:/Users/Bradley/Documents/Unreal Projects/CST438_Space_Game/Saved/Config/Windows/Scalability.ini]
[2019.12.04-00.18.50:526][  0]LogConfig: Setting CVar [[r.PostProcessAAQuality:4]]
[2019.12.04-00.18.50:526][  0]LogConfig: Applying CVar settings from Section [ShadowQuality@3] File [C:/Users/Bradley/Documents/Unreal Projects/CST438_Space_Game/Saved/Config/Windows/Scalability.ini]
[2019.12.04-00.18.50:526][  0]LogConfig: Setting CVar [[r.LightFunctionQuality:1]]
[2019.12.04-00.18.50:526][  0]LogConfig: Setting CVar [[r.ShadowQuality:5]]
[2019.12.04-00.18.50:526][  0]LogConfig: Setting CVar [[r.Shadow.CSM.MaxCascades:10]]
[2019.12.04-00.18.50:526][  0]LogConfig: Setting CVar [[r.Shadow.MaxResolution:2048]]
[2019.12.04-00.18.50:526][  0]LogConfig: Setting CVar [[r.Shadow.MaxCSMResolution:2048]]
[2019.12.04-00.18.50:526][  0]LogConfig: Setting CVar [[r.Shadow.RadiusThreshold:0.01]]
[2019.12.04-00.18.50:526][  0]LogConfig: Setting CVar [[r.Shadow.DistanceScale:1.0]]
[2019.12.04-00.18.50:526][  0]LogConfig: Setting CVar [[r.Shadow.CSM.TransitionScale:1.0]]
[2019.12.04-00.18.50:526][  0]LogConfig: Setting CVar [[r.Shadow.PreShadowResolutionFactor:1.0]]
[2019.12.04-00.18.50:526][  0]LogConfig: Setting CVar [[r.DistanceFieldShadowing:1]]
[2019.12.04-00.18.50:526][  0]LogConfig: Setting CVar [[r.DistanceFieldAO:1]]
[2019.12.04-00.18.50:526][  0]LogConfig: Setting CVar [[r.AOQuality:2]]
[2019.12.04-00.18.50:526][  0]LogConfig: Setting CVar [[r.VolumetricFog:1]]
[2019.12.04-00.18.50:526][  0]LogConfig: Setting CVar [[r.VolumetricFog.GridPixelSize:8]]
[2019.12.04-00.18.50:526][  0]LogConfig: Setting CVar [[r.VolumetricFog.GridSizeZ:128]]
[2019.12.04-00.18.50:526][  0]LogConfig: Setting CVar [[r.VolumetricFog.HistoryMissSupersampleCount:4]]
[2019.12.04-00.18.50:526][  0]LogConfig: Setting CVar [[r.LightMaxDrawDistanceScale:1]]
[2019.12.04-00.18.50:526][  0]LogConfig: Setting CVar [[r.CapsuleShadows:1]]
[2019.12.04-00.18.50:526][  0]LogConfig: Applying CVar settings from Section [PostProcessQuality@3] File [C:/Users/Bradley/Documents/Unreal Projects/CST438_Space_Game/Saved/Config/Windows/Scalability.ini]
[2019.12.04-00.18.50:526][  0]LogConfig: Setting CVar [[r.MotionBlurQuality:4]]
[2019.12.04-00.18.50:526][  0]LogConfig: Setting CVar [[r.AmbientOcclusionMipLevelFactor:0.4]]
[2019.12.04-00.18.50:526][  0]LogConfig: Setting CVar [[r.AmbientOcclusionMaxQuality:100]]
[2019.12.04-00.18.50:526][  0]LogConfig: Setting CVar [[r.AmbientOcclusionLevels:-1]]
[2019.12.04-00.18.50:526][  0]LogConfig: Setting CVar [[r.AmbientOcclusionRadiusScale:1.0]]
[2019.12.04-00.18.50:526][  0]LogConfig: Setting CVar [[r.DepthOfFieldQuality:2]]
[2019.12.04-00.18.50:526][  0]LogConfig: Setting CVar [[r.RenderTargetPoolMin:400]]
[2019.12.04-00.18.50:526][  0]LogConfig: Setting CVar [[r.LensFlareQuality:2]]
[2019.12.04-00.18.50:526][  0]LogConfig: Setting CVar [[r.SceneColorFringeQuality:1]]
[2019.12.04-00.18.50:526][  0]LogConfig: Setting CVar [[r.EyeAdaptationQuality:2]]
[2019.12.04-00.18.50:526][  0]LogConfig: Setting CVar [[r.BloomQuality:5]]
[2019.12.04-00.18.50:526][  0]LogConfig: Setting CVar [[r.FastBlurThreshold:100]]
[2019.12.04-00.18.50:526][  0]LogConfig: Setting CVar [[r.Upscale.Quality:3]]
[2019.12.04-00.18.50:526][  0]LogConfig: Setting CVar [[r.Tonemapper.GrainQuantization:1]]
[2019.12.04-00.18.50:526][  0]LogConfig: Setting CVar [[r.LightShaftQuality:1]]
[2019.12.04-00.18.50:526][  0]LogConfig: Setting CVar [[r.Filter.SizeScale:1]]
[2019.12.04-00.18.50:526][  0]LogConfig: Setting CVar [[r.Tonemapper.Quality:5]]
[2019.12.04-00.18.50:526][  0]LogConfig: Setting CVar [[r.DOF.Gather.AccumulatorQuality:1        ; higher gathering accumulator quality]]
[2019.12.04-00.18.50:526][  0]LogConfig: Setting CVar [[r.DOF.Gather.PostfilterMethod:1          ; Median3x3 postfilering method]]
[2019.12.04-00.18.50:526][  0]LogConfig: Setting CVar [[r.DOF.Gather.EnableBokehSettings:0       ; no bokeh simulation when gathering]]
[2019.12.04-00.18.50:526][  0]LogConfig: Setting CVar [[r.DOF.Gather.RingCount:4                 ; medium number of samples when gathering]]
[2019.12.04-00.18.50:526][  0]LogConfig: Setting CVar [[r.DOF.Scatter.ForegroundCompositing:1    ; additive foreground scattering]]
[2019.12.04-00.18.50:526][  0]LogConfig: Setting CVar [[r.DOF.Scatter.BackgroundCompositing:2    ; additive background scattering]]
[2019.12.04-00.18.50:526][  0]LogConfig: Setting CVar [[r.DOF.Scatter.EnableBokehSettings:1      ; bokeh simulation when scattering]]
[2019.12.04-00.18.50:526][  0]LogConfig: Setting CVar [[r.DOF.Scatter.MaxSpriteRatio:0.1         ; only a maximum of 10% of scattered bokeh]]
[2019.12.04-00.18.50:526][  0]LogConfig: Setting CVar [[r.DOF.Recombine.Quality:1                ; cheap slight out of focus]]
[2019.12.04-00.18.50:526][  0]LogConfig: Setting CVar [[r.DOF.Recombine.EnableBokehSettings:0    ; no bokeh simulation on slight out of focus]]
[2019.12.04-00.18.50:526][  0]LogConfig: Setting CVar [[r.DOF.TemporalAAQuality:1                ; more stable temporal accumulation]]
[2019.12.04-00.18.50:526][  0]LogConfig: Setting CVar [[r.DOF.Kernel.MaxForegroundRadius:0.025]]
[2019.12.04-00.18.50:526][  0]LogConfig: Setting CVar [[r.DOF.Kernel.MaxBackgroundRadius:0.025]]
[2019.12.04-00.18.50:526][  0]LogConfig: Applying CVar settings from Section [TextureQuality@3] File [C:/Users/Bradley/Documents/Unreal Projects/CST438_Space_Game/Saved/Config/Windows/Scalability.ini]
[2019.12.04-00.18.50:526][  0]LogConfig: Setting CVar [[r.Streaming.MipBias:0]]
[2019.12.04-00.18.50:526][  0]LogConfig: Setting CVar [[r.Streaming.AmortizeCPUToGPUCopy:0]]
[2019.12.04-00.18.50:526][  0]LogConfig: Setting CVar [[r.Streaming.MaxNumTexturesToStreamPerFrame:0]]
[2019.12.04-00.18.50:526][  0]LogConfig: Setting CVar [[r.Streaming.Boost:1]]
[2019.12.04-00.18.50:526][  0]LogConfig: Setting CVar [[r.MaxAnisotropy:8]]
[2019.12.04-00.18.50:526][  0]LogConfig: Setting CVar [[r.Streaming.LimitPoolSizeToVRAM:0]]
[2019.12.04-00.18.50:526][  0]LogConfig: Setting CVar [[r.Streaming.PoolSize:1000]]
[2019.12.04-00.18.50:526][  0]LogConfig: Setting CVar [[r.Streaming.MaxEffectiveScreenSize:0]]
[2019.12.04-00.18.50:526][  0]LogConfig: Applying CVar settings from Section [EffectsQuality@3] File [C:/Users/Bradley/Documents/Unreal Projects/CST438_Space_Game/Saved/Config/Windows/Scalability.ini]
[2019.12.04-00.18.50:526][  0]LogConfig: Setting CVar [[r.TranslucencyLightingVolumeDim:64]]
[2019.12.04-00.18.50:526][  0]LogConfig: Setting CVar [[r.RefractionQuality:2]]
[2019.12.04-00.18.50:526][  0]LogConfig: Setting CVar [[r.SSR.Quality:3]]
[2019.12.04-00.18.50:526][  0]LogConfig: Setting CVar [[r.SceneColorFormat:4]]
[2019.12.04-00.18.50:526][  0]LogConfig: Setting CVar [[r.DetailMode:2]]
[2019.12.04-00.18.50:526][  0]LogConfig: Setting CVar [[r.TranslucencyVolumeBlur:1]]
[2019.12.04-00.18.50:527][  0]LogConfig: Setting CVar [[r.MaterialQualityLevel:1 ; High quality]]
[2019.12.04-00.18.50:527][  0]LogConfig: Setting CVar [[r.SSS.Scale:1]]
[2019.12.04-00.18.50:527][  0]LogConfig: Setting CVar [[r.SSS.SampleSet:2]]
[2019.12.04-00.18.50:527][  0]LogConfig: Setting CVar [[r.SSS.Quality:1]]
[2019.12.04-00.18.50:527][  0]LogConfig: Setting CVar [[r.SSS.HalfRes:1]]
[2019.12.04-00.18.50:527][  0]LogConfig: Setting CVar [[r.EmitterSpawnRateScale:1.0]]
[2019.12.04-00.18.50:527][  0]LogConfig: Setting CVar [[r.ParticleLightQuality:2]]
[2019.12.04-00.18.50:527][  0]LogConfig: Applying CVar settings from Section [FoliageQuality@3] File [C:/Users/Bradley/Documents/Unreal Projects/CST438_Space_Game/Saved/Config/Windows/Scalability.ini]
[2019.12.04-00.18.50:527][  0]LogConfig: Setting CVar [[foliage.DensityScale:1.0]]
[2019.12.04-00.18.50:527][  0]LogConfig: Setting CVar [[grass.DensityScale:1.0]]
[2019.12.04-00.18.50:527][  0]LogConfig: Applying CVar settings from Section [Startup] File [../../../Engine/Config/ConsoleVariables.ini]
[2019.12.04-00.18.50:527][  0]LogConfig: Setting CVar [[net.UseAdaptiveNetUpdateFrequency:0]]
[2019.12.04-00.18.50:527][  0]LogConfig: Setting CVar [[p.chaos.AllowCreatePhysxBodies:1]]
[2019.12.04-00.18.50:527][  0]LogConfig: Applying CVar settings from Section [ConsoleVariables] File [C:/Users/Bradley/Documents/Unreal Projects/CST438_Space_Game/Saved/Config/Windows/Engine.ini]
[2019.12.04-00.18.50:527][  0]LogInit: Computer: DESKTOP-MV7BAV3
[2019.12.04-00.18.50:527][  0]LogInit: User: Bradley
[2019.12.04-00.18.50:527][  0]LogInit: CPU Page size=4096, Cores=6
[2019.12.04-00.18.50:527][  0]LogInit: High frequency timer resolution =10.000000 MHz
[2019.12.04-00.18.50:527][  0]LogMemory: Memory total: Physical=15.9GB (16GB approx)
[2019.12.04-00.18.50:527][  0]LogMemory: Platform Memory Stats for Windows
[2019.12.04-00.18.50:527][  0]LogMemory: Process Physical Memory: 101.83 MB used, 101.84 MB peak
[2019.12.04-00.18.50:527][  0]LogMemory: Process Virtual Memory: 101.50 MB used, 101.50 MB peak
[2019.12.04-00.18.50:527][  0]LogMemory: Physical Memory: 8501.43 MB used,  7831.04 MB free, 16332.48 MB total
[2019.12.04-00.18.50:527][  0]LogMemory: Virtual Memory: 4686.78 MB used,  134213040.00 MB free, 134217728.00 MB total
[2019.12.04-00.18.50:531][  0]LogWindows: WindowsPlatformFeatures enabled
[2019.12.04-00.18.50:554][  0]LogInit: Using OS detected language (en-US).
[2019.12.04-00.18.50:554][  0]LogInit: Using OS detected locale (en-US).
[2019.12.04-00.18.50:555][  0]LogTextLocalizationManager: No specific localization for 'en-US' exists, so the 'en' localization will be used.
[2019.12.04-00.18.50:718][  0]LogInit: Setting process to per monitor DPI aware
[2019.12.04-00.18.50:755][  0]LogSlate: New Slate User Created.  User Index 0, Is Virtual User: 0
[2019.12.04-00.18.50:755][  0]LogSlate: Slate User Registered.  User Index 0, Is Virtual User: 0
[2019.12.04-00.18.50:933][  0]LogHMD: Failed to initialize OpenVR with code 110
[2019.12.04-00.18.50:933][  0]LogD3D11RHI: D3D11 adapters:
[2019.12.04-00.18.51:028][  0]LogD3D11RHI:    0. 'NVIDIA GeForce GTX 1650' (Feature Level 11_0)
[2019.12.04-00.18.51:028][  0]LogD3D11RHI:       3962/0/8166 MB DedicatedVideo/DedicatedSystem/SharedSystem, Outputs:1, VendorId:0x10de
[2019.12.04-00.18.51:030][  0]LogD3D11RHI:    1. 'Microsoft Basic Render Driver' (Feature Level 11_0)
[2019.12.04-00.18.51:030][  0]LogD3D11RHI:       0/0/8166 MB DedicatedVideo/DedicatedSystem/SharedSystem, Outputs:0, VendorId:0x1414
[2019.12.04-00.18.51:030][  0]LogD3D11RHI: Chosen D3D11 Adapter: 0
[2019.12.04-00.18.51:040][  0]LogD3D11RHI: Creating new Direct3DDevice
[2019.12.04-00.18.51:040][  0]LogD3D11RHI:     GPU DeviceId: 0x1f82 (for the marketing name, search the web for "GPU Device Id")
[2019.12.04-00.18.51:040][  0]LogWindows: EnumDisplayDevices:
[2019.12.04-00.18.51:040][  0]LogWindows:    0. 'NVIDIA GeForce GTX 1650' (P:1 D:1)
[2019.12.04-00.18.51:040][  0]LogWindows:    1. 'NVIDIA GeForce GTX 1650' (P:0 D:0)
[2019.12.04-00.18.51:040][  0]LogWindows:    2. 'NVIDIA GeForce GTX 1650' (P:0 D:0)
[2019.12.04-00.18.51:041][  0]LogWindows:    3. 'NVIDIA GeForce GTX 1650' (P:0 D:0)
[2019.12.04-00.18.51:041][  0]LogWindows: DebugString: FoundDriverCount:4 
[2019.12.04-00.18.51:041][  0]LogD3D11RHI:     Adapter Name: NVIDIA GeForce GTX 1650
[2019.12.04-00.18.51:041][  0]LogD3D11RHI:   Driver Version: 436.02 (internal:26.21.14.3602, unified:436.02)
[2019.12.04-00.18.51:041][  0]LogD3D11RHI:      Driver Date: 8-16-2019
[2019.12.04-00.18.51:041][  0]LogRHI: Texture pool is 2773 MB (70% of 3962 MB)
[2019.12.04-00.18.51:105][  0]LogD3D11RHI: Async texture creation enabled
[2019.12.04-00.18.51:128][  0]LogD3D11RHI: GPU Timing Frequency: 1000.000000 (Debug: 2 1)
[2019.12.04-00.18.51:717][  0]LogTemp: Display: Module 'AllDesktopTargetPlatform' loaded TargetPlatform 'AllDesktop'
[2019.12.04-00.18.51:726][  0]LogTemp: Display: Module 'MacClientTargetPlatform' loaded TargetPlatform 'MacClient'
[2019.12.04-00.18.51:734][  0]LogTemp: Display: Module 'MacNoEditorTargetPlatform' loaded TargetPlatform 'MacNoEditor'
[2019.12.04-00.18.51:742][  0]LogTemp: Display: Module 'MacServerTargetPlatform' loaded TargetPlatform 'MacServer'
[2019.12.04-00.18.51:752][  0]LogTemp: Display: Module 'MacTargetPlatform' loaded TargetPlatform 'Mac'
[2019.12.04-00.18.51:761][  0]LogTemp: Display: Module 'WindowsClientTargetPlatform' loaded TargetPlatform 'WindowsClient'
[2019.12.04-00.18.51:772][  0]LogTemp: Display: Module 'WindowsNoEditorTargetPlatform' loaded TargetPlatform 'WindowsNoEditor'
[2019.12.04-00.18.51:782][  0]LogTemp: Display: Module 'WindowsServerTargetPlatform' loaded TargetPlatform 'WindowsServer'
[2019.12.04-00.18.51:786][  0]LogTemp: Display: Module 'WindowsTargetPlatform' loaded TargetPlatform 'Windows'
[2019.12.04-00.18.51:825][  0]LogTemp: Display: Module 'AndroidTargetPlatform' loaded TargetPlatform 'Android'
[2019.12.04-00.18.51:825][  0]LogTemp: Display: Module 'AndroidTargetPlatform' loaded TargetPlatform 'Android_ASTC'
[2019.12.04-00.18.51:825][  0]LogTemp: Display: Module 'AndroidTargetPlatform' loaded TargetPlatform 'Android_ATC'
[2019.12.04-00.18.51:826][  0]LogTemp: Display: Module 'AndroidTargetPlatform' loaded TargetPlatform 'Android_DXT'
[2019.12.04-00.18.51:826][  0]LogTemp: Display: Module 'AndroidTargetPlatform' loaded TargetPlatform 'Android_ETC1'
[2019.12.04-00.18.51:826][  0]LogTemp: Display: Module 'AndroidTargetPlatform' loaded TargetPlatform 'Android_ETC1a'
[2019.12.04-00.18.51:826][  0]LogTemp: Display: Module 'AndroidTargetPlatform' loaded TargetPlatform 'Android_ETC2'
[2019.12.04-00.18.51:826][  0]LogTemp: Display: Module 'AndroidTargetPlatform' loaded TargetPlatform 'Android_PVRTC'
[2019.12.04-00.18.51:826][  0]LogTemp: Display: Module 'AndroidTargetPlatform' loaded TargetPlatform 'AndroidClient'
[2019.12.04-00.18.51:826][  0]LogTemp: Display: Module 'AndroidTargetPlatform' loaded TargetPlatform 'Android_ASTCClient'
[2019.12.04-00.18.51:826][  0]LogTemp: Display: Module 'AndroidTargetPlatform' loaded TargetPlatform 'Android_ATCClient'
[2019.12.04-00.18.51:826][  0]LogTemp: Display: Module 'AndroidTargetPlatform' loaded TargetPlatform 'Android_DXTClient'
[2019.12.04-00.18.51:826][  0]LogTemp: Display: Module 'AndroidTargetPlatform' loaded TargetPlatform 'Android_ETC1Client'
[2019.12.04-00.18.51:826][  0]LogTemp: Display: Module 'AndroidTargetPlatform' loaded TargetPlatform 'Android_ETC1aClient'
[2019.12.04-00.18.51:826][  0]LogTemp: Display: Module 'AndroidTargetPlatform' loaded TargetPlatform 'Android_ETC2Client'
[2019.12.04-00.18.51:826][  0]LogTemp: Display: Module 'AndroidTargetPlatform' loaded TargetPlatform 'Android_PVRTCClient'
[2019.12.04-00.18.51:826][  0]LogTemp: Display: Module 'AndroidTargetPlatform' loaded TargetPlatform 'Android_Multi'
[2019.12.04-00.18.51:826][  0]LogTemp: Display: Module 'AndroidTargetPlatform' loaded TargetPlatform 'Android_MultiClient'
[2019.12.04-00.18.51:827][  0]LogTemp: Display: Module 'HTML5TargetPlatform' loaded TargetPlatform 'HTML5'
[2019.12.04-00.18.51:862][  0]LogTemp: Display: Module 'IOSTargetPlatform' loaded TargetPlatform 'IOSClient'
[2019.12.04-00.18.51:862][  0]LogTemp: Display: Module 'IOSTargetPlatform' loaded TargetPlatform 'IOS'
[2019.12.04-00.18.51:877][  0]LogTemp: Display: Module 'TVOSTargetPlatform' loaded TargetPlatform 'TVOSClient'
[2019.12.04-00.18.51:877][  0]LogTemp: Display: Module 'TVOSTargetPlatform' loaded TargetPlatform 'TVOS'
[2019.12.04-00.18.51:884][  0]LogTemp: Display: Module 'LinuxClientTargetPlatform' loaded TargetPlatform 'LinuxClient'
[2019.12.04-00.18.51:892][  0]LogTemp: Display: Module 'LinuxNoEditorTargetPlatform' loaded TargetPlatform 'LinuxNoEditor'
[2019.12.04-00.18.51:899][  0]LogTemp: Display: Module 'LinuxServerTargetPlatform' loaded TargetPlatform 'LinuxServer'
[2019.12.04-00.18.51:908][  0]LogTemp: Display: Module 'LinuxTargetPlatform' loaded TargetPlatform 'Linux'
[2019.12.04-00.18.51:933][  0]LogTemp: Display: Module 'LuminTargetPlatform' loaded TargetPlatform 'Lumin'
[2019.12.04-00.18.51:933][  0]LogTemp: Display: Module 'LuminTargetPlatform' loaded TargetPlatform 'LuminClient'
[2019.12.04-00.18.51:933][  0]LogTargetPlatformManager: Display: Building Assets For Windows
[2019.12.04-00.18.51:941][  0]LogAudioDebug: Display: Lib vorbis DLL was dynamically loaded.
[2019.12.04-00.18.51:992][  0]LogShaderCompilers: Guid format shader working directory is -12 characters bigger than the processId version (C:/Users/Bradley/Documents/Unreal Projects/CST438_Space_Game/Intermediate/Shaders/WorkingDirectory/7488/).
[2019.12.04-00.18.51:992][  0]LogShaderCompilers: Cleaned the shader compiler working directory 'C:/Users/Bradley/AppData/Local/Temp/UnrealShaderWorkingDir/B0C1B39A4AFA510B9079238EB2C5C22C/'.
[2019.12.04-00.18.51:994][  0]LogXGEController: Cleaning working directory: C:/Users/Bradley/AppData/Local/Temp/UnrealXGEWorkingDir/
[2019.12.04-00.18.51:994][  0]LogXGEController: Cannot use XGE Controller as Incredibuild is not installed on this machine.
[2019.12.04-00.18.51:994][  0]LogShaderCompilers: Cannot use XGE Shader Compiler as Incredibuild is not installed on this machine.
[2019.12.04-00.18.51:994][  0]LogShaderCompilers: Display: Using Local Shader Compiler.
[2019.12.04-00.18.52:701][  0]LogDerivedDataCache: Display: Max Cache Size: 512 MB
[2019.12.04-00.18.52:995][  0]LogDerivedDataCache: Loaded boot cache 0.29s 73MB C:/Users/Bradley/AppData/Local/UnrealEngine/4.23/DerivedDataCache/Boot.ddc.
[2019.12.04-00.18.52:995][  0]LogDerivedDataCache: Display: Loaded Boot cache: C:/Users/Bradley/AppData/Local/UnrealEngine/4.23/DerivedDataCache/Boot.ddc
[2019.12.04-00.18.52:995][  0]LogDerivedDataCache: FDerivedDataBackendGraph:  Pak pak cache file C:/Users/Bradley/Documents/Unreal Projects/CST438_Space_Game/DerivedDataCache/DDC.ddp not found, will not use a pak cache.
[2019.12.04-00.18.52:995][  0]LogDerivedDataCache: Unable to find inner node Pak for hierarchical cache Hierarchy.
[2019.12.04-00.18.52:995][  0]LogDerivedDataCache: FDerivedDataBackendGraph:  CompressedPak pak cache file C:/Users/Bradley/Documents/Unreal Projects/CST438_Space_Game/DerivedDataCache/Compressed.ddp not found, will not use a pak cache.
[2019.12.04-00.18.52:995][  0]LogDerivedDataCache: Unable to find inner node CompressedPak for hierarchical cache Hierarchy.
[2019.12.04-00.18.53:007][  0]LogDerivedDataCache: Display: Pak cache opened for reading ../../../Engine/DerivedDataCache/Compressed.ddp.
[2019.12.04-00.18.53:007][  0]LogDerivedDataCache: FDerivedDataBackendGraph:  EnterprisePak pak cache file ../../../Enterprise/DerivedDataCache/Compressed.ddp not found, will not use a pak cache.
[2019.12.04-00.18.53:007][  0]LogDerivedDataCache: Unable to find inner node EnterprisePak for hierarchical cache Hierarchy.
[2019.12.04-00.18.53:009][  0]LogDerivedDataCache: Using Local data cache path C:/Users/Bradley/AppData/Local/UnrealEngine/Common/DerivedDataCache: Writable
[2019.12.04-00.18.53:009][  0]LogDerivedDataCache: Shared data cache path not found in *engine.ini, will not use an Shared cache.
[2019.12.04-00.18.53:009][  0]LogDerivedDataCache: Unable to find inner node Shared for hierarchical cache Hierarchy.
[2019.12.04-00.18.53:031][  0]LogMaterial: Verifying Global Shaders for PCD3D_SM5
[2019.12.04-00.18.53:035][  0]LogSlate: Using FreeType 2.6.0
[2019.12.04-00.18.53:050][  0]LogSlate: SlateFontServices - WITH_FREETYPE: 1, WITH_HARFBUZZ: 1
[2019.12.04-00.18.53:263][  0]LogAssetRegistry: FAssetRegistry took 0.0027 seconds to start up
[2019.12.04-00.18.53:582][  0]LogInit: Selected Device Profile: [Windows]
[2019.12.04-00.18.53:735][  0]LogMeshReduction: Using QuadricMeshReduction for automatic static mesh reduction
[2019.12.04-00.18.53:735][  0]LogMeshReduction: Using SimplygonMeshReduction for automatic skeletal mesh reduction
[2019.12.04-00.18.53:735][  0]LogMeshReduction: Using ProxyLODMeshReduction for automatic mesh merging
[2019.12.04-00.18.53:735][  0]LogMeshReduction: No distributed automatic mesh merging module available
[2019.12.04-00.18.53:735][  0]LogMeshMerging: No distributed automatic mesh merging module available
[2019.12.04-00.18.53:752][  0]LogNetVersion: CST438_Space_Game 1.0.0, NetCL: 8386587, EngineNetVer: 11, GameNetVer: 0 (Checksum: 1485668743)
[2019.12.04-00.18.54:287][  0]LogPackageLocalizationCache: Processed 12 localized package path(s) for 1 prioritized culture(s) in 0.072445 seconds
[2019.12.04-00.18.54:295][  0]LogUObjectArray: 43444 objects as part of root set at end of initial load.
[2019.12.04-00.18.54:296][  0]LogUObjectAllocator: 7548648 out of 0 bytes used by permanent object pool.
[2019.12.04-00.18.54:296][  0]LogUObjectArray: CloseDisregardForGC: 0/0 objects in disregard for GC pool
[2019.12.04-00.18.57:480][  0]LogTcpMessaging: Initializing TcpMessaging bridge
[2019.12.04-00.18.57:483][  0]LogUdpMessaging: Initializing bridge on interface 0.0.0.0:0 to multicast group 230.0.0.1:6666.
[2019.12.04-00.18.57:547][  0]SourceControl: Source control is disabled
[2019.12.04-00.18.58:790][  0]LogAndroidPermission: UAndroidPermissionCallbackProxy::GetInstance
[2019.12.04-00.18.59:024][  0]LogOcInput: OculusInput pre-init called
[2019.12.04-00.18.59:030][  0]LogWindows: Failed to load 'OVRPlugin.dll' (GetLastError=126)
[2019.12.04-00.18.59:030][  0]LogWindows: File 'OVRPlugin.dll' does not exist
[2019.12.04-00.18.59:115][  0]LogEngine: Initializing Engine...
[2019.12.04-00.18.59:116][  0]LogHMD: Failed to initialize OpenVR with code 110
[2019.12.04-00.18.59:117][  0]LogStats: UGameplayTagsManager::InitializeManager -  0.000 s
[2019.12.04-00.18.59:353][  0]LogInit: Initializing FReadOnlyCVARCache
[2019.12.04-00.18.59:366][  0]LogAIModule: Creating AISystem for world Untitled
[2019.12.04-00.18.59:469][  0]LogInit: XAudio2 using 'Speakers (USB Audio Device)' : 2 channels at 48 kHz using 16 bits per sample (channel mask 0x3)
[2019.12.04-00.18.59:494][  0]LogInit: FAudioDevice initialized.
[2019.12.04-00.18.59:494][  0]LogNetVersion: Set ProjectVersion to 1.0.0.0. Version Checksum will be recalculated on next use.
[2019.12.04-00.18.59:785][  0]LogDerivedDataCache: Saved boot cache 0.29s 73MB C:/Users/Bradley/AppData/Local/UnrealEngine/4.23/DerivedDataCache/Boot.ddc.
[2019.12.04-00.18.59:795][  0]LogInit: Texture streaming: Enabled
[2019.12.04-00.18.59:811][  0]LogEngineSessionManager: EngineSessionManager initialized
[2019.12.04-00.18.59:811][  0]LogEditorSessionSummary: Verbose: Initializing EditorSessionSummaryWriter for editor session tracking
[2019.12.04-00.18.59:812][  0]LogEditorSessionSummary: EditorSessionSummaryWriter initialized
[2019.12.04-00.18.59:888][  0]LogInit: Transaction tracking system initialized
[2019.12.04-00.18.59:913][  0]BlueprintLog: New page: Editor Load
[2019.12.04-00.18.59:994][  0]LocalizationService: Localization service is disabled
[2019.12.04-00.19.00:244][  0]LogFileCache: Scanning file cache for directory 'C:/Users/Bradley/Documents/Unreal Projects/CST438_Space_Game/Content/' took 0.01s
[2019.12.04-00.19.00:244][  0]LogCook: Display: Max memory allowance for cook 16384mb min free memory 0mb
[2019.12.04-00.19.00:244][  0]LogCook: Display: Mobile HDR setting 1
[2019.12.04-00.19.00:615][  0]Cmd: MAP LOAD FILE="C:/Users/Bradley/Documents/Unreal Projects/CST438_Space_Game/Content/ThirdPersonBP/Maps/ThirdPersonExampleMap.umap" TEMPLATE=0 SHOWPROGRESS=1 FEATURELEVEL=3
[2019.12.04-00.19.00:615][  0]LightingResults: New page: Lighting Build
[2019.12.04-00.19.00:617][  0]LogWorld: UWorld::CleanupWorld for Untitled, bSessionEnded=true, bCleanupResources=true
[2019.12.04-00.19.00:618][  0]MapCheck: New page: Map Check
[2019.12.04-00.19.00:618][  0]LightingResults: New page: Lighting Build
[2019.12.04-00.19.00:654][  0]LogUObjectHash: Compacting FUObjectHashTables data took   2.34ms
[2019.12.04-00.19.01:456][  0]LogAIModule: Creating AISystem for world ThirdPersonExampleMap
[2019.12.04-00.19.01:471][  0]LogEditorServer: Finished looking for orphan Actors (0.000 secs)
[2019.12.04-00.19.01:513][  0]LogUObjectHash: Compacting FUObjectHashTables data took   2.34ms
[2019.12.04-00.19.01:513][  0]Cmd: MAP CHECKDEP NOCLEARLOG
[2019.12.04-00.19.01:513][  0]MapCheck: Map check complete: 0 Error(s), 0 Warning(s), took 0.224ms to complete.
[2019.12.04-00.19.01:513][  0]LogFileHelpers: Loading map 'ThirdPersonExampleMap' took 0.899
[2019.12.04-00.19.01:674][  0]LogSlate: Updating window title bar state: overlay mode, drag disabled, window buttons hidden, title bar hidden
[2019.12.04-00.19.01:683][  0]LogSlate: Updating window title bar state: overlay mode, drag disabled, window buttons hidden, title bar hidden
[2019.12.04-00.19.01:694][  0]LogSlate: Updating window title bar state: overlay mode, drag disabled, window buttons hidden, title bar hidden
[2019.12.04-00.19.01:705][  0]LogSlate: Updating window title bar state: overlay mode, drag disabled, window buttons hidden, title bar hidden
[2019.12.04-00.19.01:711][  0]LogCollectionManager: Loaded 0 collections in 0.001580 seconds
[2019.12.04-00.19.01:718][  0]LogFileCache: Scanning file cache for directory 'C:/Users/Bradley/Documents/Unreal Projects/CST438_Space_Game/Saved/Collections/' took 0.00s
[2019.12.04-00.19.01:718][  0]LogFileCache: Scanning file cache for directory 'C:/Users/Bradley/Documents/Unreal Projects/CST438_Space_Game/Content/Developers/Bradley/Collections/' took 0.00s
[2019.12.04-00.19.01:718][  0]LogFileCache: Scanning file cache for directory 'C:/Users/Bradley/Documents/Unreal Projects/CST438_Space_Game/Content/Collections/' took 0.00s
[2019.12.04-00.19.01:718][  0]LogCollectionManager: Rebuilt the GUID cache for 0 collections in 0.000004 seconds
[2019.12.04-00.19.01:730][  0]LogContentBrowser: Native class hierarchy populated in 0.0119 seconds. Added 2865 classes and 683 folders.
[2019.12.04-00.19.01:740][  0]LogContentBrowser: Native class hierarchy updated for 'WidgetCarousel' in 0.0003 seconds. Added 0 classes and 0 folders.
[2019.12.04-00.19.02:045][  0]LogContentBrowser: Native class hierarchy updated for 'AddContentDialog' in 0.0003 seconds. Added 0 classes and 0 folders.
[2019.12.04-00.19.02:051][  0]LogContentBrowser: Native class hierarchy updated for 'SceneOutliner' in 0.0004 seconds. Added 1 classes and 2 folders.
[2019.12.04-00.19.02:072][  0]LogSlate: Took 0.005729 seconds to synchronously load lazily loaded font '../../../Engine/Content/Slate/Fonts/Roboto-Regular.ttf' (155K)
[2019.12.04-00.19.02:088][  0]LogSlate: Took 0.013636 seconds to synchronously load lazily loaded font '../../../Engine/Content/Slate/Fonts/Roboto-Bold.ttf' (160K)
[2019.12.04-00.19.02:115][  0]LogSlate: Took 0.022417 seconds to synchronously load lazily loaded font '../../../Engine/Content/Editor/Slate/Fonts/FontAwesome.ttf' (139K)
[2019.12.04-00.19.02:175][  0]LogRenderer: Reallocating scene render targets to support 1208x572 Format 10 NumSamples 1 (Frame:1).
[2019.12.04-00.19.02:331][  0]LogContentBrowser: Native class hierarchy updated for 'HierarchicalLODOutliner' in 0.0003 seconds. Added 0 classes and 0 folders.
[2019.12.04-00.19.02:331][  0]LogLoad: (Engine Initialization) Total time: 12.76 seconds
[2019.12.04-00.19.02:331][  0]LogLoad: (Engine Initialization) Total Blueprint compile time: 0.00 seconds
[2019.12.04-00.19.02:461][  0]LogContentStreaming: Texture pool size now 1000 MB
[2019.12.04-00.19.02:524][  0]LogSlate: Took 0.006090 seconds to synchronously load lazily loaded font '../../../Engine/Content/Slate/Fonts/Roboto-Light.ttf' (167K)
[2019.12.04-00.19.03:133][  9]LogAssetRegistry: Asset discovery search completed in 9.8707 seconds
[2019.12.04-00.19.03:136][  9]LogCollectionManager: Rebuilt the object cache for 0 collections in 0.000014 seconds (found 0 objects)
[2019.12.04-00.19.03:136][  9]LogCollectionManager: Fixed up redirectors for 0 collections in 0.000149 seconds (updated 0 objects)
[2019.12.04-00.19.03:722][ 30]LogSlate: Took 0.000176 seconds to synchronously load lazily loaded font '../../../Engine/Content/Slate/Fonts/Roboto-Light.ttf' (167K)
[2019.12.04-00.19.04:626][133]LogSlate: FSceneViewport::OnFocusLost() reason 0
[2019.12.04-00.19.04:717][144]LogTemp: Repeating last play command: Selected Viewport
[2019.12.04-00.19.04:733][144]LogBlueprintUserMessages: Early PlayInEditor Detection: Level '/Game/ThirdPersonBP/Maps/ThirdPersonExampleMap.ThirdPersonExampleMap:PersistentLevel' has LevelScriptBlueprint '/Game/ThirdPersonBP/Maps/ThirdPersonExampleMap.ThirdPersonExampleMap:PersistentLevel.ThirdPersonExampleMap' with GeneratedClass '/Game/ThirdPersonBP/Maps/ThirdPersonExampleMap.ThirdPersonExampleMap_C' with ClassGeneratedBy '/Game/ThirdPersonBP/Maps/ThirdPersonExampleMap.ThirdPersonExampleMap:PersistentLevel.ThirdPersonExampleMap'
[2019.12.04-00.19.04:734][144]LogPlayLevel: PlayLevel: No blueprints needed recompiling
[2019.12.04-00.19.04:734][144]PIE: New page: PIE session: ThirdPersonExampleMap (Dec 3, 2019, 8:19:04 AM)
[2019.12.04-00.19.04:735][144]LogOnline: OSS: Creating online subsystem instance for: NULL
[2019.12.04-00.19.04:736][144]LogPlayLevel: Creating play world package: /Game/ThirdPersonBP/Maps/UEDPIE_0_ThirdPersonExampleMap
[2019.12.04-00.19.04:752][144]LogPlayLevel: PIE: StaticDuplicateObject took: (0.015816s)
[2019.12.04-00.19.04:753][144]LogAIModule: Creating AISystem for world ThirdPersonExampleMap
[2019.12.04-00.19.04:753][144]LogPlayLevel: PIE: World Init took: (0.001540s)
[2019.12.04-00.19.04:753][144]LogPlayLevel: PIE: Created PIE world by copying editor world from /Game/ThirdPersonBP/Maps/ThirdPersonExampleMap.ThirdPersonExampleMap to /Game/ThirdPersonBP/Maps/UEDPIE_0_ThirdPersonExampleMap.ThirdPersonExampleMap (0.017672s)
[2019.12.04-00.19.04:792][144]LogUObjectHash: Compacting FUObjectHashTables data took   1.68ms
[2019.12.04-00.19.04:813][144]LogInit: XAudio2 using 'Speakers (USB Audio Device)' : 2 channels at 48 kHz using 16 bits per sample (channel mask 0x3)
[2019.12.04-00.19.04:827][144]LogInit: FAudioDevice initialized.
[2019.12.04-00.19.04:836][144]LogLoad: Game class is 'ThirdPersonGameMode_C'
[2019.12.04-00.19.04:839][144]LogWorld: Bringing World /Game/ThirdPersonBP/Maps/UEDPIE_0_ThirdPersonExampleMap.ThirdPersonExampleMap up for play (max tick rate 0) at 2019.12.03-16.19.04
[2019.12.04-00.19.04:839][144]LogWorld: Bringing up level for play took: 0.002316
[2019.12.04-00.19.04:839][144]LogOnline: OSS: Creating online subsystem instance for: :Context_3
[2019.12.04-00.19.04:845][144]LogContentBrowser: Native class hierarchy updated for 'MovieSceneCapture' in 0.0003 seconds. Added 20 classes and 0 folders.
[2019.12.04-00.19.04:845][144]PIE: Play in editor start time for /Game/ThirdPersonBP/Maps/UEDPIE_0_ThirdPersonExampleMap 0.389
[2019.12.04-00.19.04:845][144]LogBlueprintUserMessages: Late PlayInEditor Detection: Level '/Game/ThirdPersonBP/Maps/ThirdPersonExampleMap.ThirdPersonExampleMap:PersistentLevel' has LevelScriptBlueprint '/Game/ThirdPersonBP/Maps/ThirdPersonExampleMap.ThirdPersonExampleMap:PersistentLevel.ThirdPersonExampleMap' with GeneratedClass '/Game/ThirdPersonBP/Maps/ThirdPersonExampleMap.ThirdPersonExampleMap_C' with ClassGeneratedBy '/Game/ThirdPersonBP/Maps/ThirdPersonExampleMap.ThirdPersonExampleMap:PersistentLevel.ThirdPersonExampleMap'
[2019.12.04-00.19.12:863][ 87]LogBlueprintUserMessages: Early EndPlayMap Detection: Level '/Game/ThirdPersonBP/Maps/ThirdPersonExampleMap.ThirdPersonExampleMap:PersistentLevel' has LevelScriptBlueprint '/Game/ThirdPersonBP/Maps/ThirdPersonExampleMap.ThirdPersonExampleMap:PersistentLevel.ThirdPersonExampleMap' with GeneratedClass '/Game/ThirdPersonBP/Maps/ThirdPersonExampleMap.ThirdPersonExampleMap_C' with ClassGeneratedBy '/Game/ThirdPersonBP/Maps/ThirdPersonExampleMap.ThirdPersonExampleMap:PersistentLevel.ThirdPersonExampleMap'
[2019.12.04-00.19.12:863][ 87]LogSlate: Updating window title bar state: overlay mode, drag disabled, window buttons hidden, title bar hidden
[2019.12.04-00.19.12:863][ 87]LogWorld: BeginTearingDown for /Game/ThirdPersonBP/Maps/UEDPIE_0_ThirdPersonExampleMap
[2019.12.04-00.19.12:863][ 87]LogWorld: UWorld::CleanupWorld for ThirdPersonExampleMap, bSessionEnded=true, bCleanupResources=true
[2019.12.04-00.19.12:869][ 87]LogPlayLevel: Display: Shutting down PIE online subsystems
[2019.12.04-00.19.12:869][ 87]LogBlueprintUserMessages: Late EndPlayMap Detection: Level '/Game/ThirdPersonBP/Maps/ThirdPersonExampleMap.ThirdPersonExampleMap:PersistentLevel' has LevelScriptBlueprint '/Game/ThirdPersonBP/Maps/ThirdPersonExampleMap.ThirdPersonExampleMap:PersistentLevel.ThirdPersonExampleMap' with GeneratedClass '/Game/ThirdPersonBP/Maps/ThirdPersonExampleMap.ThirdPersonExampleMap_C' with ClassGeneratedBy '/Game/ThirdPersonBP/Maps/ThirdPersonExampleMap.ThirdPersonExampleMap:PersistentLevel.ThirdPersonExampleMap'
[2019.12.04-00.19.12:907][ 87]LogSlate: Updating window title bar state: overlay mode, drag disabled, window buttons hidden, title bar hidden
[2019.12.04-00.19.12:910][ 87]LogUObjectHash: Compacting FUObjectHashTables data took   1.89ms
[2019.12.04-00.19.12:965][ 91]LogPlayLevel: Display: Destroying online subsystem :Context_3
[2019.12.04-00.19.14:058][222]LogSlate: FSceneViewport::OnFocusLost() reason 0
[2019.12.04-00.19.14:192][234]LogUObjectHash: Compacting FUObjectHashTables data took   0.69ms
[2019.12.04-00.19.14:285][234]LogSlate: Window 'CST438_Space_Game - Unreal Editor' being destroyed
[2019.12.04-00.19.14:286][234]LogWindowsTextInputMethodSystem: Display: IME system now deactivated.
[2019.12.04-00.19.14:289][234]LogWindowsTextInputMethodSystem: Display: IME system now deactivated.
[2019.12.04-00.19.14:375][235]Cmd: QUIT_EDITOR
[2019.12.04-00.19.15:377][235]LogExit: Preparing to exit.
[2019.12.04-00.19.15:505][235]LogWorld: UWorld::CleanupWorld for World_0, bSessionEnded=true, bCleanupResources=true
[2019.12.04-00.19.15:505][235]LogWorld: UWorld::CleanupWorld for World_1, bSessionEnded=true, bCleanupResources=true
[2019.12.04-00.19.15:512][235]LogDemo: Cleaned up 0 splitscreen connections with owner deletion
[2019.12.04-00.19.15:522][235]LogWorld: UWorld::CleanupWorld for None, bSessionEnded=true, bCleanupResources=true
[2019.12.04-00.19.15:522][235]LogExit: Editor shut down
[2019.12.04-00.19.15:522][235]LogExit: Transaction tracking system shut down
[2019.12.04-00.19.15:853][235]LogExit: Object subsystem successfully closed.
[2019.12.04-00.19.15:873][235]LogShaderCompilers: Display: Shaders left to compile 0
[2019.12.04-00.19.15:887][235]LogModuleManager: Shutting down and abandoning module MovieSceneCapture (674)
[2019.12.04-00.19.15:887][235]LogModuleManager: Shutting down and abandoning module Voice (672)
[2019.12.04-00.19.15:887][235]LogModuleManager: Shutting down and abandoning module HierarchicalLODOutliner (670)
[2019.12.04-00.19.15:887][235]LogModuleManager: Shutting down and abandoning module SceneOutliner (668)
[2019.12.04-00.19.15:887][235]LogModuleManager: Shutting down and abandoning module AddContentDialog (666)
[2019.12.04-00.19.15:889][235]LogModuleManager: Shutting down and abandoning module WidgetCarousel (665)
[2019.12.04-00.19.15:889][235]LogModuleManager: Shutting down and abandoning module EditorWidgets (662)
[2019.12.04-00.19.15:889][235]LogModuleManager: Shutting down and abandoning module CollectionManager (660)
[2019.12.04-00.19.15:890][235]LogModuleManager: Shutting down and abandoning module StatsViewer (658)
[2019.12.04-00.19.15:890][235]LogModuleManager: Shutting down and abandoning module VirtualTexturingEditor (656)
[2019.12.04-00.19.15:890][235]LogModuleManager: Shutting down and abandoning module FoliageEdit (654)
[2019.12.04-00.19.15:890][235]LogModuleManager: Shutting down and abandoning module LandscapeEditor (652)
[2019.12.04-00.19.15:890][235]LogModuleManager: Shutting down and abandoning module MeshPaintMode (650)
[2019.12.04-00.19.15:890][235]LogModuleManager: Shutting down and abandoning module SceneDepthPickerMode (648)
[2019.12.04-00.19.15:890][235]LogModuleManager: Shutting down and abandoning module ActorPickerMode (646)
[2019.12.04-00.19.15:890][235]LogModuleManager: Shutting down and abandoning module GeometryMode (644)
[2019.12.04-00.19.15:890][235]LogModuleManager: Shutting down and abandoning module TextureAlignMode (642)
[2019.12.04-00.19.15:890][235]LogModuleManager: Shutting down and abandoning module BspMode (640)
[2019.12.04-00.19.15:890][235]LogModuleManager: Shutting down and abandoning module PIEPreviewDeviceProfileSelector (638)
[2019.12.04-00.19.15:890][235]LogModuleManager: Shutting down and abandoning module SequenceRecorderSections (636)
[2019.12.04-00.19.15:890][235]LogModuleManager: Shutting down and abandoning module AutomationWorker (634)
[2019.12.04-00.19.15:890][235]LogModuleManager: Shutting down and abandoning module OculusMR (632)
[2019.12.04-00.19.15:890][235]LogModuleManager: Shutting down and abandoning module AudioCaptureEditor (630)
[2019.12.04-00.19.15:890][235]LogModuleManager: Shutting down and abandoning module MatineeToLevelSequence (628)
[2019.12.04-00.19.15:890][235]LogModuleManager: Shutting down and abandoning module LevelSequenceEditor (626)
[2019.12.04-00.19.15:890][235]LogModuleManager: Shutting down and abandoning module PlacementMode (625)
[2019.12.04-00.19.15:890][235]LogModuleManager: Shutting down and abandoning module MaterialEditor (624)
[2019.12.04-00.19.15:890][235]LogModuleManager: Shutting down and abandoning module ActorSequenceEditor (620)
[2019.12.04-00.19.15:890][235]LogModuleManager: Shutting down and abandoning module WmfMediaFactory (618)
[2019.12.04-00.19.15:890][235]LogModuleManager: Shutting down and abandoning module WmfMediaEditor (616)
[2019.12.04-00.19.15:890][235]LogModuleManager: Shutting down and abandoning module WebMMediaFactory (614)
[2019.12.04-00.19.15:890][235]LogModuleManager: Shutting down and abandoning module WebMMediaEditor (612)
[2019.12.04-00.19.15:890][235]LogModuleManager: Shutting down and abandoning module WebMMedia (610)
[2019.12.04-00.19.15:890][235]LogModuleManager: Shutting down and abandoning module MediaPlayerEditor (608)
[2019.12.04-00.19.15:891][235]LogModuleManager: Shutting down and abandoning module MediaCompositingEditor (606)
[2019.12.04-00.19.15:891][235]LogModuleManager: Shutting down and abandoning module SequenceRecorder (605)
[2019.12.04-00.19.15:891][235]LogModuleManager: Shutting down and abandoning module OpenExrWrapper (602)
[2019.12.04-00.19.15:891][235]LogModuleManager: Shutting down and abandoning module ImgMediaFactory (600)
[2019.12.04-00.19.15:891][235]LogModuleManager: Shutting down and abandoning module ImgMediaEditor (598)
[2019.12.04-00.19.15:891][235]LogModuleManager: Shutting down and abandoning module AvfMediaFactory (596)
[2019.12.04-00.19.15:891][235]LogModuleManager: Shutting down and abandoning module AvfMediaEditor (594)
[2019.12.04-00.19.15:891][235]LogModuleManager: Shutting down and abandoning module AndroidMediaFactory (592)
[2019.12.04-00.19.15:891][235]LogModuleManager: Shutting down and abandoning module AndroidMediaEditor (590)
[2019.12.04-00.19.15:891][235]LogModuleManager: Shutting down and abandoning module MagicLeapCameraPreviewFactory (588)
[2019.12.04-00.19.15:891][235]LogModuleManager: Shutting down and abandoning module MagicLeapMediaCodecFactory (586)
[2019.12.04-00.19.15:891][235]LogModuleManager: Shutting down and abandoning module MagicLeapMediaFactory (584)
[2019.12.04-00.19.15:891][235]LogModuleManager: Shutting down and abandoning module MagicLeapMediaEditor (582)
[2019.12.04-00.19.15:891][235]LogModuleManager: Shutting down and abandoning module CharacterAI (580)
[2019.12.04-00.19.15:891][235]LogModuleManager: Shutting down and abandoning module SmartSnapping (578)
[2019.12.04-00.19.15:891][235]LogModuleManager: Shutting down and abandoning module SessionServices (576)
[2019.12.04-00.19.15:891][235]LogModuleManager: Shutting down and abandoning module MeshPaint (574)
[2019.12.04-00.19.15:891][235]LogModuleManager: Shutting down and abandoning module ViewportSnapping (572)
[2019.12.04-00.19.15:891][235]LogModuleManager: Shutting down and abandoning module ViewportInteraction (570)
[2019.12.04-00.19.15:891][235]LogModuleManager: Shutting down and abandoning module ClothPainter (568)
[2019.12.04-00.19.15:891][235]LogModuleManager: Shutting down and abandoning module SkeletalMeshEditor (567)
[2019.12.04-00.19.15:891][235]LogModuleManager: Shutting down and abandoning module LogVisualizer (564)
[2019.12.04-00.19.15:891][235]LogModuleManager: Shutting down and abandoning module IntroTutorials (562)
[2019.12.04-00.19.15:891][235]LogModuleManager: Shutting down and abandoning module GameProjectGeneration (561)
[2019.12.04-00.19.15:891][235]LogModuleManager: Shutting down and abandoning module LuminPlatformEditor (558)
[2019.12.04-00.19.15:891][235]LogModuleManager: Shutting down and abandoning module IOSPlatformEditor (556)
[2019.12.04-00.19.15:891][235]LogModuleManager: Shutting down and abandoning module HTML5PlatformEditor (554)
[2019.12.04-00.19.15:891][235]LogModuleManager: Shutting down and abandoning module AndroidPlatformEditor (552)
[2019.12.04-00.19.15:891][235]LogModuleManager: Shutting down and abandoning module AndroidDeviceDetection (551)
[2019.12.04-00.19.16:048][235]LogModuleManager: Shutting down and abandoning module WindowsPlatformEditor (548)
[2019.12.04-00.19.16:048][235]LogModuleManager: Shutting down and abandoning module LuminRuntimeSettings (546)
[2019.12.04-00.19.16:048][235]LogModuleManager: Shutting down and abandoning module IOSRuntimeSettings (544)
[2019.12.04-00.19.16:048][235]LogModuleManager: Shutting down and abandoning module AndroidRuntimeSettings (542)
[2019.12.04-00.19.16:048][235]LogModuleManager: Shutting down and abandoning module TimeManagementEditor (540)
[2019.12.04-00.19.16:048][235]LogModuleManager: Shutting down and abandoning module InputBindingEditor (538)
[2019.12.04-00.19.16:048][235]LogModuleManager: Shutting down and abandoning module MergeActors (536)
[2019.12.04-00.19.16:048][235]LogModuleManager: Shutting down and abandoning module LocalizationDashboard (534)
[2019.12.04-00.19.16:048][235]LogModuleManager: Shutting down and abandoning module LocalizationService (533)
[2019.12.04-00.19.16:049][235]LogModuleManager: Shutting down and abandoning module HardwareTargeting (530)
[2019.12.04-00.19.16:049][235]LogModuleManager: Shutting down and abandoning module DeviceProfileEditor (528)
[2019.12.04-00.19.16:049][235]LogModuleManager: Shutting down and abandoning module UndoHistory (526)
[2019.12.04-00.19.16:049][235]LogModuleManager: Shutting down and abandoning module XmlParser (524)
[2019.12.04-00.19.16:049][235]LogModuleManager: Shutting down and abandoning module Blutility (522)
[2019.12.04-00.19.16:049][235]LogModuleManager: Shutting down and abandoning module ProjectSettingsViewer (520)
[2019.12.04-00.19.16:049][235]LogModuleManager: Shutting down and abandoning module ProjectTargetPlatformEditor (519)
[2019.12.04-00.19.16:049][235]LogModuleManager: Shutting down and abandoning module EditorSettingsViewer (516)
[2019.12.04-00.19.16:049][235]LogModuleManager: Shutting down and abandoning module SettingsEditor (514)
[2019.12.04-00.19.16:049][235]LogModuleManager: Shutting down and abandoning module ProjectLauncher (512)
[2019.12.04-00.19.16:049][235]LogModuleManager: Shutting down and abandoning module SessionFrontend (510)
[2019.12.04-00.19.16:049][235]LogModuleManager: Shutting down and abandoning module ProfilerClient (508)
[2019.12.04-00.19.16:049][235]LogModuleManager: Shutting down and abandoning module DeviceManager (506)
[2019.12.04-00.19.16:049][235]LogModuleManager: Shutting down and abandoning module TargetDeviceServices (505)
[2019.12.04-00.19.16:104][235]LogModuleManager: Shutting down and abandoning module AutomationController (502)
[2019.12.04-00.19.16:104][235]LogModuleManager: Shutting down and abandoning module AutomationWindow (500)
[2019.12.04-00.19.16:104][235]LogModuleManager: Shutting down and abandoning module Layers (498)
[2019.12.04-00.19.16:104][235]LogModuleManager: Shutting down and abandoning module ComponentVisualizers (496)
[2019.12.04-00.19.16:104][235]LogModuleManager: Shutting down and abandoning module DetailCustomizations (494)
[2019.12.04-00.19.16:104][235]LogModuleManager: Shutting down and abandoning module PackagesDialog (492)
[2019.12.04-00.19.16:104][235]LogModuleManager: Shutting down and abandoning module AnimationBlueprintEditor (490)
[2019.12.04-00.19.16:104][235]LogModuleManager: Shutting down and abandoning module Persona (488)
[2019.12.04-00.19.16:104][235]LogModuleManager: Shutting down and abandoning module AdvancedPreviewScene (487)
[2019.12.04-00.19.16:104][235]LogModuleManager: Shutting down and abandoning module AnimGraph (485)
[2019.12.04-00.19.16:104][235]LogModuleManager: Shutting down and abandoning module Kismet (482)
[2019.12.04-00.19.16:104][235]LogModuleManager: Shutting down and abandoning module KismetWidgets (481)
[2019.12.04-00.19.16:104][235]LogModuleManager: Shutting down and abandoning module GraphEditor (478)
[2019.12.04-00.19.16:104][235]LogModuleManager: Shutting down and abandoning module StructViewer (476)
[2019.12.04-00.19.16:104][235]LogModuleManager: Shutting down and abandoning module ClassViewer (474)
[2019.12.04-00.19.16:104][235]LogModuleManager: Shutting down and abandoning module Toolbox (472)
[2019.12.04-00.19.16:104][235]LogModuleManager: Shutting down and abandoning module ModuleUI (470)
[2019.12.04-00.19.16:104][235]LogModuleManager: Shutting down and abandoning module MovieSceneTools (468)
[2019.12.04-00.19.16:104][235]LogModuleManager: Shutting down and abandoning module OutputLog (466)
[2019.12.04-00.19.16:105][235]LogModuleManager: Shutting down and abandoning module GammaUI (464)
[2019.12.04-00.19.16:105][235]LogModuleManager: Shutting down and abandoning module Documentation (462)
[2019.12.04-00.19.16:105][235]LogModuleManager: Shutting down and abandoning module LiveCoding (460)
[2019.12.04-00.19.16:105][235]LogModuleManager: Shutting down and abandoning module LevelSequence (458)
[2019.12.04-00.19.16:105][235]LogModuleManager: Shutting down and abandoning module MovieSceneTracks (456)
[2019.12.04-00.19.16:105][235]LogModuleManager: Shutting down and abandoning module MovieScene (454)
[2019.12.04-00.19.16:105][235]LogModuleManager: Shutting down and abandoning module StreamingPauseRendering (452)
[2019.12.04-00.19.16:105][235]LogModuleManager: Shutting down and abandoning module LauncherPlatform (450)
[2019.12.04-00.19.16:105][235]LogModuleManager: Shutting down and abandoning module AnalyticsET (448)
[2019.12.04-00.19.16:105][235]LogModuleManager: Shutting down and abandoning module PortalServices (446)
[2019.12.04-00.19.16:105][235]LogModuleManager: Shutting down and abandoning module PortalRpc (444)
[2019.12.04-00.19.16:105][235]LogModuleManager: Shutting down and abandoning module MessagingRpc (442)
[2019.12.04-00.19.16:105][235]LogModuleManager: Shutting down and abandoning module AIModule (440)
[2019.12.04-00.19.16:105][235]LogModuleManager: Shutting down and abandoning module GameplayDebugger (439)
[2019.12.04-00.19.16:105][235]LogModuleManager: Shutting down and abandoning module AITestSuite (437)
[2019.12.04-00.19.16:105][235]LogModuleManager: Shutting down and abandoning module NavigationSystem (435)
[2019.12.04-00.19.16:105][235]LogModuleManager: Shutting down and abandoning module DesktopPlatform (432)
[2019.12.04-00.19.16:105][235]LogModuleManager: Shutting down and abandoning module ImageWriteQueue (430)
[2019.12.04-00.19.16:108][235]LogModuleManager: Shutting down and abandoning module ProfilerService (428)
[2019.12.04-00.19.16:317][235]LogModuleManager: Shutting down and abandoning module TaskGraph (426)
[2019.12.04-00.19.16:317][235]LogModuleManager: Shutting down and abandoning module ScreenshotTools (424)
[2019.12.04-00.19.16:317][235]LogModuleManager: Shutting down and abandoning module SteamVRController (422)
[2019.12.04-00.19.16:317][235]LogModuleManager: Shutting down and abandoning module ProceduralMeshComponentEditor (420)
[2019.12.04-00.19.16:317][235]LogModuleManager: Shutting down and abandoning module ProceduralMeshComponent (418)
[2019.12.04-00.19.16:317][235]LogModuleManager: Shutting down and abandoning module OculusEditor (416)
[2019.12.04-00.19.16:317][235]LogModuleManager: Shutting down and abandoning module OculusInput (414)
[2019.12.04-00.19.16:318][235]LogModuleManager: Shutting down and abandoning module MobilePatchingUtils (412)
[2019.12.04-00.19.16:318][235]LogModuleManager: Shutting down and abandoning module EditableMesh (410)
[2019.12.04-00.19.16:318][235]LogModuleManager: Shutting down and abandoning module CustomMeshComponent (408)
[2019.12.04-00.19.16:318][235]LogModuleManager: Shutting down and abandoning module CableComponent (406)
[2019.12.04-00.19.16:318][235]LogModuleManager: Shutting down and abandoning module AudioCapture (404)
[2019.12.04-00.19.16:318][235]LogModuleManager: Shutting down and abandoning module ArchVisCharacter (402)
[2019.12.04-00.19.16:318][235]LogModuleManager: Shutting down and abandoning module AppleImageUtilsBlueprintSupport (400)
[2019.12.04-00.19.16:318][235]LogModuleManager: Shutting down and abandoning module AppleImageUtils (398)
[2019.12.04-00.19.16:318][235]LogModuleManager: Shutting down and abandoning module AndroidPermission (396)
[2019.12.04-00.19.16:318][235]LogModuleManager: Shutting down and abandoning module NUTUnrealEngine4 (394)
[2019.12.04-00.19.16:318][235]LogModuleManager: Shutting down and abandoning module NetcodeUnitTest (392)
[2019.12.04-00.19.16:318][235]LogModuleManager: Shutting down and abandoning module MediaCompositing (390)
[2019.12.04-00.19.16:318][235]LogModuleManager: Shutting down and abandoning module ImgMedia (388)
[2019.12.04-00.19.16:318][235]LogModuleManager: Shutting down and abandoning module MagicLeapHelperVulkan (386)
[2019.12.04-00.19.16:318][235]LogModuleManager: Shutting down and abandoning module MagicLeapHelperOpenGL (384)
[2019.12.04-00.19.16:318][235]LogModuleManager: Shutting down and abandoning module MagicLeapAudio (382)
[2019.12.04-00.19.16:318][235]LogModuleManager: Shutting down and abandoning module HTML5Networking (380)
[2019.12.04-00.19.16:318][235]LogModuleManager: Shutting down and abandoning module GeometryCacheTracks (378)
[2019.12.04-00.19.16:318][235]LogModuleManager: Shutting down and abandoning module GeometryCacheSequencer (376)
[2019.12.04-00.19.16:318][235]LogModuleManager: Shutting down and abandoning module BackChannel (374)
[2019.12.04-00.19.16:318][235]LogModuleManager: Shutting down and abandoning module AutomationUtilsEditor (372)
[2019.12.04-00.19.16:318][235]LogModuleManager: Shutting down and abandoning module AutomationUtils (370)
[2019.12.04-00.19.16:318][235]LogModuleManager: Shutting down and abandoning module AlembicImporter (368)
[2019.12.04-00.19.16:318][235]LogModuleManager: Shutting down and abandoning module AlembicLibrary (367)
[2019.12.04-00.19.16:318][235]LogModuleManager: Shutting down and abandoning module GeometryCache (366)
[2019.12.04-00.19.16:318][235]LogModuleManager: Shutting down and abandoning module GeometryCacheEd (365)
[2019.12.04-00.19.16:318][235]LogModuleManager: Shutting down and abandoning module VariantManagerContent (360)
[2019.12.04-00.19.16:318][235]LogModuleManager: Shutting down and abandoning module DatasmithContentEditor (358)
[2019.12.04-00.19.16:318][235]LogModuleManager: Shutting down and abandoning module SpeedTreeImporter (356)
[2019.12.04-00.19.16:318][235]LogModuleManager: Shutting down and abandoning module PluginBrowser (354)
[2019.12.04-00.19.16:318][235]LogModuleManager: Shutting down and abandoning module MobileLauncherProfileWizard (352)
[2019.12.04-00.19.16:318][235]LogModuleManager: Shutting down and abandoning module MaterialAnalyzer (350)
[2019.12.04-00.19.16:318][235]LogModuleManager: Shutting down and abandoning module GLTFImporter (348)
[2019.12.04-00.19.16:318][235]LogModuleManager: Shutting down and abandoning module CurveEditorTools (346)
[2019.12.04-00.19.16:318][235]LogModuleManager: Shutting down and abandoning module CurveEditor (345)
[2019.12.04-00.19.16:318][235]LogModuleManager: Shutting down and abandoning module CryptoKeysOpenSSL (342)
[2019.12.04-00.19.16:318][235]LogModuleManager: Shutting down and abandoning module CryptoKeys (340)
[2019.12.04-00.19.16:318][235]LogModuleManager: Shutting down and abandoning module VisualStudioSourceCodeAccess (338)
[2019.12.04-00.19.16:318][235]LogModuleManager: Shutting down and abandoning module VisualStudioCodeSourceCodeAccess (336)
[2019.12.04-00.19.16:318][235]LogModuleManager: Shutting down and abandoning module UObjectPlugin (334)
[2019.12.04-00.19.16:318][235]LogModuleManager: Shutting down and abandoning module SubversionSourceControl (332)
[2019.12.04-00.19.16:318][235]LogModuleManager: Shutting down and abandoning module PerforceSourceControl (330)
[2019.12.04-00.19.16:318][235]LogModuleManager: Shutting down and abandoning module GitSourceControl (328)
[2019.12.04-00.19.16:318][235]LogModuleManager: Shutting down and abandoning module SourceControl (327)
[2019.12.04-00.19.16:318][235]LogModuleManager: Shutting down and abandoning module CLionSourceCodeAccess (324)
[2019.12.04-00.19.16:318][235]LogModuleManager: Shutting down and abandoning module AnimationSharingEd (322)
[2019.12.04-00.19.16:319][235]LogModuleManager: Shutting down and abandoning module ActorLayerUtilitiesEditor (320)
[2019.12.04-00.19.16:319][235]LogModuleManager: Shutting down and abandoning module ActorLayerUtilities (318)
[2019.12.04-00.19.16:319][235]LogModuleManager: Shutting down and abandoning module LightPropagationVolumeEditor (316)
[2019.12.04-00.19.16:319][235]LogModuleManager: Shutting down and abandoning module PaperTiledImporter (314)
[2019.12.04-00.19.16:319][235]LogModuleManager: Shutting down and abandoning module PaperSpriteSheetImporter (312)
[2019.12.04-00.19.16:319][235]LogModuleManager: Shutting down and abandoning module Paper2DEditor (310)
[2019.12.04-00.19.16:319][235]LogModuleManager: Shutting down and abandoning module SignificanceManager (308)
[2019.12.04-00.19.16:319][235]LogModuleManager: Shutting down and abandoning module RuntimePhysXCooking (306)
[2019.12.04-00.19.16:319][235]LogModuleManager: Shutting down and abandoning module PhysXVehiclesEditor (304)
[2019.12.04-00.19.16:319][235]LogModuleManager: Shutting down and abandoning module LocationServicesBPLibrary (300)
[2019.12.04-00.19.16:319][235]LogModuleManager: Shutting down and abandoning module ActorSequence (298)
[2019.12.04-00.19.16:319][235]LogModuleManager: Shutting down and abandoning module UdpMessaging (296)
[2019.12.04-00.19.16:420][235]LogModuleManager: Shutting down and abandoning module TcpMessaging (294)
[2019.12.04-00.19.16:521][235]LogModuleManager: Shutting down and abandoning module MagicLeapIdentity (292)
[2019.12.04-00.19.16:521][235]LogModuleManager: Shutting down and abandoning module MagicLeapSecureStorage (290)
[2019.12.04-00.19.16:521][235]LogModuleManager: Shutting down and abandoning module MagicLeapHandTracking (288)
[2019.12.04-00.19.16:521][235]LogModuleManager: Shutting down and abandoning module MagicLeapEyeTracker (286)
[2019.12.04-00.19.16:521][235]LogModuleManager: Shutting down and abandoning module MagicLeapController (284)
[2019.12.04-00.19.16:521][235]LogSlate: Slate User Destroyed.  User Index 0, Is Virtual User: 0
[2019.12.04-00.19.16:521][235]LogModuleManager: Shutting down and abandoning module MagicLeapAR (282)
[2019.12.04-00.19.16:521][235]LogModuleManager: Shutting down and abandoning module AugmentedReality (281)
[2019.12.04-00.19.16:521][235]LogModuleManager: Shutting down and abandoning module GameplayTagsEditor (278)
[2019.12.04-00.19.16:521][235]LogModuleManager: Shutting down and abandoning module FacialAnimationEditor (276)
[2019.12.04-00.19.16:521][235]LogModuleManager: Shutting down and abandoning module FacialAnimation (274)
[2019.12.04-00.19.16:521][235]LogModuleManager: Shutting down and abandoning module DataValidation (272)
[2019.12.04-00.19.16:521][235]LogModuleManager: Shutting down and abandoning module AssetManagerEditor (270)
[2019.12.04-00.19.16:521][235]LogModuleManager: Shutting down and abandoning module LevelEditor (269)
[2019.12.04-00.19.16:522][235]LogModuleManager: Shutting down and abandoning module PixelInspectorModule (268)
[2019.12.04-00.19.16:522][235]LogModuleManager: Shutting down and abandoning module CommonMenuExtensions (266)
[2019.12.04-00.19.16:522][235]LogModuleManager: Shutting down and abandoning module MainFrame (264)
[2019.12.04-00.19.16:522][235]LogModuleManager: Shutting down and abandoning module HotReload (263)
[2019.12.04-00.19.16:523][235]LogModuleManager: Shutting down and abandoning module ContentBrowser (259)
[2019.12.04-00.19.16:524][235]LogModuleManager: Shutting down and abandoning module TreeMap (257)
[2019.12.04-00.19.16:524][235]LogModuleManager: Shutting down and abandoning module AnimationSharing (254)
[2019.12.04-00.19.16:524][235]LogModuleManager: Shutting down and abandoning module LightPropagationVolumeRuntime (252)
[2019.12.04-00.19.16:524][235]LogModuleManager: Shutting down and abandoning module Paper2D (250)
[2019.12.04-00.19.16:524][235]LogModuleManager: Shutting down and abandoning module WindowsMoviePlayer (248)
[2019.12.04-00.19.16:526][235]LogModuleManager: Shutting down and abandoning module WebMMoviePlayer (246)
[2019.12.04-00.19.16:526][235]LogModuleManager: Shutting down and abandoning module NetworkReplayStreaming (244)
[2019.12.04-00.19.16:526][235]LogModuleManager: Shutting down and abandoning module PacketHandler (242)
[2019.12.04-00.19.16:526][235]LogModuleManager: Shutting down and abandoning module ClothingSystemEditor (240)
[2019.12.04-00.19.16:526][235]LogModuleManager: Shutting down and abandoning module ClothingSystemRuntime (238)
[2019.12.04-00.19.16:526][235]LogModuleManager: Shutting down and abandoning module MediaAssets (236)
[2019.12.04-00.19.16:526][235]LogModuleManager: Shutting down and abandoning module Overlay (234)
[2019.12.04-00.19.16:526][235]LogModuleManager: Shutting down and abandoning module OverlayEditor (233)
[2019.12.04-00.19.16:526][235]LogModuleManager: Shutting down and abandoning module VREditor (230)
[2019.12.04-00.19.16:526][235]LogModuleManager: Shutting down and abandoning module StringTableEditor (228)
[2019.12.04-00.19.16:526][235]LogModuleManager: Shutting down and abandoning module GameplayTasksEditor (226)
[2019.12.04-00.19.16:526][235]LogModuleManager: Shutting down and abandoning module BehaviorTreeEditor (224)
[2019.12.04-00.19.16:526][235]LogModuleManager: Shutting down and abandoning module FunctionalTesting (222)
[2019.12.04-00.19.16:526][235]LogModuleManager: Shutting down and abandoning module CollisionAnalyzer (220)
[2019.12.04-00.19.16:526][235]LogModuleManager: Shutting down and abandoning module WorkspaceMenuStructure (219)
[2019.12.04-00.19.16:526][235]LogModuleManager: Shutting down and abandoning module UMG (216)
[2019.12.04-00.19.16:526][235]LogModuleManager: Shutting down and abandoning module UMGEditor (215)
[2019.12.04-00.19.16:526][235]LogModuleManager: Shutting down and abandoning module Sequencer (214)
[2019.12.04-00.19.16:526][235]LogModuleManager: Shutting down and abandoning module MessageLog (211)
[2019.12.04-00.19.16:526][235]LogModuleManager: Shutting down and abandoning module SlateReflector (206)
[2019.12.04-00.19.16:526][235]LogModuleManager: Shutting down and abandoning module Slate (204)
[2019.12.04-00.19.16:526][235]LogModuleManager: Shutting down and abandoning module LandscapeEditorUtilities (202)
[2019.12.04-00.19.16:526][235]LogModuleManager: Shutting down and abandoning module EditorStyle (200)
[2019.12.04-00.19.16:527][235]LogModuleManager: Shutting down and abandoning module UnrealEd (198)
[2019.12.04-00.19.16:527][235]LogModuleManager: Shutting down and abandoning module MRMesh (196)
[2019.12.04-00.19.16:527][235]LogModuleManager: Shutting down and abandoning module SourceCodeAccess (194)
[2019.12.04-00.19.16:527][235]LogModuleManager: Shutting down and abandoning module HeadMountedDisplay (192)
[2019.12.04-00.19.16:527][235]LogModuleManager: Shutting down and abandoning module XAudio2 (190)
[2019.12.04-00.19.16:527][235]LogModuleManager: Shutting down and abandoning module Networking (188)
[2019.12.04-00.19.16:527][235]LogModuleManager: Shutting down and abandoning module Core (186)
[2019.12.04-00.19.16:527][235]LogModuleManager: Shutting down and abandoning module KismetCompiler (184)
[2019.12.04-00.19.16:527][235]LogModuleManager: Shutting down and abandoning module MeshUtilities (182)
[2019.12.04-00.19.16:527][235]LogModuleManager: Shutting down and abandoning module MeshMergeUtilities (181)
[2019.12.04-00.19.16:527][235]LogModuleManager: Shutting down and abandoning module MeshReductionInterface (180)
[2019.12.04-00.19.16:528][235]LogModuleManager: Shutting down and abandoning module SkeletalMeshReduction (179)
[2019.12.04-00.19.16:528][235]LogModuleManager: Shutting down and abandoning module ProxyLODMeshReduction (177)
[2019.12.04-00.19.16:528][235]LogModuleManager: Shutting down and abandoning module QuadricMeshReduction (175)
[2019.12.04-00.19.16:528][235]LogModuleManager: Shutting down and abandoning module MaterialBaking (171)
[2019.12.04-00.19.16:528][235]LogModuleManager: Shutting down and abandoning module NullInstallBundleManager (166)
[2019.12.04-00.19.16:528][235]LogModuleManager: Shutting down and abandoning module DerivedDataCache (164)
[2019.12.04-00.19.17:105][235]LogDerivedDataCache: Shutdown
[2019.12.04-00.19.17:105][235]LogModuleManager: Shutting down and abandoning module XGEController (162)
[2019.12.04-00.19.17:105][235]LogXGEController: Cleaning working directory: C:/Users/Bradley/AppData/Local/Temp/UnrealXGEWorkingDir/
[2019.12.04-00.19.17:105][235]LogModuleManager: Shutting down and abandoning module TargetPlatform (160)
[2019.12.04-00.19.17:105][235]LogModuleManager: Shutting down and abandoning module VulkanShaderFormat (159)
[2019.12.04-00.19.17:105][235]LogModuleManager: Shutting down and abandoning module ShaderFormatVectorVM (157)
[2019.12.04-00.19.17:105][235]LogModuleManager: Shutting down and abandoning module ShaderFormatOpenGL (155)
[2019.12.04-00.19.17:105][235]LogModuleManager: Shutting down and abandoning module ShaderFormatD3D (153)
[2019.12.04-00.19.17:105][235]LogModuleManager: Shutting down and abandoning module MetalShaderFormat (151)
[2019.12.04-00.19.17:105][235]LogModuleManager: Shutting down and abandoning module TextureFormatUncompressed (149)
[2019.12.04-00.19.17:105][235]LogModuleManager: Shutting down and abandoning module TextureFormatPVR (147)
[2019.12.04-00.19.17:105][235]LogModuleManager: Shutting down and abandoning module TextureFormatDXT (145)
[2019.12.04-00.19.17:105][235]LogModuleManager: Shutting down and abandoning module TextureFormatIntelISPCTexComp (143)
[2019.12.04-00.19.17:106][235]LogModuleManager: Shutting down and abandoning module TextureFormatASTC (141)
[2019.12.04-00.19.17:106][235]LogModuleManager: Shutting down and abandoning module ImageWrapper (140)
[2019.12.04-00.19.17:106][235]LogModuleManager: Shutting down and abandoning module TextureFormatAndroid (137)
[2019.12.04-00.19.17:106][235]LogModuleManager: Shutting down and abandoning module AudioFormatOpus (135)
[2019.12.04-00.19.17:106][235]LogModuleManager: Shutting down and abandoning module AudioFormatOgg (133)
[2019.12.04-00.19.17:106][235]LogModuleManager: Shutting down and abandoning module AudioFormatADPCM (131)
[2019.12.04-00.19.17:106][235]LogModuleManager: Shutting down and abandoning module LuminTargetPlatform (129)
[2019.12.04-00.19.17:106][235]LogModuleManager: Shutting down and abandoning module LinuxTargetPlatform (127)
[2019.12.04-00.19.17:106][235]LogModuleManager: Shutting down and abandoning module LinuxServerTargetPlatform (125)
[2019.12.04-00.19.17:106][235]LogModuleManager: Shutting down and abandoning module LinuxNoEditorTargetPlatform (123)
[2019.12.04-00.19.17:106][235]LogModuleManager: Shutting down and abandoning module LinuxClientTargetPlatform (121)
[2019.12.04-00.19.17:107][235]LogModuleManager: Shutting down and abandoning module TVOSTargetPlatform (119)
[2019.12.04-00.19.17:107][235]LogModuleManager: Shutting down and abandoning module Messaging (117)
[2019.12.04-00.19.17:107][235]LogModuleManager: Shutting down and abandoning module IOSTargetPlatform (115)
[2019.12.04-00.19.17:108][235]LogModuleManager: Shutting down and abandoning module HTML5TargetPlatform (113)
[2019.12.04-00.19.17:108][235]LogModuleManager: Shutting down and abandoning module AndroidTargetPlatform (111)
[2019.12.04-00.19.17:113][235]LogModuleManager: Shutting down and abandoning module WindowsTargetPlatform (109)
[2019.12.04-00.19.17:113][235]LogModuleManager: Shutting down and abandoning module WindowsServerTargetPlatform (107)
[2019.12.04-00.19.17:113][235]LogModuleManager: Shutting down and abandoning module WindowsNoEditorTargetPlatform (105)
[2019.12.04-00.19.17:113][235]LogModuleManager: Shutting down and abandoning module WindowsClientTargetPlatform (103)
[2019.12.04-00.19.17:113][235]LogModuleManager: Shutting down and abandoning module MacTargetPlatform (101)
[2019.12.04-00.19.17:113][235]LogModuleManager: Shutting down and abandoning module MacServerTargetPlatform (99)
[2019.12.04-00.19.17:113][235]LogModuleManager: Shutting down and abandoning module MacNoEditorTargetPlatform (97)
[2019.12.04-00.19.17:113][235]LogModuleManager: Shutting down and abandoning module MacClientTargetPlatform (95)
[2019.12.04-00.19.17:113][235]LogModuleManager: Shutting down and abandoning module AllDesktopTargetPlatform (93)
[2019.12.04-00.19.17:113][235]LogModuleManager: Shutting down and abandoning module InputCore (90)
[2019.12.04-00.19.17:113][235]LogModuleManager: Shutting down and abandoning module Settings (88)
[2019.12.04-00.19.17:113][235]LogModuleManager: Shutting down and abandoning module DirectoryWatcher (86)
[2019.12.04-00.19.17:114][235]LogModuleManager: Shutting down and abandoning module PhysXCooking (84)
[2019.12.04-00.19.17:114][235]LogModuleManager: Shutting down and abandoning module WindowsPlatformFeatures (82)
[2019.12.04-00.19.17:114][235]LogModuleManager: Shutting down and abandoning module GameplayMediaEncoder (81)
[2019.12.04-00.19.17:114][235]LogModuleManager: Shutting down and abandoning module SteamVR (78)
[2019.12.04-00.19.17:114][235]LogHMD: Freeing OpenVRDLLHandle.
[2019.12.04-00.19.17:114][235]LogModuleManager: Shutting down and abandoning module OculusHMD (76)
[2019.12.04-00.19.17:114][235]LogModuleManager: Shutting down and abandoning module ExampleDeviceProfileSelector (74)
[2019.12.04-00.19.17:114][235]LogModuleManager: Shutting down and abandoning module LauncherChunkInstaller (72)
[2019.12.04-00.19.17:114][235]LogModuleManager: Shutting down and abandoning module OnlineBlueprintSupport (70)
[2019.12.04-00.19.17:114][235]LogModuleManager: Shutting down and abandoning module OnlineSubsystem (66)
[2019.12.04-00.19.17:115][235]LogModuleManager: Shutting down and abandoning module XMPP (61)
[2019.12.04-00.19.17:115][235]LogModuleManager: Shutting down and abandoning module WebSockets (60)
[2019.12.04-00.19.17:142][235]LogModuleManager: Shutting down and abandoning module HTTP (57)
[2019.12.04-00.19.17:142][235]LogHttp: Display: Http module shutting down, but needs to wait on 1 outstanding Http requests:
[2019.12.04-00.19.17:142][235]LogHttp: Display: 	verb=[POST] url=[https://datarouter.ol.epicgames.com/datarouter/api/v1/public/data?SessionID=%7BA177A34C-4691-A17C-B3B5-EE97B15310F8%7D&AppID=UEEditor.Rocket.Release&AppVersion=4.23.1-9631420%2B%2B%2BUE4%2BRelease-4.23&UserID=41b881b4453c7a4e8ffc5c901e3b3ad8%7C89bea2c88a514c448fd8727141248ec5%7C6beb4fc2-1876-4677-b76a-8d620d3d9737&AppEnvironment=datacollector-binary&UploadType=eteventstream] status=Processing
[2019.12.04-00.19.17:152][235]LogModuleManager: Shutting down and abandoning module SSL (56)
[2019.12.04-00.19.17:153][235]LogModuleManager: Shutting down and abandoning module WmfMedia (52)
[2019.12.04-00.19.17:155][235]LogModuleManager: Shutting down and abandoning module Media (51)
[2019.12.04-00.19.17:155][235]LogModuleManager: Shutting down and abandoning module MagicLeap (48)
[2019.12.04-00.19.17:155][235]LogModuleManager: Shutting down and abandoning module DatasmithContent (46)
[2019.12.04-00.19.17:156][235]LogModuleManager: Shutting down and abandoning module AISupportModule (44)
[2019.12.04-00.19.17:156][235]LogModuleManager: Shutting down and abandoning module PlatformCryptoOpenSSL (42)
[2019.12.04-00.19.17:156][235]LogModuleManager: Shutting down and abandoning module PlatformCrypto (40)
[2019.12.04-00.19.17:156][235]LogModuleManager: Shutting down and abandoning module AnimationModifiers (38)
[2019.12.04-00.19.17:156][235]LogModuleManager: Shutting down and abandoning module PropertyEditor (37)
[2019.12.04-00.19.17:156][235]LogModuleManager: Shutting down and abandoning module AudioEditor (34)
[2019.12.04-00.19.17:156][235]LogModuleManager: Shutting down and abandoning module TextureCompressor (32)
[2019.12.04-00.19.17:156][235]LogModuleManager: Shutting down and abandoning module RenderCore (30)
[2019.12.04-00.19.17:156][235]LogModuleManager: Shutting down and abandoning module Landscape (28)
[2019.12.04-00.19.17:156][235]LogModuleManager: Shutting down and abandoning module SlateRHIRenderer (26)
[2019.12.04-00.19.17:157][235]LogModuleManager: Shutting down and abandoning module OpenGLDrv (24)
[2019.12.04-00.19.17:157][235]LogModuleManager: Shutting down and abandoning module D3D11RHI (22)
[2019.12.04-00.19.17:157][235]LogModuleManager: Shutting down and abandoning module AnimGraphRuntime (20)
[2019.12.04-00.19.17:157][235]LogModuleManager: Shutting down and abandoning module Renderer (18)
[2019.12.04-00.19.17:157][235]LogModuleManager: Shutting down and abandoning module Engine (16)
[2019.12.04-00.19.17:157][235]LogModuleManager: Shutting down and abandoning module CoreUObject (14)
[2019.12.04-00.19.17:157][235]LogModuleManager: Shutting down and abandoning module NetworkFile (12)
[2019.12.04-00.19.17:157][235]LogModuleManager: Shutting down and abandoning module CookedIterativeFile (10)
[2019.12.04-00.19.17:157][235]LogModuleManager: Shutting down and abandoning module StreamingFile (8)
[2019.12.04-00.19.17:157][235]LogModuleManager: Shutting down and abandoning module SandboxFile (6)
[2019.12.04-00.19.17:157][235]LogModuleManager: Shutting down and abandoning module PakFile (4)
[2019.12.04-00.19.17:157][235]LogModuleManager: Shutting down and abandoning module RSA (3)
[2019.12.04-00.19.17:157][235]LogD3D11RHI: Shutdown
[2019.12.04-00.19.17:157][235]LogD3D11RHI: CleanupD3DDevice
[2019.12.04-00.19.17:158][235]LogRendererCore: FGlobalDynamicReadBuffer::Cleanup()
[2019.12.04-00.19.17:158][235]LogRendererCore: FGlobalDynamicReadBuffer::Cleanup()
[2019.12.04-00.19.17:158][235]LogRendererCore: FGlobalDynamicReadBuffer::Cleanup()
[2019.12.04-00.19.17:232][235]LogD3D11RHI: ~FD3D11DynamicRHI
[2019.12.04-00.19.17:245][235]LogExit: Exiting.
[2019.12.04-00.19.17:414][235]Log file closed, 12/03/19 16:19:17
