Log file open, 12/03/19 21:33:56
LogWindows: Failed to load 'aqProf.dll' (GetLastError=126)
LogWindows: File 'aqProf.dll' does not exist
LogWindows: Failed to load 'VtuneApi.dll' (GetLastError=126)
LogWindows: File 'VtuneApi.dll' does not exist
LogWindows: Failed to load 'VtuneApi32e.dll' (GetLastError=126)
LogWindows: File 'VtuneApi32e.dll' does not exist
LogConsoleResponse: Display: Failed to find resolution value strings in scalability ini. Falling back to default.
LogInit: Display: Running engine for game: CST438_Space_Game
LogPlatformFile: Not using cached read wrapper
LogTaskGraph: Started task graph with 5 named threads and 35 total threads with 3 sets of task threads.
LogStats: Stats thread started at 0.070796
LogD3D11RHI: Loaded GFSDK_Aftermath_Lib.x64.dll
LogICUInternationalization: ICU TimeZone Detection - Raw Offset: -8:00, Platform Override: ''
LogPluginManager: Mounting plugin Paper2D
LogPluginManager: Mounting plugin AISupport
LogPluginManager: Mounting plugin LightPropagationVolume
LogPluginManager: Mounting plugin ActorLayerUtilities
LogPluginManager: Mounting plugin AnimationSharing
LogPluginManager: Mounting plugin CLionSourceCodeAccess
LogPluginManager: Mounting plugin CodeLiteSourceCodeAccess
LogPluginManager: Mounting plugin GitSourceControl
LogPluginManager: Mounting plugin KDevelopSourceCodeAccess
LogPluginManager: Mounting plugin NullSourceCodeAccess
LogPluginManager: Mounting plugin PerforceSourceControl
LogPluginManager: Mounting plugin SubversionSourceControl
LogPluginManager: Mounting plugin UObjectPlugin
LogPluginManager: Mounting plugin VisualStudioCodeSourceCodeAccess
LogPluginManager: Mounting plugin VisualStudioSourceCodeAccess
LogPluginManager: Mounting plugin XCodeSourceCodeAccess
LogPluginManager: Mounting plugin AssetManagerEditor
LogPluginManager: Mounting plugin CryptoKeys
LogPluginManager: Mounting plugin CurveEditorTools
LogPluginManager: Mounting plugin DataValidation
LogPluginManager: Mounting plugin FacialAnimation
LogPluginManager: Mounting plugin GameplayTagsEditor
LogPluginManager: Mounting plugin MacGraphicsSwitching
LogPluginManager: Mounting plugin MaterialAnalyzer
LogPluginManager: Mounting plugin MobileLauncherProfileWizard
LogPluginManager: Mounting plugin PluginBrowser
LogPluginManager: Mounting plugin SpeedTreeImporter
LogPluginManager: Mounting plugin DatasmithContent
LogPluginManager: Mounting plugin VariantManagerContent
LogPluginManager: Mounting plugin AlembicImporter
LogPluginManager: Mounting plugin AutomationUtils
LogPluginManager: Mounting plugin BackChannel
LogPluginManager: Mounting plugin CharacterAI
LogPluginManager: Mounting plugin GeometryCache
LogPluginManager: Mounting plugin HTML5Networking
LogPluginManager: Mounting plugin PlatformCrypto
LogPluginManager: Mounting plugin ProxyLODPlugin
LogPluginManager: Mounting plugin SkeletalReduction
LogPluginManager: Mounting plugin MagicLeap
LogPluginManager: Mounting plugin MagicLeapMedia
LogPluginManager: Mounting plugin AndroidMedia
LogPluginManager: Mounting plugin AvfMedia
LogPluginManager: Mounting plugin ImgMedia
LogPluginManager: Mounting plugin MediaCompositing
LogPluginManager: Mounting plugin MediaPlayerEditor
LogPluginManager: Mounting plugin WebMMedia
LogPluginManager: Mounting plugin WmfMedia
LogPluginManager: Mounting plugin TcpMessaging
LogPluginManager: Mounting plugin UdpMessaging
LogPluginManager: Mounting plugin ActorSequence
LogPluginManager: Mounting plugin LevelSequenceEditor
LogPluginManager: Mounting plugin MatineeToLevelSequence
LogPluginManager: Mounting plugin NetcodeUnitTest
LogPluginManager: Mounting plugin NUTUnrealEngine4
LogPluginManager: Mounting plugin OnlineSubsystemGooglePlay
LogPluginManager: Mounting plugin OnlineSubsystemIOS
LogPluginManager: Mounting plugin OnlineSubsystem
LogPluginManager: Mounting plugin OnlineSubsystemNull
LogPluginManager: Mounting plugin OnlineSubsystemSteam
LogPluginManager: Mounting plugin OnlineSubsystemUtils
LogPluginManager: Mounting plugin LauncherChunkInstaller
LogPluginManager: Mounting plugin AndroidDeviceProfileSelector
LogPluginManager: Mounting plugin AndroidMoviePlayer
LogPluginManager: Mounting plugin AndroidPermission
LogPluginManager: Mounting plugin AppleImageUtils
LogPluginManager: Mounting plugin AppleMoviePlayer
LogPluginManager: Mounting plugin ArchVisCharacter
LogPluginManager: Mounting plugin AudioCapture
LogPluginManager: Mounting plugin CableComponent
LogPluginManager: Mounting plugin CustomMeshComponent
LogPluginManager: Mounting plugin EditableMesh
LogPluginManager: Mounting plugin ExampleDeviceProfileSelector
LogPluginManager: Mounting plugin GoogleCloudMessaging
LogPluginManager: Mounting plugin IOSDeviceProfileSelector
LogPluginManager: Mounting plugin LinuxDeviceProfileSelector
LogPluginManager: Mounting plugin LocationServicesBPLibrary
LogPluginManager: Mounting plugin MobilePatchingUtils
LogPluginManager: Mounting plugin OculusVR
LogPluginManager: Mounting plugin PhysXVehicles
LogPluginManager: Mounting plugin ProceduralMeshComponent
LogPluginManager: Mounting plugin RuntimePhysXCooking
LogPluginManager: Mounting plugin SignificanceManager
LogPluginManager: Mounting plugin SteamVR
LogPluginManager: Mounting plugin WebMMoviePlayer
LogPluginManager: Mounting plugin WindowsMoviePlayer
LogPluginManager: Mounting plugin ScreenshotTools
LogInit: Using libcurl 7.55.1-DEV
LogInit:  - built for x86_64-pc-win32
LogInit:  - supports SSL with OpenSSL/1.1.1
LogInit:  - supports HTTP deflate (compression) using libz 1.2.8
LogInit:  - other features:
LogInit:      CURL_VERSION_SSL
LogInit:      CURL_VERSION_LIBZ
LogInit:      CURL_VERSION_IPV6
LogInit:      CURL_VERSION_ASYNCHDNS
LogInit:      CURL_VERSION_LARGEFILE
LogInit:      CURL_VERSION_IDN
LogInit:  CurlRequestOptions (configurable via config and command line):
LogInit:  - bVerifyPeer = true  - Libcurl will verify peer certificate
LogInit:  - bUseHttpProxy = false  - Libcurl will NOT use HTTP proxy
LogInit:  - bDontReuseConnections = false  - Libcurl will reuse connections
LogInit:  - MaxHostConnections = 16  - Libcurl will limit the number of connections to a host
LogInit:  - LocalHostAddr = Default
LogInit:  - BufferSize = 65536
LogOnline: Display: STEAM: Loading Steam SDK 1.42
LogOnline: OSS: Creating online subsystem instance for: Steam
LogOnline: Display: STEAM: OnlineSubsystemSteam::Shutdown()
LogOnline: OSS: Unable to create OnlineSubsystem module Steam
LogOnline: OSS: Creating online subsystem instance for: NULL
LogInit: WinSock: version 1.1 (2.2), MaxSocks=32767, MaxUdp=65467
LogInit: Build: ++UE4+Release-4.23-CL-9631420
LogInit: Engine Version: 4.23.1-9631420+++UE4+Release-4.23
LogInit: Compatible Engine Version: 4.23.0-8386587+++UE4+Release-4.23
LogInit: Net CL: 8386587
LogInit: OS: Windows 10 (Release 1903) (), CPU: AMD Ryzen 5 2600 Six-Core Processor            , GPU: NVIDIA GeForce GTX 1650
LogInit: Compiled (64-bit): Oct 18 2019 02:07:44
LogInit: Compiled with Visual C++: 19.16.27030.01
LogInit: Build Configuration: Development
LogInit: Branch Name: ++UE4+Release-4.23
LogInit: Command Line: 
LogInit: Base Directory: G:/Epic Games/UE_4.23/Engine/Binaries/Win64/
LogInit: Installed Engine Build: 1
LogDevObjectVersion: Number of dev versions registered: 23
LogDevObjectVersion:   Dev-Blueprints (B0D832E4-1F89-4F0D-ACCF-7EB736FD4AA2): 10
LogDevObjectVersion:   Dev-Build (E1C64328-A22C-4D53-A36C-8E866417BD8C): 0
LogDevObjectVersion:   Dev-Core (375EC13C-06E4-48FB-B500-84F0262A717E): 3
LogDevObjectVersion:   Dev-Editor (E4B068ED-F494-42E9-A231-DA0B2E46BB41): 34
LogDevObjectVersion:   Dev-Framework (CFFC743F-43B0-4480-9391-14DF171D2073): 35
LogDevObjectVersion:   Dev-Mobile (B02B49B5-BB20-44E9-A304-32B752E40360): 2
LogDevObjectVersion:   Dev-Networking (A4E4105C-59A1-49B5-A7C5-40C4547EDFEE): 0
LogDevObjectVersion:   Dev-Online (39C831C9-5AE6-47DC-9A44-9C173E1C8E7C): 0
LogDevObjectVersion:   Dev-Physics (78F01B33-EBEA-4F98-B9B4-84EACCB95AA2): 0
LogDevObjectVersion:   Dev-Platform (6631380F-2D4D-43E0-8009-CF276956A95A): 0
LogDevObjectVersion:   Dev-Rendering (12F88B9F-8875-4AFC-A67C-D90C383ABD29): 31
LogDevObjectVersion:   Dev-Sequencer (7B5AE74C-D270-4C10-A958-57980B212A5A): 11
LogDevObjectVersion:   Dev-VR (D7296918-1DD6-4BDD-9DE2-64A83CC13884): 2
LogDevObjectVersion:   Dev-LoadTimes (C2A15278-BFE7-4AFE-6C17-90FF531DF755): 1
LogDevObjectVersion:   Private-Geometry (6EACA3D4-40EC-4CC1-B786-8BED09428FC5): 3
LogDevObjectVersion:   Dev-AnimPhys (29E575DD-E0A3-4627-9D10-D276232CDCEA): 17
LogDevObjectVersion:   Dev-Anim (AF43A65D-7FD3-4947-9873-3E8ED9C1BB05): 2
LogDevObjectVersion:   Dev-ReflectionCapture (6B266CEC-1EC7-4B8F-A30B-E4D90942FC07): 1
LogDevObjectVersion:   Dev-Automation (0DF73D61-A23F-47EA-B727-89E90C41499A): 1
LogDevObjectVersion:   FortniteMain (601D1886-AC64-4F84-AA16-D3DE0DEAC7D6): 27
LogDevObjectVersion:   Dev-Enterprise (9DFFBCD6-494F-0158-E221-12823C92A888): 6
LogDevObjectVersion:   Dev-Niagara (F2AED0AC-9AFE-416F-8664-AA7FFA26D6FC): 1
LogDevObjectVersion:   Dev-Destruction (174F1F0B-B4C6-45A5-B13F-2EE8D0FB917D): 9
LogInit: Presizing for max 16777216 objects, including 0 objects not considered by GC, pre-allocating 0 bytes for permanent pool.
LogInit: Object subsystem initialized
LogConfig: Setting CVar [[con.DebugEarlyDefault:1]]
LogConfig: Setting CVar [[r.setres:1280x720]]
[2019.12.04-05.33.57:154][  0]LogConfig: Setting CVar [[r.VSync:0]]
[2019.12.04-05.33.57:154][  0]LogConfig: Setting CVar [[r.RHICmdBypass:0]]
[2019.12.04-05.33.57:154][  0]LogConfig: Applying CVar settings from Section [/Script/Engine.RendererSettings] File [C:/Users/Bradley/Documents/Unreal Projects/CST438_Space_Game/Saved/Config/Windows/Engine.ini]
[2019.12.04-05.33.57:154][  0]LogConfig: Setting CVar [[r.GPUCrashDebugging:0]]
[2019.12.04-05.33.57:154][  0]LogConfig: Applying CVar settings from Section [/Script/Engine.RendererOverrideSettings] File [C:/Users/Bradley/Documents/Unreal Projects/CST438_Space_Game/Saved/Config/Windows/Engine.ini]
[2019.12.04-05.33.57:154][  0]LogConfig: Applying CVar settings from Section [/Script/Engine.StreamingSettings] File [C:/Users/Bradley/Documents/Unreal Projects/CST438_Space_Game/Saved/Config/Windows/Engine.ini]
[2019.12.04-05.33.57:154][  0]LogConfig: Setting CVar [[s.MinBulkDataSizeForAsyncLoading:131072]]
[2019.12.04-05.33.57:154][  0]LogConfig: Setting CVar [[s.AsyncLoadingThreadEnabled:0]]
[2019.12.04-05.33.57:155][  0]LogConfig: Setting CVar [[s.EventDrivenLoaderEnabled:1]]
[2019.12.04-05.33.57:155][  0]LogConfig: Setting CVar [[s.WarnIfTimeLimitExceeded:0]]
[2019.12.04-05.33.57:155][  0]LogConfig: Setting CVar [[s.TimeLimitExceededMultiplier:1.5]]
[2019.12.04-05.33.57:155][  0]LogConfig: Setting CVar [[s.TimeLimitExceededMinTime:0.005]]
[2019.12.04-05.33.57:155][  0]LogConfig: Setting CVar [[s.UseBackgroundLevelStreaming:1]]
[2019.12.04-05.33.57:155][  0]LogConfig: Setting CVar [[s.PriorityAsyncLoadingExtraTime:15.0]]
[2019.12.04-05.33.57:155][  0]LogConfig: Setting CVar [[s.LevelStreamingActorsUpdateTimeLimit:5.0]]
[2019.12.04-05.33.57:155][  0]LogConfig: Setting CVar [[s.PriorityLevelStreamingActorsUpdateExtraTime:5.0]]
[2019.12.04-05.33.57:155][  0]LogConfig: Setting CVar [[s.LevelStreamingComponentsRegistrationGranularity:10]]
[2019.12.04-05.33.57:155][  0]LogConfig: Setting CVar [[s.UnregisterComponentsTimeLimit:1.0]]
[2019.12.04-05.33.57:155][  0]LogConfig: Setting CVar [[s.LevelStreamingComponentsUnregistrationGranularity:5]]
[2019.12.04-05.33.57:155][  0]LogConfig: Applying CVar settings from Section [/Script/Engine.GarbageCollectionSettings] File [C:/Users/Bradley/Documents/Unreal Projects/CST438_Space_Game/Saved/Config/Windows/Engine.ini]
[2019.12.04-05.33.57:155][  0]LogConfig: Setting CVar [[gc.MaxObjectsNotConsideredByGC:1]]
[2019.12.04-05.33.57:155][  0]LogConfig: Setting CVar [[gc.SizeOfPermanentObjectPool:0]]
[2019.12.04-05.33.57:155][  0]LogConfig: Setting CVar [[gc.FlushStreamingOnGC:0]]
[2019.12.04-05.33.57:155][  0]LogConfig: Setting CVar [[gc.NumRetriesBeforeForcingGC:10]]
[2019.12.04-05.33.57:155][  0]LogConfig: Setting CVar [[gc.AllowParallelGC:1]]
[2019.12.04-05.33.57:155][  0]LogConfig: Setting CVar [[gc.TimeBetweenPurgingPendingKillObjects:61.1]]
[2019.12.04-05.33.57:155][  0]LogConfig: Setting CVar [[gc.MaxObjectsInEditor:16777216]]
[2019.12.04-05.33.57:155][  0]LogConfig: Setting CVar [[gc.IncrementalBeginDestroyEnabled:1]]
[2019.12.04-05.33.57:155][  0]LogConfig: Setting CVar [[gc.CreateGCClusters:1]]
[2019.12.04-05.33.57:155][  0]LogConfig: Setting CVar [[gc.MinGCClusterSize:5]]
[2019.12.04-05.33.57:155][  0]LogConfig: Setting CVar [[gc.ActorClusteringEnabled:0]]
[2019.12.04-05.33.57:155][  0]LogConfig: Setting CVar [[gc.BlueprintClusteringEnabled:0]]
[2019.12.04-05.33.57:155][  0]LogConfig: Setting CVar [[gc.UseDisregardForGCOnDedicatedServers:0]]
[2019.12.04-05.33.57:155][  0]LogConfig: Applying CVar settings from Section [/Script/Engine.NetworkSettings] File [C:/Users/Bradley/Documents/Unreal Projects/CST438_Space_Game/Saved/Config/Windows/Engine.ini]
[2019.12.04-05.33.57:155][  0]LogConfig: Applying CVar settings from Section [/Script/UnrealEd.CookerSettings] File [C:/Users/Bradley/Documents/Unreal Projects/CST438_Space_Game/Saved/Config/Windows/Engine.ini]
[2019.12.04-05.33.57:157][  0]LogConfig: Applying CVar settings from Section [ViewDistanceQuality@3] File [C:/Users/Bradley/Documents/Unreal Projects/CST438_Space_Game/Saved/Config/Windows/Scalability.ini]
[2019.12.04-05.33.57:157][  0]LogConfig: Setting CVar [[r.SkeletalMeshLODBias:0]]
[2019.12.04-05.33.57:157][  0]LogConfig: Setting CVar [[r.ViewDistanceScale:1.0]]
[2019.12.04-05.33.57:157][  0]LogConfig: Applying CVar settings from Section [AntiAliasingQuality@3] File [C:/Users/Bradley/Documents/Unreal Projects/CST438_Space_Game/Saved/Config/Windows/Scalability.ini]
[2019.12.04-05.33.57:157][  0]LogConfig: Setting CVar [[r.PostProcessAAQuality:4]]
[2019.12.04-05.33.57:157][  0]LogConfig: Applying CVar settings from Section [ShadowQuality@3] File [C:/Users/Bradley/Documents/Unreal Projects/CST438_Space_Game/Saved/Config/Windows/Scalability.ini]
[2019.12.04-05.33.57:157][  0]LogConfig: Setting CVar [[r.LightFunctionQuality:1]]
[2019.12.04-05.33.57:157][  0]LogConfig: Setting CVar [[r.ShadowQuality:5]]
[2019.12.04-05.33.57:157][  0]LogConfig: Setting CVar [[r.Shadow.CSM.MaxCascades:10]]
[2019.12.04-05.33.57:157][  0]LogConfig: Setting CVar [[r.Shadow.MaxResolution:2048]]
[2019.12.04-05.33.57:157][  0]LogConfig: Setting CVar [[r.Shadow.MaxCSMResolution:2048]]
[2019.12.04-05.33.57:157][  0]LogConfig: Setting CVar [[r.Shadow.RadiusThreshold:0.01]]
[2019.12.04-05.33.57:157][  0]LogConfig: Setting CVar [[r.Shadow.DistanceScale:1.0]]
[2019.12.04-05.33.57:157][  0]LogConfig: Setting CVar [[r.Shadow.CSM.TransitionScale:1.0]]
[2019.12.04-05.33.57:157][  0]LogConfig: Setting CVar [[r.Shadow.PreShadowResolutionFactor:1.0]]
[2019.12.04-05.33.57:157][  0]LogConfig: Setting CVar [[r.DistanceFieldShadowing:1]]
[2019.12.04-05.33.57:157][  0]LogConfig: Setting CVar [[r.DistanceFieldAO:1]]
[2019.12.04-05.33.57:157][  0]LogConfig: Setting CVar [[r.AOQuality:2]]
[2019.12.04-05.33.57:158][  0]LogConfig: Setting CVar [[r.VolumetricFog:1]]
[2019.12.04-05.33.57:158][  0]LogConfig: Setting CVar [[r.VolumetricFog.GridPixelSize:8]]
[2019.12.04-05.33.57:158][  0]LogConfig: Setting CVar [[r.VolumetricFog.GridSizeZ:128]]
[2019.12.04-05.33.57:158][  0]LogConfig: Setting CVar [[r.VolumetricFog.HistoryMissSupersampleCount:4]]
[2019.12.04-05.33.57:158][  0]LogConfig: Setting CVar [[r.LightMaxDrawDistanceScale:1]]
[2019.12.04-05.33.57:158][  0]LogConfig: Setting CVar [[r.CapsuleShadows:1]]
[2019.12.04-05.33.57:158][  0]LogConfig: Applying CVar settings from Section [PostProcessQuality@3] File [C:/Users/Bradley/Documents/Unreal Projects/CST438_Space_Game/Saved/Config/Windows/Scalability.ini]
[2019.12.04-05.33.57:158][  0]LogConfig: Setting CVar [[r.MotionBlurQuality:4]]
[2019.12.04-05.33.57:158][  0]LogConfig: Setting CVar [[r.AmbientOcclusionMipLevelFactor:0.4]]
[2019.12.04-05.33.57:158][  0]LogConfig: Setting CVar [[r.AmbientOcclusionMaxQuality:100]]
[2019.12.04-05.33.57:158][  0]LogConfig: Setting CVar [[r.AmbientOcclusionLevels:-1]]
[2019.12.04-05.33.57:158][  0]LogConfig: Setting CVar [[r.AmbientOcclusionRadiusScale:1.0]]
[2019.12.04-05.33.57:158][  0]LogConfig: Setting CVar [[r.DepthOfFieldQuality:2]]
[2019.12.04-05.33.57:158][  0]LogConfig: Setting CVar [[r.RenderTargetPoolMin:400]]
[2019.12.04-05.33.57:158][  0]LogConfig: Setting CVar [[r.LensFlareQuality:2]]
[2019.12.04-05.33.57:158][  0]LogConfig: Setting CVar [[r.SceneColorFringeQuality:1]]
[2019.12.04-05.33.57:158][  0]LogConfig: Setting CVar [[r.EyeAdaptationQuality:2]]
[2019.12.04-05.33.57:158][  0]LogConfig: Setting CVar [[r.BloomQuality:5]]
[2019.12.04-05.33.57:158][  0]LogConfig: Setting CVar [[r.FastBlurThreshold:100]]
[2019.12.04-05.33.57:158][  0]LogConfig: Setting CVar [[r.Upscale.Quality:3]]
[2019.12.04-05.33.57:158][  0]LogConfig: Setting CVar [[r.Tonemapper.GrainQuantization:1]]
[2019.12.04-05.33.57:158][  0]LogConfig: Setting CVar [[r.LightShaftQuality:1]]
[2019.12.04-05.33.57:158][  0]LogConfig: Setting CVar [[r.Filter.SizeScale:1]]
[2019.12.04-05.33.57:158][  0]LogConfig: Setting CVar [[r.Tonemapper.Quality:5]]
[2019.12.04-05.33.57:158][  0]LogConfig: Setting CVar [[r.DOF.Gather.AccumulatorQuality:1        ; higher gathering accumulator quality]]
[2019.12.04-05.33.57:158][  0]LogConfig: Setting CVar [[r.DOF.Gather.PostfilterMethod:1          ; Median3x3 postfilering method]]
[2019.12.04-05.33.57:158][  0]LogConfig: Setting CVar [[r.DOF.Gather.EnableBokehSettings:0       ; no bokeh simulation when gathering]]
[2019.12.04-05.33.57:158][  0]LogConfig: Setting CVar [[r.DOF.Gather.RingCount:4                 ; medium number of samples when gathering]]
[2019.12.04-05.33.57:158][  0]LogConfig: Setting CVar [[r.DOF.Scatter.ForegroundCompositing:1    ; additive foreground scattering]]
[2019.12.04-05.33.57:158][  0]LogConfig: Setting CVar [[r.DOF.Scatter.BackgroundCompositing:2    ; additive background scattering]]
[2019.12.04-05.33.57:158][  0]LogConfig: Setting CVar [[r.DOF.Scatter.EnableBokehSettings:1      ; bokeh simulation when scattering]]
[2019.12.04-05.33.57:158][  0]LogConfig: Setting CVar [[r.DOF.Scatter.MaxSpriteRatio:0.1         ; only a maximum of 10% of scattered bokeh]]
[2019.12.04-05.33.57:158][  0]LogConfig: Setting CVar [[r.DOF.Recombine.Quality:1                ; cheap slight out of focus]]
[2019.12.04-05.33.57:158][  0]LogConfig: Setting CVar [[r.DOF.Recombine.EnableBokehSettings:0    ; no bokeh simulation on slight out of focus]]
[2019.12.04-05.33.57:158][  0]LogConfig: Setting CVar [[r.DOF.TemporalAAQuality:1                ; more stable temporal accumulation]]
[2019.12.04-05.33.57:158][  0]LogConfig: Setting CVar [[r.DOF.Kernel.MaxForegroundRadius:0.025]]
[2019.12.04-05.33.57:158][  0]LogConfig: Setting CVar [[r.DOF.Kernel.MaxBackgroundRadius:0.025]]
[2019.12.04-05.33.57:158][  0]LogConfig: Applying CVar settings from Section [TextureQuality@3] File [C:/Users/Bradley/Documents/Unreal Projects/CST438_Space_Game/Saved/Config/Windows/Scalability.ini]
[2019.12.04-05.33.57:158][  0]LogConfig: Setting CVar [[r.Streaming.MipBias:0]]
[2019.12.04-05.33.57:158][  0]LogConfig: Setting CVar [[r.Streaming.AmortizeCPUToGPUCopy:0]]
[2019.12.04-05.33.57:158][  0]LogConfig: Setting CVar [[r.Streaming.MaxNumTexturesToStreamPerFrame:0]]
[2019.12.04-05.33.57:158][  0]LogConfig: Setting CVar [[r.Streaming.Boost:1]]
[2019.12.04-05.33.57:158][  0]LogConfig: Setting CVar [[r.MaxAnisotropy:8]]
[2019.12.04-05.33.57:158][  0]LogConfig: Setting CVar [[r.Streaming.LimitPoolSizeToVRAM:0]]
[2019.12.04-05.33.57:158][  0]LogConfig: Setting CVar [[r.Streaming.PoolSize:1000]]
[2019.12.04-05.33.57:158][  0]LogConfig: Setting CVar [[r.Streaming.MaxEffectiveScreenSize:0]]
[2019.12.04-05.33.57:158][  0]LogConfig: Applying CVar settings from Section [EffectsQuality@3] File [C:/Users/Bradley/Documents/Unreal Projects/CST438_Space_Game/Saved/Config/Windows/Scalability.ini]
[2019.12.04-05.33.57:158][  0]LogConfig: Setting CVar [[r.TranslucencyLightingVolumeDim:64]]
[2019.12.04-05.33.57:158][  0]LogConfig: Setting CVar [[r.RefractionQuality:2]]
[2019.12.04-05.33.57:158][  0]LogConfig: Setting CVar [[r.SSR.Quality:3]]
[2019.12.04-05.33.57:158][  0]LogConfig: Setting CVar [[r.SceneColorFormat:4]]
[2019.12.04-05.33.57:158][  0]LogConfig: Setting CVar [[r.DetailMode:2]]
[2019.12.04-05.33.57:158][  0]LogConfig: Setting CVar [[r.TranslucencyVolumeBlur:1]]
[2019.12.04-05.33.57:158][  0]LogConfig: Setting CVar [[r.MaterialQualityLevel:1 ; High quality]]
[2019.12.04-05.33.57:158][  0]LogConfig: Setting CVar [[r.SSS.Scale:1]]
[2019.12.04-05.33.57:158][  0]LogConfig: Setting CVar [[r.SSS.SampleSet:2]]
[2019.12.04-05.33.57:158][  0]LogConfig: Setting CVar [[r.SSS.Quality:1]]
[2019.12.04-05.33.57:158][  0]LogConfig: Setting CVar [[r.SSS.HalfRes:1]]
[2019.12.04-05.33.57:158][  0]LogConfig: Setting CVar [[r.EmitterSpawnRateScale:1.0]]
[2019.12.04-05.33.57:158][  0]LogConfig: Setting CVar [[r.ParticleLightQuality:2]]
[2019.12.04-05.33.57:158][  0]LogConfig: Applying CVar settings from Section [FoliageQuality@3] File [C:/Users/Bradley/Documents/Unreal Projects/CST438_Space_Game/Saved/Config/Windows/Scalability.ini]
[2019.12.04-05.33.57:158][  0]LogConfig: Setting CVar [[foliage.DensityScale:1.0]]
[2019.12.04-05.33.57:158][  0]LogConfig: Setting CVar [[grass.DensityScale:1.0]]
[2019.12.04-05.33.57:158][  0]LogInit: Selected Device Profile: [Windows]
[2019.12.04-05.33.57:159][  0]LogInit: Applying CVar settings loaded from the selected device profile: [Windows]
[2019.12.04-05.33.57:161][  0]LogHAL: Display: Platform has ~ 16 GB [17125842944 / 17179869184 / 16], which maps to Larger [LargestMinGB=32, LargerMinGB=12, DefaultMinGB=8, SmallerMinGB=6, SmallestMinGB=0)
[2019.12.04-05.33.57:161][  0]LogInit: Going up to parent DeviceProfile []
[2019.12.04-05.33.57:162][  0]LogConfig: Applying CVar settings from Section [ViewDistanceQuality@3] File [C:/Users/Bradley/Documents/Unreal Projects/CST438_Space_Game/Saved/Config/Windows/Scalability.ini]
[2019.12.04-05.33.57:162][  0]LogConfig: Setting CVar [[r.SkeletalMeshLODBias:0]]
[2019.12.04-05.33.57:162][  0]LogConfig: Setting CVar [[r.ViewDistanceScale:1.0]]
[2019.12.04-05.33.57:162][  0]LogConfig: Applying CVar settings from Section [AntiAliasingQuality@3] File [C:/Users/Bradley/Documents/Unreal Projects/CST438_Space_Game/Saved/Config/Windows/Scalability.ini]
[2019.12.04-05.33.57:162][  0]LogConfig: Setting CVar [[r.PostProcessAAQuality:4]]
[2019.12.04-05.33.57:162][  0]LogConfig: Applying CVar settings from Section [ShadowQuality@3] File [C:/Users/Bradley/Documents/Unreal Projects/CST438_Space_Game/Saved/Config/Windows/Scalability.ini]
[2019.12.04-05.33.57:162][  0]LogConfig: Setting CVar [[r.LightFunctionQuality:1]]
[2019.12.04-05.33.57:162][  0]LogConfig: Setting CVar [[r.ShadowQuality:5]]
[2019.12.04-05.33.57:162][  0]LogConfig: Setting CVar [[r.Shadow.CSM.MaxCascades:10]]
[2019.12.04-05.33.57:162][  0]LogConfig: Setting CVar [[r.Shadow.MaxResolution:2048]]
[2019.12.04-05.33.57:162][  0]LogConfig: Setting CVar [[r.Shadow.MaxCSMResolution:2048]]
[2019.12.04-05.33.57:162][  0]LogConfig: Setting CVar [[r.Shadow.RadiusThreshold:0.01]]
[2019.12.04-05.33.57:162][  0]LogConfig: Setting CVar [[r.Shadow.DistanceScale:1.0]]
[2019.12.04-05.33.57:162][  0]LogConfig: Setting CVar [[r.Shadow.CSM.TransitionScale:1.0]]
[2019.12.04-05.33.57:162][  0]LogConfig: Setting CVar [[r.Shadow.PreShadowResolutionFactor:1.0]]
[2019.12.04-05.33.57:162][  0]LogConfig: Setting CVar [[r.DistanceFieldShadowing:1]]
[2019.12.04-05.33.57:162][  0]LogConfig: Setting CVar [[r.DistanceFieldAO:1]]
[2019.12.04-05.33.57:162][  0]LogConfig: Setting CVar [[r.AOQuality:2]]
[2019.12.04-05.33.57:162][  0]LogConfig: Setting CVar [[r.VolumetricFog:1]]
[2019.12.04-05.33.57:162][  0]LogConfig: Setting CVar [[r.VolumetricFog.GridPixelSize:8]]
[2019.12.04-05.33.57:162][  0]LogConfig: Setting CVar [[r.VolumetricFog.GridSizeZ:128]]
[2019.12.04-05.33.57:162][  0]LogConfig: Setting CVar [[r.VolumetricFog.HistoryMissSupersampleCount:4]]
[2019.12.04-05.33.57:162][  0]LogConfig: Setting CVar [[r.LightMaxDrawDistanceScale:1]]
[2019.12.04-05.33.57:162][  0]LogConfig: Setting CVar [[r.CapsuleShadows:1]]
[2019.12.04-05.33.57:162][  0]LogConfig: Applying CVar settings from Section [PostProcessQuality@3] File [C:/Users/Bradley/Documents/Unreal Projects/CST438_Space_Game/Saved/Config/Windows/Scalability.ini]
[2019.12.04-05.33.57:162][  0]LogConfig: Setting CVar [[r.MotionBlurQuality:4]]
[2019.12.04-05.33.57:162][  0]LogConfig: Setting CVar [[r.AmbientOcclusionMipLevelFactor:0.4]]
[2019.12.04-05.33.57:162][  0]LogConfig: Setting CVar [[r.AmbientOcclusionMaxQuality:100]]
[2019.12.04-05.33.57:162][  0]LogConfig: Setting CVar [[r.AmbientOcclusionLevels:-1]]
[2019.12.04-05.33.57:162][  0]LogConfig: Setting CVar [[r.AmbientOcclusionRadiusScale:1.0]]
[2019.12.04-05.33.57:162][  0]LogConfig: Setting CVar [[r.DepthOfFieldQuality:2]]
[2019.12.04-05.33.57:162][  0]LogConfig: Setting CVar [[r.RenderTargetPoolMin:400]]
[2019.12.04-05.33.57:162][  0]LogConfig: Setting CVar [[r.LensFlareQuality:2]]
[2019.12.04-05.33.57:162][  0]LogConfig: Setting CVar [[r.SceneColorFringeQuality:1]]
[2019.12.04-05.33.57:162][  0]LogConfig: Setting CVar [[r.EyeAdaptationQuality:2]]
[2019.12.04-05.33.57:162][  0]LogConfig: Setting CVar [[r.BloomQuality:5]]
[2019.12.04-05.33.57:162][  0]LogConfig: Setting CVar [[r.FastBlurThreshold:100]]
[2019.12.04-05.33.57:162][  0]LogConfig: Setting CVar [[r.Upscale.Quality:3]]
[2019.12.04-05.33.57:162][  0]LogConfig: Setting CVar [[r.Tonemapper.GrainQuantization:1]]
[2019.12.04-05.33.57:162][  0]LogConfig: Setting CVar [[r.LightShaftQuality:1]]
[2019.12.04-05.33.57:162][  0]LogConfig: Setting CVar [[r.Filter.SizeScale:1]]
[2019.12.04-05.33.57:162][  0]LogConfig: Setting CVar [[r.Tonemapper.Quality:5]]
[2019.12.04-05.33.57:162][  0]LogConfig: Setting CVar [[r.DOF.Gather.AccumulatorQuality:1        ; higher gathering accumulator quality]]
[2019.12.04-05.33.57:162][  0]LogConfig: Setting CVar [[r.DOF.Gather.PostfilterMethod:1          ; Median3x3 postfilering method]]
[2019.12.04-05.33.57:162][  0]LogConfig: Setting CVar [[r.DOF.Gather.EnableBokehSettings:0       ; no bokeh simulation when gathering]]
[2019.12.04-05.33.57:162][  0]LogConfig: Setting CVar [[r.DOF.Gather.RingCount:4                 ; medium number of samples when gathering]]
[2019.12.04-05.33.57:162][  0]LogConfig: Setting CVar [[r.DOF.Scatter.ForegroundCompositing:1    ; additive foreground scattering]]
[2019.12.04-05.33.57:162][  0]LogConfig: Setting CVar [[r.DOF.Scatter.BackgroundCompositing:2    ; additive background scattering]]
[2019.12.04-05.33.57:162][  0]LogConfig: Setting CVar [[r.DOF.Scatter.EnableBokehSettings:1      ; bokeh simulation when scattering]]
[2019.12.04-05.33.57:162][  0]LogConfig: Setting CVar [[r.DOF.Scatter.MaxSpriteRatio:0.1         ; only a maximum of 10% of scattered bokeh]]
[2019.12.04-05.33.57:162][  0]LogConfig: Setting CVar [[r.DOF.Recombine.Quality:1                ; cheap slight out of focus]]
[2019.12.04-05.33.57:162][  0]LogConfig: Setting CVar [[r.DOF.Recombine.EnableBokehSettings:0    ; no bokeh simulation on slight out of focus]]
[2019.12.04-05.33.57:162][  0]LogConfig: Setting CVar [[r.DOF.TemporalAAQuality:1                ; more stable temporal accumulation]]
[2019.12.04-05.33.57:162][  0]LogConfig: Setting CVar [[r.DOF.Kernel.MaxForegroundRadius:0.025]]
[2019.12.04-05.33.57:162][  0]LogConfig: Setting CVar [[r.DOF.Kernel.MaxBackgroundRadius:0.025]]
[2019.12.04-05.33.57:162][  0]LogConfig: Applying CVar settings from Section [TextureQuality@3] File [C:/Users/Bradley/Documents/Unreal Projects/CST438_Space_Game/Saved/Config/Windows/Scalability.ini]
[2019.12.04-05.33.57:163][  0]LogConfig: Setting CVar [[r.Streaming.MipBias:0]]
[2019.12.04-05.33.57:163][  0]LogConfig: Setting CVar [[r.Streaming.AmortizeCPUToGPUCopy:0]]
[2019.12.04-05.33.57:163][  0]LogConfig: Setting CVar [[r.Streaming.MaxNumTexturesToStreamPerFrame:0]]
[2019.12.04-05.33.57:163][  0]LogConfig: Setting CVar [[r.Streaming.Boost:1]]
[2019.12.04-05.33.57:163][  0]LogConfig: Setting CVar [[r.MaxAnisotropy:8]]
[2019.12.04-05.33.57:163][  0]LogConfig: Setting CVar [[r.Streaming.LimitPoolSizeToVRAM:0]]
[2019.12.04-05.33.57:163][  0]LogConfig: Setting CVar [[r.Streaming.PoolSize:1000]]
[2019.12.04-05.33.57:163][  0]LogConfig: Setting CVar [[r.Streaming.MaxEffectiveScreenSize:0]]
[2019.12.04-05.33.57:163][  0]LogConfig: Applying CVar settings from Section [EffectsQuality@3] File [C:/Users/Bradley/Documents/Unreal Projects/CST438_Space_Game/Saved/Config/Windows/Scalability.ini]
[2019.12.04-05.33.57:163][  0]LogConfig: Setting CVar [[r.TranslucencyLightingVolumeDim:64]]
[2019.12.04-05.33.57:163][  0]LogConfig: Setting CVar [[r.RefractionQuality:2]]
[2019.12.04-05.33.57:163][  0]LogConfig: Setting CVar [[r.SSR.Quality:3]]
[2019.12.04-05.33.57:163][  0]LogConfig: Setting CVar [[r.SceneColorFormat:4]]
[2019.12.04-05.33.57:163][  0]LogConfig: Setting CVar [[r.DetailMode:2]]
[2019.12.04-05.33.57:163][  0]LogConfig: Setting CVar [[r.TranslucencyVolumeBlur:1]]
[2019.12.04-05.33.57:163][  0]LogConfig: Setting CVar [[r.MaterialQualityLevel:1 ; High quality]]
[2019.12.04-05.33.57:163][  0]LogConfig: Setting CVar [[r.SSS.Scale:1]]
[2019.12.04-05.33.57:163][  0]LogConfig: Setting CVar [[r.SSS.SampleSet:2]]
[2019.12.04-05.33.57:163][  0]LogConfig: Setting CVar [[r.SSS.Quality:1]]
[2019.12.04-05.33.57:163][  0]LogConfig: Setting CVar [[r.SSS.HalfRes:1]]
[2019.12.04-05.33.57:163][  0]LogConfig: Setting CVar [[r.EmitterSpawnRateScale:1.0]]
[2019.12.04-05.33.57:163][  0]LogConfig: Setting CVar [[r.ParticleLightQuality:2]]
[2019.12.04-05.33.57:163][  0]LogConfig: Applying CVar settings from Section [FoliageQuality@3] File [C:/Users/Bradley/Documents/Unreal Projects/CST438_Space_Game/Saved/Config/Windows/Scalability.ini]
[2019.12.04-05.33.57:163][  0]LogConfig: Setting CVar [[foliage.DensityScale:1.0]]
[2019.12.04-05.33.57:163][  0]LogConfig: Setting CVar [[grass.DensityScale:1.0]]
[2019.12.04-05.33.57:163][  0]LogConfig: Applying CVar settings from Section [Startup] File [../../../Engine/Config/ConsoleVariables.ini]
[2019.12.04-05.33.57:163][  0]LogConfig: Setting CVar [[net.UseAdaptiveNetUpdateFrequency:0]]
[2019.12.04-05.33.57:163][  0]LogConfig: Setting CVar [[p.chaos.AllowCreatePhysxBodies:1]]
[2019.12.04-05.33.57:163][  0]LogConfig: Applying CVar settings from Section [ConsoleVariables] File [C:/Users/Bradley/Documents/Unreal Projects/CST438_Space_Game/Saved/Config/Windows/Engine.ini]
[2019.12.04-05.33.57:163][  0]LogInit: Computer: DESKTOP-MV7BAV3
[2019.12.04-05.33.57:163][  0]LogInit: User: Bradley
[2019.12.04-05.33.57:163][  0]LogInit: CPU Page size=4096, Cores=6
[2019.12.04-05.33.57:163][  0]LogInit: High frequency timer resolution =10.000000 MHz
[2019.12.04-05.33.57:164][  0]LogMemory: Memory total: Physical=15.9GB (16GB approx)
[2019.12.04-05.33.57:164][  0]LogMemory: Platform Memory Stats for Windows
[2019.12.04-05.33.57:164][  0]LogMemory: Process Physical Memory: 102.70 MB used, 102.71 MB peak
[2019.12.04-05.33.57:164][  0]LogMemory: Process Virtual Memory: 99.93 MB used, 99.93 MB peak
[2019.12.04-05.33.57:164][  0]LogMemory: Physical Memory: 10848.67 MB used,  5483.80 MB free, 16332.48 MB total
[2019.12.04-05.33.57:164][  0]LogMemory: Virtual Memory: 4686.49 MB used,  134213040.00 MB free, 134217728.00 MB total
[2019.12.04-05.33.57:167][  0]LogWindows: WindowsPlatformFeatures enabled
[2019.12.04-05.33.57:189][  0]LogInit: Using OS detected language (en-US).
[2019.12.04-05.33.57:189][  0]LogInit: Using OS detected locale (en-US).
[2019.12.04-05.33.57:190][  0]LogTextLocalizationManager: No specific localization for 'en-US' exists, so the 'en' localization will be used.
[2019.12.04-05.33.57:398][  0]LogInit: Setting process to per monitor DPI aware
[2019.12.04-05.33.57:438][  0]LogSlate: New Slate User Created.  User Index 0, Is Virtual User: 0
[2019.12.04-05.33.57:438][  0]LogSlate: Slate User Registered.  User Index 0, Is Virtual User: 0
[2019.12.04-05.33.57:635][  0]LogHMD: Failed to initialize OpenVR with code 110
[2019.12.04-05.33.57:635][  0]LogD3D11RHI: D3D11 adapters:
[2019.12.04-05.33.57:742][  0]LogD3D11RHI:    0. 'NVIDIA GeForce GTX 1650' (Feature Level 11_0)
[2019.12.04-05.33.57:742][  0]LogD3D11RHI:       3962/0/8166 MB DedicatedVideo/DedicatedSystem/SharedSystem, Outputs:1, VendorId:0x10de
[2019.12.04-05.33.57:745][  0]LogD3D11RHI:    1. 'Microsoft Basic Render Driver' (Feature Level 11_0)
[2019.12.04-05.33.57:745][  0]LogD3D11RHI:       0/0/8166 MB DedicatedVideo/DedicatedSystem/SharedSystem, Outputs:0, VendorId:0x1414
[2019.12.04-05.33.57:745][  0]LogD3D11RHI: Chosen D3D11 Adapter: 0
[2019.12.04-05.33.57:760][  0]LogD3D11RHI: Creating new Direct3DDevice
[2019.12.04-05.33.57:760][  0]LogD3D11RHI:     GPU DeviceId: 0x1f82 (for the marketing name, search the web for "GPU Device Id")
[2019.12.04-05.33.57:760][  0]LogWindows: EnumDisplayDevices:
[2019.12.04-05.33.57:760][  0]LogWindows:    0. 'NVIDIA GeForce GTX 1650' (P:1 D:1)
[2019.12.04-05.33.57:761][  0]LogWindows:    1. 'NVIDIA GeForce GTX 1650' (P:0 D:0)
[2019.12.04-05.33.57:762][  0]LogWindows:    2. 'NVIDIA GeForce GTX 1650' (P:0 D:0)
[2019.12.04-05.33.57:762][  0]LogWindows:    3. 'NVIDIA GeForce GTX 1650' (P:0 D:0)
[2019.12.04-05.33.57:762][  0]LogWindows: DebugString: FoundDriverCount:4 
[2019.12.04-05.33.57:762][  0]LogD3D11RHI:     Adapter Name: NVIDIA GeForce GTX 1650
[2019.12.04-05.33.57:763][  0]LogD3D11RHI:   Driver Version: 436.02 (internal:26.21.14.3602, unified:436.02)
[2019.12.04-05.33.57:763][  0]LogD3D11RHI:      Driver Date: 8-16-2019
[2019.12.04-05.33.57:763][  0]LogRHI: Texture pool is 2773 MB (70% of 3962 MB)
[2019.12.04-05.33.57:845][  0]LogD3D11RHI: Async texture creation enabled
[2019.12.04-05.33.57:877][  0]LogD3D11RHI: GPU Timing Frequency: 1000.000000 (Debug: 2 1)
[2019.12.04-05.33.58:554][  0]LogTemp: Display: Module 'AllDesktopTargetPlatform' loaded TargetPlatform 'AllDesktop'
[2019.12.04-05.33.58:564][  0]LogTemp: Display: Module 'MacClientTargetPlatform' loaded TargetPlatform 'MacClient'
[2019.12.04-05.33.58:573][  0]LogTemp: Display: Module 'MacNoEditorTargetPlatform' loaded TargetPlatform 'MacNoEditor'
[2019.12.04-05.33.58:582][  0]LogTemp: Display: Module 'MacServerTargetPlatform' loaded TargetPlatform 'MacServer'
[2019.12.04-05.33.58:592][  0]LogTemp: Display: Module 'MacTargetPlatform' loaded TargetPlatform 'Mac'
[2019.12.04-05.33.58:603][  0]LogTemp: Display: Module 'WindowsClientTargetPlatform' loaded TargetPlatform 'WindowsClient'
[2019.12.04-05.33.58:613][  0]LogTemp: Display: Module 'WindowsNoEditorTargetPlatform' loaded TargetPlatform 'WindowsNoEditor'
[2019.12.04-05.33.58:621][  0]LogTemp: Display: Module 'WindowsServerTargetPlatform' loaded TargetPlatform 'WindowsServer'
[2019.12.04-05.33.58:626][  0]LogTemp: Display: Module 'WindowsTargetPlatform' loaded TargetPlatform 'Windows'
[2019.12.04-05.33.58:665][  0]LogTemp: Display: Module 'AndroidTargetPlatform' loaded TargetPlatform 'Android'
[2019.12.04-05.33.58:665][  0]LogTemp: Display: Module 'AndroidTargetPlatform' loaded TargetPlatform 'Android_ASTC'
[2019.12.04-05.33.58:665][  0]LogTemp: Display: Module 'AndroidTargetPlatform' loaded TargetPlatform 'Android_ATC'
[2019.12.04-05.33.58:665][  0]LogTemp: Display: Module 'AndroidTargetPlatform' loaded TargetPlatform 'Android_DXT'
[2019.12.04-05.33.58:665][  0]LogTemp: Display: Module 'AndroidTargetPlatform' loaded TargetPlatform 'Android_ETC1'
[2019.12.04-05.33.58:665][  0]LogTemp: Display: Module 'AndroidTargetPlatform' loaded TargetPlatform 'Android_ETC1a'
[2019.12.04-05.33.58:665][  0]LogTemp: Display: Module 'AndroidTargetPlatform' loaded TargetPlatform 'Android_ETC2'
[2019.12.04-05.33.58:665][  0]LogTemp: Display: Module 'AndroidTargetPlatform' loaded TargetPlatform 'Android_PVRTC'
[2019.12.04-05.33.58:665][  0]LogTemp: Display: Module 'AndroidTargetPlatform' loaded TargetPlatform 'AndroidClient'
[2019.12.04-05.33.58:665][  0]LogTemp: Display: Module 'AndroidTargetPlatform' loaded TargetPlatform 'Android_ASTCClient'
[2019.12.04-05.33.58:665][  0]LogTemp: Display: Module 'AndroidTargetPlatform' loaded TargetPlatform 'Android_ATCClient'
[2019.12.04-05.33.58:665][  0]LogTemp: Display: Module 'AndroidTargetPlatform' loaded TargetPlatform 'Android_DXTClient'
[2019.12.04-05.33.58:665][  0]LogTemp: Display: Module 'AndroidTargetPlatform' loaded TargetPlatform 'Android_ETC1Client'
[2019.12.04-05.33.58:665][  0]LogTemp: Display: Module 'AndroidTargetPlatform' loaded TargetPlatform 'Android_ETC1aClient'
[2019.12.04-05.33.58:665][  0]LogTemp: Display: Module 'AndroidTargetPlatform' loaded TargetPlatform 'Android_ETC2Client'
[2019.12.04-05.33.58:665][  0]LogTemp: Display: Module 'AndroidTargetPlatform' loaded TargetPlatform 'Android_PVRTCClient'
[2019.12.04-05.33.58:665][  0]LogTemp: Display: Module 'AndroidTargetPlatform' loaded TargetPlatform 'Android_Multi'
[2019.12.04-05.33.58:665][  0]LogTemp: Display: Module 'AndroidTargetPlatform' loaded TargetPlatform 'Android_MultiClient'
[2019.12.04-05.33.58:667][  0]LogTemp: Display: Module 'HTML5TargetPlatform' loaded TargetPlatform 'HTML5'
[2019.12.04-05.33.58:685][  0]LogTemp: Display: Module 'IOSTargetPlatform' loaded TargetPlatform 'IOSClient'
[2019.12.04-05.33.58:685][  0]LogTemp: Display: Module 'IOSTargetPlatform' loaded TargetPlatform 'IOS'
[2019.12.04-05.33.58:700][  0]LogTemp: Display: Module 'TVOSTargetPlatform' loaded TargetPlatform 'TVOSClient'
[2019.12.04-05.33.58:700][  0]LogTemp: Display: Module 'TVOSTargetPlatform' loaded TargetPlatform 'TVOS'
[2019.12.04-05.33.58:708][  0]LogTemp: Display: Module 'LinuxClientTargetPlatform' loaded TargetPlatform 'LinuxClient'
[2019.12.04-05.33.58:716][  0]LogTemp: Display: Module 'LinuxNoEditorTargetPlatform' loaded TargetPlatform 'LinuxNoEditor'
[2019.12.04-05.33.58:724][  0]LogTemp: Display: Module 'LinuxServerTargetPlatform' loaded TargetPlatform 'LinuxServer'
[2019.12.04-05.33.58:733][  0]LogTemp: Display: Module 'LinuxTargetPlatform' loaded TargetPlatform 'Linux'
[2019.12.04-05.33.58:766][  0]LogTemp: Display: Module 'LuminTargetPlatform' loaded TargetPlatform 'Lumin'
[2019.12.04-05.33.58:766][  0]LogTemp: Display: Module 'LuminTargetPlatform' loaded TargetPlatform 'LuminClient'
[2019.12.04-05.33.58:766][  0]LogTargetPlatformManager: Display: Building Assets For Windows
[2019.12.04-05.33.58:774][  0]LogAudioDebug: Display: Lib vorbis DLL was dynamically loaded.
[2019.12.04-05.33.58:819][  0]LogShaderCompilers: Guid format shader working directory is -13 characters bigger than the processId version (C:/Users/Bradley/Documents/Unreal Projects/CST438_Space_Game/Intermediate/Shaders/WorkingDirectory/17576/).
[2019.12.04-05.33.58:819][  0]LogShaderCompilers: Cleaned the shader compiler working directory 'C:/Users/Bradley/AppData/Local/Temp/UnrealShaderWorkingDir/D9A2DB2F47A140A1D881BC9F26DD2823/'.
[2019.12.04-05.33.58:821][  0]LogXGEController: Cannot use XGE Controller as Incredibuild is not installed on this machine.
[2019.12.04-05.33.58:821][  0]LogShaderCompilers: Cannot use XGE Shader Compiler as Incredibuild is not installed on this machine.
[2019.12.04-05.33.58:821][  0]LogShaderCompilers: Display: Using Local Shader Compiler.
[2019.12.04-05.33.59:475][  0]LogDerivedDataCache: Display: Max Cache Size: 512 MB
[2019.12.04-05.33.59:535][  0]LogDerivedDataCache: Loaded boot cache 0.06s 73MB C:/Users/Bradley/AppData/Local/UnrealEngine/4.23/DerivedDataCache/Boot.ddc.
[2019.12.04-05.33.59:535][  0]LogDerivedDataCache: Display: Loaded Boot cache: C:/Users/Bradley/AppData/Local/UnrealEngine/4.23/DerivedDataCache/Boot.ddc
[2019.12.04-05.33.59:535][  0]LogDerivedDataCache: FDerivedDataBackendGraph:  Pak pak cache file C:/Users/Bradley/Documents/Unreal Projects/CST438_Space_Game/DerivedDataCache/DDC.ddp not found, will not use a pak cache.
[2019.12.04-05.33.59:535][  0]LogDerivedDataCache: Unable to find inner node Pak for hierarchical cache Hierarchy.
[2019.12.04-05.33.59:535][  0]LogDerivedDataCache: FDerivedDataBackendGraph:  CompressedPak pak cache file C:/Users/Bradley/Documents/Unreal Projects/CST438_Space_Game/DerivedDataCache/Compressed.ddp not found, will not use a pak cache.
[2019.12.04-05.33.59:535][  0]LogDerivedDataCache: Unable to find inner node CompressedPak for hierarchical cache Hierarchy.
[2019.12.04-05.33.59:547][  0]LogDerivedDataCache: Display: Pak cache opened for reading ../../../Engine/DerivedDataCache/Compressed.ddp.
[2019.12.04-05.33.59:547][  0]LogDerivedDataCache: FDerivedDataBackendGraph:  EnterprisePak pak cache file ../../../Enterprise/DerivedDataCache/Compressed.ddp not found, will not use a pak cache.
[2019.12.04-05.33.59:547][  0]LogDerivedDataCache: Unable to find inner node EnterprisePak for hierarchical cache Hierarchy.
[2019.12.04-05.33.59:549][  0]LogDerivedDataCache: Using Local data cache path C:/Users/Bradley/AppData/Local/UnrealEngine/Common/DerivedDataCache: Writable
[2019.12.04-05.33.59:549][  0]LogDerivedDataCache: Shared data cache path not found in *engine.ini, will not use an Shared cache.
[2019.12.04-05.33.59:549][  0]LogDerivedDataCache: Unable to find inner node Shared for hierarchical cache Hierarchy.
[2019.12.04-05.33.59:571][  0]LogMaterial: Verifying Global Shaders for PCD3D_SM5
[2019.12.04-05.33.59:575][  0]LogSlate: Using FreeType 2.6.0
[2019.12.04-05.33.59:575][  0]LogSlate: SlateFontServices - WITH_FREETYPE: 1, WITH_HARFBUZZ: 1
[2019.12.04-05.33.59:635][  0]LogAssetRegistry: FAssetRegistry took 0.0026 seconds to start up
[2019.12.04-05.33.59:945][  0]LogInit: Selected Device Profile: [Windows]
[2019.12.04-05.34.00:095][  0]LogMeshReduction: Using QuadricMeshReduction for automatic static mesh reduction
[2019.12.04-05.34.00:095][  0]LogMeshReduction: Using SimplygonMeshReduction for automatic skeletal mesh reduction
[2019.12.04-05.34.00:095][  0]LogMeshReduction: Using ProxyLODMeshReduction for automatic mesh merging
[2019.12.04-05.34.00:095][  0]LogMeshReduction: No distributed automatic mesh merging module available
[2019.12.04-05.34.00:095][  0]LogMeshMerging: No distributed automatic mesh merging module available
[2019.12.04-05.34.00:108][  0]LogNetVersion: CST438_Space_Game 1.0.0, NetCL: 8386587, EngineNetVer: 11, GameNetVer: 0 (Checksum: 1485668743)
[2019.12.04-05.34.00:633][  0]LogPackageLocalizationCache: Processed 12 localized package path(s) for 1 prioritized culture(s) in 0.072917 seconds
[2019.12.04-05.34.00:643][  0]LogUObjectArray: 43453 objects as part of root set at end of initial load.
[2019.12.04-05.34.00:643][  0]LogUObjectAllocator: 7559736 out of 0 bytes used by permanent object pool.
[2019.12.04-05.34.00:643][  0]LogUObjectArray: CloseDisregardForGC: 0/0 objects in disregard for GC pool
[2019.12.04-05.34.01:449][  0]LogTcpMessaging: Initializing TcpMessaging bridge
[2019.12.04-05.34.01:452][  0]LogUdpMessaging: Initializing bridge on interface 0.0.0.0:0 to multicast group 230.0.0.1:6666.
[2019.12.04-05.34.01:515][  0]SourceControl: Source control is disabled
[2019.12.04-05.34.02:416][  0]LogAndroidPermission: UAndroidPermissionCallbackProxy::GetInstance
[2019.12.04-05.34.02:569][  0]LogOcInput: OculusInput pre-init called
[2019.12.04-05.34.02:576][  0]LogWindows: Failed to load 'OVRPlugin.dll' (GetLastError=126)
[2019.12.04-05.34.02:576][  0]LogWindows: File 'OVRPlugin.dll' does not exist
[2019.12.04-05.34.02:650][  0]LogEngine: Initializing Engine...
[2019.12.04-05.34.02:651][  0]LogHMD: Failed to initialize OpenVR with code 110
[2019.12.04-05.34.02:652][  0]LogStats: UGameplayTagsManager::InitializeManager -  0.000 s
[2019.12.04-05.34.02:889][  0]LogInit: Initializing FReadOnlyCVARCache
[2019.12.04-05.34.02:901][  0]LogAIModule: Creating AISystem for world Untitled
[2019.12.04-05.34.03:014][  0]LogInit: XAudio2 using 'Speakers (USB Audio Device)' : 2 channels at 48 kHz using 16 bits per sample (channel mask 0x3)
[2019.12.04-05.34.03:037][  0]LogInit: FAudioDevice initialized.
[2019.12.04-05.34.03:037][  0]LogNetVersion: Set ProjectVersion to 1.0.0.0. Version Checksum will be recalculated on next use.
[2019.12.04-05.34.03:242][  0]LogDerivedDataCache: Saved boot cache 0.21s 73MB C:/Users/Bradley/AppData/Local/UnrealEngine/4.23/DerivedDataCache/Boot.ddc.
[2019.12.04-05.34.03:253][  0]LogInit: Texture streaming: Enabled
[2019.12.04-05.34.03:274][  0]LogEngineSessionManager: EngineSessionManager initialized
[2019.12.04-05.34.03:274][  0]LogEditorSessionSummary: Verbose: Initializing EditorSessionSummaryWriter for editor session tracking
[2019.12.04-05.34.03:275][  0]LogEditorSessionSummary: EditorSessionSummaryWriter initialized
[2019.12.04-05.34.03:339][  0]LogInit: Transaction tracking system initialized
[2019.12.04-05.34.03:362][  0]BlueprintLog: New page: Editor Load
[2019.12.04-05.34.03:424][  0]LocalizationService: Localization service is disabled
[2019.12.04-05.34.03:662][  0]LogCook: Display: Max memory allowance for cook 16384mb min free memory 0mb
[2019.12.04-05.34.03:662][  0]LogCook: Display: Mobile HDR setting 1
[2019.12.04-05.34.03:825][  0]LogFileCache: Scanning file cache for directory 'C:/Users/Bradley/Documents/Unreal Projects/CST438_Space_Game/Content/' took 0.01s
[2019.12.04-05.34.03:825][  0]Cmd: MAP LOAD FILE="C:/Users/Bradley/Documents/Unreal Projects/CST438_Space_Game/Content/Maps/MainMenu.umap" TEMPLATE=0 SHOWPROGRESS=1 FEATURELEVEL=3
[2019.12.04-05.34.03:826][  0]LightingResults: New page: Lighting Build
[2019.12.04-05.34.03:828][  0]LogWorld: UWorld::CleanupWorld for Untitled, bSessionEnded=true, bCleanupResources=true
[2019.12.04-05.34.03:828][  0]MapCheck: New page: Map Check
[2019.12.04-05.34.03:828][  0]LightingResults: New page: Lighting Build
[2019.12.04-05.34.03:863][  0]LogUObjectHash: Compacting FUObjectHashTables data took   1.79ms
[2019.12.04-05.34.04:017][  0]LogAIModule: Creating AISystem for world MainMenu
[2019.12.04-05.34.04:017][  0]LogEditorServer: Finished looking for orphan Actors (0.000 secs)
[2019.12.04-05.34.04:055][  0]LogUObjectHash: Compacting FUObjectHashTables data took   2.20ms
[2019.12.04-05.34.04:055][  0]Cmd: MAP CHECKDEP NOCLEARLOG
[2019.12.04-05.34.04:055][  0]MapCheck: Map check complete: 0 Error(s), 0 Warning(s), took 0.207ms to complete.
[2019.12.04-05.34.04:055][  0]LogFileHelpers: Loading map 'MainMenu' took 0.230
[2019.12.04-05.34.04:164][  0]LogSlate: Updating window title bar state: overlay mode, drag disabled, window buttons hidden, title bar hidden
[2019.12.04-05.34.04:172][  0]LogSlate: Updating window title bar state: overlay mode, drag disabled, window buttons hidden, title bar hidden
[2019.12.04-05.34.04:180][  0]LogSlate: Updating window title bar state: overlay mode, drag disabled, window buttons hidden, title bar hidden
[2019.12.04-05.34.04:188][  0]LogSlate: Updating window title bar state: overlay mode, drag disabled, window buttons hidden, title bar hidden
[2019.12.04-05.34.04:193][  0]LogCollectionManager: Loaded 0 collections in 0.001165 seconds
[2019.12.04-05.34.04:199][  0]LogFileCache: Scanning file cache for directory 'C:/Users/Bradley/Documents/Unreal Projects/CST438_Space_Game/Saved/Collections/' took 0.00s
[2019.12.04-05.34.04:199][  0]LogFileCache: Scanning file cache for directory 'C:/Users/Bradley/Documents/Unreal Projects/CST438_Space_Game/Content/Developers/Bradley/Collections/' took 0.00s
[2019.12.04-05.34.04:199][  0]LogFileCache: Scanning file cache for directory 'C:/Users/Bradley/Documents/Unreal Projects/CST438_Space_Game/Content/Collections/' took 0.00s
[2019.12.04-05.34.04:199][  0]LogCollectionManager: Rebuilt the GUID cache for 0 collections in 0.000003 seconds
[2019.12.04-05.34.04:208][  0]LogContentBrowser: Native class hierarchy populated in 0.0088 seconds. Added 2866 classes and 684 folders.
[2019.12.04-05.34.04:214][  0]LogContentBrowser: Native class hierarchy updated for 'WidgetCarousel' in 0.0002 seconds. Added 0 classes and 0 folders.
[2019.12.04-05.34.04:252][  0]LogContentBrowser: Native class hierarchy updated for 'AddContentDialog' in 0.0003 seconds. Added 0 classes and 0 folders.
[2019.12.04-05.34.04:258][  0]LogContentBrowser: Native class hierarchy updated for 'SceneOutliner' in 0.0003 seconds. Added 1 classes and 2 folders.
[2019.12.04-05.34.04:267][  0]LogContentBrowser: Native class hierarchy updated for 'WorldBrowser' in 0.0003 seconds. Added 2 classes and 3 folders.
[2019.12.04-05.34.04:335][  0]LogSlate: Took 0.000207 seconds to synchronously load lazily loaded font '../../../Engine/Content/Slate/Fonts/Roboto-Regular.ttf' (155K)
[2019.12.04-05.34.04:337][  0]LogSlate: Took 0.000192 seconds to synchronously load lazily loaded font '../../../Engine/Content/Slate/Fonts/Roboto-Bold.ttf' (160K)
[2019.12.04-05.34.04:341][  0]LogSlate: Took 0.000186 seconds to synchronously load lazily loaded font '../../../Engine/Content/Editor/Slate/Fonts/FontAwesome.ttf' (139K)
[2019.12.04-05.34.04:405][  0]LogRenderer: Reallocating scene render targets to support 1208x572 Format 10 NumSamples 1 (Frame:1).
[2019.12.04-05.34.04:561][  0]LogContentBrowser: Native class hierarchy updated for 'HierarchicalLODOutliner' in 0.0003 seconds. Added 0 classes and 0 folders.
[2019.12.04-05.34.04:561][  0]LogLoad: (Engine Initialization) Total time: 8.50 seconds
[2019.12.04-05.34.04:561][  0]LogLoad: (Engine Initialization) Total Blueprint compile time: 0.00 seconds
[2019.12.04-05.34.04:632][  0]LogContentStreaming: Texture pool size now 1000 MB
[2019.12.04-05.34.04:663][  0]LogSlate: Took 0.000169 seconds to synchronously load lazily loaded font '../../../Engine/Content/Slate/Fonts/Roboto-Light.ttf' (167K)
[2019.12.04-05.34.05:407][ 11]LogAssetRegistry: Asset discovery search completed in 5.7732 seconds
[2019.12.04-05.34.05:410][ 11]LogCollectionManager: Rebuilt the object cache for 0 collections in 0.000005 seconds (found 0 objects)
[2019.12.04-05.34.05:411][ 11]LogCollectionManager: Fixed up redirectors for 0 collections in 0.000069 seconds (updated 0 objects)
[2019.12.04-05.34.15:407][ 42]LogSlate: FSceneViewport::OnFocusLost() reason 0
[2019.12.04-05.34.15:531][ 57]LogTemp: Repeating last play command: Standalone Game
[2019.12.04-05.34.15:591][ 57]LogUObjectHash: Compacting FUObjectHashTables data took   0.90ms
[2019.12.04-05.37.57:109][918]LogUObjectHash: Compacting FUObjectHashTables data took   0.79ms
[2019.12.04-05.37.57:188][918]LogSlate: Window 'CST438_Space_Game - Unreal Editor' being destroyed
[2019.12.04-05.37.57:188][918]LogWindowsTextInputMethodSystem: Display: IME system now deactivated.
[2019.12.04-05.37.57:287][919]Cmd: QUIT_EDITOR
[2019.12.04-05.37.57:318][919]LogExit: Preparing to exit.
[2019.12.04-05.37.57:555][919]LogWorld: UWorld::CleanupWorld for None, bSessionEnded=true, bCleanupResources=true
[2019.12.04-05.37.57:555][919]LogExit: Editor shut down
[2019.12.04-05.37.57:558][919]LogExit: Transaction tracking system shut down
[2019.12.04-05.37.57:560][919]LogDemo: Cleaned up 0 splitscreen connections with owner deletion
[2019.12.04-05.37.57:853][919]LogExit: Object subsystem successfully closed.
[2019.12.04-05.37.57:879][919]LogShaderCompilers: Display: Shaders left to compile 0
[2019.12.04-05.37.57:889][919]LogModuleManager: Shutting down and abandoning module HierarchicalLODOutliner (672)
[2019.12.04-05.37.57:889][919]LogModuleManager: Shutting down and abandoning module WorldBrowser (670)
[2019.12.04-05.37.57:889][919]LogModuleManager: Shutting down and abandoning module SceneOutliner (668)
[2019.12.04-05.37.57:889][919]LogModuleManager: Shutting down and abandoning module AddContentDialog (666)
[2019.12.04-05.37.57:889][919]LogModuleManager: Shutting down and abandoning module WidgetCarousel (665)
[2019.12.04-05.37.57:889][919]LogModuleManager: Shutting down and abandoning module EditorWidgets (662)
[2019.12.04-05.37.57:889][919]LogModuleManager: Shutting down and abandoning module CollectionManager (660)
[2019.12.04-05.37.57:890][919]LogModuleManager: Shutting down and abandoning module StatsViewer (658)
[2019.12.04-05.37.57:890][919]LogModuleManager: Shutting down and abandoning module VirtualTexturingEditor (656)
[2019.12.04-05.37.57:890][919]LogModuleManager: Shutting down and abandoning module FoliageEdit (654)
[2019.12.04-05.37.57:890][919]LogModuleManager: Shutting down and abandoning module LandscapeEditor (652)
[2019.12.04-05.37.57:890][919]LogModuleManager: Shutting down and abandoning module MeshPaintMode (650)
[2019.12.04-05.37.57:890][919]LogModuleManager: Shutting down and abandoning module SceneDepthPickerMode (648)
[2019.12.04-05.37.57:890][919]LogModuleManager: Shutting down and abandoning module ActorPickerMode (646)
[2019.12.04-05.37.57:890][919]LogModuleManager: Shutting down and abandoning module GeometryMode (644)
[2019.12.04-05.37.57:890][919]LogModuleManager: Shutting down and abandoning module TextureAlignMode (642)
[2019.12.04-05.37.57:890][919]LogModuleManager: Shutting down and abandoning module BspMode (640)
[2019.12.04-05.37.57:890][919]LogModuleManager: Shutting down and abandoning module PIEPreviewDeviceProfileSelector (638)
[2019.12.04-05.37.57:890][919]LogModuleManager: Shutting down and abandoning module SequenceRecorderSections (636)
[2019.12.04-05.37.57:890][919]LogModuleManager: Shutting down and abandoning module AutomationWorker (634)
[2019.12.04-05.37.57:890][919]LogModuleManager: Shutting down and abandoning module OculusMR (632)
[2019.12.04-05.37.57:890][919]LogModuleManager: Shutting down and abandoning module AudioCaptureEditor (630)
[2019.12.04-05.37.57:890][919]LogModuleManager: Shutting down and abandoning module MatineeToLevelSequence (628)
[2019.12.04-05.37.57:890][919]LogModuleManager: Shutting down and abandoning module LevelSequenceEditor (626)
[2019.12.04-05.37.57:890][919]LogModuleManager: Shutting down and abandoning module PlacementMode (625)
[2019.12.04-05.37.57:890][919]LogModuleManager: Shutting down and abandoning module MaterialEditor (624)
[2019.12.04-05.37.57:890][919]LogModuleManager: Shutting down and abandoning module ActorSequenceEditor (620)
[2019.12.04-05.37.57:890][919]LogModuleManager: Shutting down and abandoning module WmfMediaFactory (618)
[2019.12.04-05.37.57:890][919]LogModuleManager: Shutting down and abandoning module WmfMediaEditor (616)
[2019.12.04-05.37.57:890][919]LogModuleManager: Shutting down and abandoning module WebMMediaFactory (614)
[2019.12.04-05.37.57:890][919]LogModuleManager: Shutting down and abandoning module WebMMediaEditor (612)
[2019.12.04-05.37.57:890][919]LogModuleManager: Shutting down and abandoning module WebMMedia (610)
[2019.12.04-05.37.57:890][919]LogModuleManager: Shutting down and abandoning module MediaPlayerEditor (608)
[2019.12.04-05.37.57:890][919]LogModuleManager: Shutting down and abandoning module MediaCompositingEditor (606)
[2019.12.04-05.37.57:890][919]LogModuleManager: Shutting down and abandoning module SequenceRecorder (605)
[2019.12.04-05.37.57:890][919]LogModuleManager: Shutting down and abandoning module OpenExrWrapper (602)
[2019.12.04-05.37.57:890][919]LogModuleManager: Shutting down and abandoning module ImgMediaFactory (600)
[2019.12.04-05.37.57:890][919]LogModuleManager: Shutting down and abandoning module ImgMediaEditor (598)
[2019.12.04-05.37.57:890][919]LogModuleManager: Shutting down and abandoning module AvfMediaFactory (596)
[2019.12.04-05.37.57:890][919]LogModuleManager: Shutting down and abandoning module AvfMediaEditor (594)
[2019.12.04-05.37.57:890][919]LogModuleManager: Shutting down and abandoning module AndroidMediaFactory (592)
[2019.12.04-05.37.57:890][919]LogModuleManager: Shutting down and abandoning module AndroidMediaEditor (590)
[2019.12.04-05.37.57:890][919]LogModuleManager: Shutting down and abandoning module MagicLeapCameraPreviewFactory (588)
[2019.12.04-05.37.57:890][919]LogModuleManager: Shutting down and abandoning module MagicLeapMediaCodecFactory (586)
[2019.12.04-05.37.57:891][919]LogModuleManager: Shutting down and abandoning module MagicLeapMediaFactory (584)
[2019.12.04-05.37.57:891][919]LogModuleManager: Shutting down and abandoning module MagicLeapMediaEditor (582)
[2019.12.04-05.37.57:891][919]LogModuleManager: Shutting down and abandoning module CharacterAI (580)
[2019.12.04-05.37.57:891][919]LogModuleManager: Shutting down and abandoning module SmartSnapping (578)
[2019.12.04-05.37.57:891][919]LogModuleManager: Shutting down and abandoning module SessionServices (576)
[2019.12.04-05.37.57:891][919]LogModuleManager: Shutting down and abandoning module MeshPaint (574)
[2019.12.04-05.37.57:891][919]LogModuleManager: Shutting down and abandoning module ViewportSnapping (572)
[2019.12.04-05.37.57:891][919]LogModuleManager: Shutting down and abandoning module ViewportInteraction (570)
[2019.12.04-05.37.57:891][919]LogModuleManager: Shutting down and abandoning module ClothPainter (568)
[2019.12.04-05.37.57:891][919]LogModuleManager: Shutting down and abandoning module SkeletalMeshEditor (567)
[2019.12.04-05.37.57:891][919]LogModuleManager: Shutting down and abandoning module LogVisualizer (564)
[2019.12.04-05.37.57:891][919]LogModuleManager: Shutting down and abandoning module IntroTutorials (562)
[2019.12.04-05.37.57:891][919]LogModuleManager: Shutting down and abandoning module GameProjectGeneration (561)
[2019.12.04-05.37.57:891][919]LogModuleManager: Shutting down and abandoning module LuminPlatformEditor (558)
[2019.12.04-05.37.57:891][919]LogModuleManager: Shutting down and abandoning module IOSPlatformEditor (556)
[2019.12.04-05.37.57:891][919]LogModuleManager: Shutting down and abandoning module HTML5PlatformEditor (554)
[2019.12.04-05.37.57:891][919]LogModuleManager: Shutting down and abandoning module AndroidPlatformEditor (552)
[2019.12.04-05.37.57:891][919]LogModuleManager: Shutting down and abandoning module AndroidDeviceDetection (551)
[2019.12.04-05.37.58:545][919]LogModuleManager: Shutting down and abandoning module WindowsPlatformEditor (548)
[2019.12.04-05.37.58:545][919]LogModuleManager: Shutting down and abandoning module LuminRuntimeSettings (546)
[2019.12.04-05.37.58:545][919]LogModuleManager: Shutting down and abandoning module IOSRuntimeSettings (544)
[2019.12.04-05.37.58:545][919]LogModuleManager: Shutting down and abandoning module AndroidRuntimeSettings (542)
[2019.12.04-05.37.58:545][919]LogModuleManager: Shutting down and abandoning module TimeManagementEditor (540)
[2019.12.04-05.37.58:545][919]LogModuleManager: Shutting down and abandoning module InputBindingEditor (538)
[2019.12.04-05.37.58:545][919]LogModuleManager: Shutting down and abandoning module MergeActors (536)
[2019.12.04-05.37.58:545][919]LogModuleManager: Shutting down and abandoning module LocalizationDashboard (534)
[2019.12.04-05.37.58:545][919]LogModuleManager: Shutting down and abandoning module LocalizationService (533)
[2019.12.04-05.37.58:545][919]LogModuleManager: Shutting down and abandoning module HardwareTargeting (530)
[2019.12.04-05.37.58:545][919]LogModuleManager: Shutting down and abandoning module DeviceProfileEditor (528)
[2019.12.04-05.37.58:545][919]LogModuleManager: Shutting down and abandoning module UndoHistory (526)
[2019.12.04-05.37.58:545][919]LogModuleManager: Shutting down and abandoning module XmlParser (524)
[2019.12.04-05.37.58:545][919]LogModuleManager: Shutting down and abandoning module Blutility (522)
[2019.12.04-05.37.58:545][919]LogModuleManager: Shutting down and abandoning module ProjectSettingsViewer (520)
[2019.12.04-05.37.58:545][919]LogModuleManager: Shutting down and abandoning module ProjectTargetPlatformEditor (519)
[2019.12.04-05.37.58:545][919]LogModuleManager: Shutting down and abandoning module EditorSettingsViewer (516)
[2019.12.04-05.37.58:546][919]LogModuleManager: Shutting down and abandoning module SettingsEditor (514)
[2019.12.04-05.37.58:546][919]LogModuleManager: Shutting down and abandoning module ProjectLauncher (512)
[2019.12.04-05.37.58:546][919]LogModuleManager: Shutting down and abandoning module SessionFrontend (510)
[2019.12.04-05.37.58:546][919]LogModuleManager: Shutting down and abandoning module ProfilerClient (508)
[2019.12.04-05.37.58:546][919]LogModuleManager: Shutting down and abandoning module DeviceManager (506)
[2019.12.04-05.37.58:546][919]LogModuleManager: Shutting down and abandoning module TargetDeviceServices (505)
[2019.12.04-05.37.58:601][919]LogModuleManager: Shutting down and abandoning module AutomationController (502)
[2019.12.04-05.37.58:601][919]LogModuleManager: Shutting down and abandoning module AutomationWindow (500)
[2019.12.04-05.37.58:601][919]LogModuleManager: Shutting down and abandoning module Layers (498)
[2019.12.04-05.37.58:601][919]LogModuleManager: Shutting down and abandoning module ComponentVisualizers (496)
[2019.12.04-05.37.58:601][919]LogModuleManager: Shutting down and abandoning module DetailCustomizations (494)
[2019.12.04-05.37.58:601][919]LogModuleManager: Shutting down and abandoning module PackagesDialog (492)
[2019.12.04-05.37.58:601][919]LogModuleManager: Shutting down and abandoning module AnimationBlueprintEditor (490)
[2019.12.04-05.37.58:601][919]LogModuleManager: Shutting down and abandoning module Persona (488)
[2019.12.04-05.37.58:601][919]LogModuleManager: Shutting down and abandoning module AdvancedPreviewScene (487)
[2019.12.04-05.37.58:601][919]LogModuleManager: Shutting down and abandoning module AnimGraph (485)
[2019.12.04-05.37.58:601][919]LogModuleManager: Shutting down and abandoning module Kismet (482)
[2019.12.04-05.37.58:601][919]LogModuleManager: Shutting down and abandoning module KismetWidgets (481)
[2019.12.04-05.37.58:601][919]LogModuleManager: Shutting down and abandoning module GraphEditor (478)
[2019.12.04-05.37.58:602][919]LogModuleManager: Shutting down and abandoning module StructViewer (476)
[2019.12.04-05.37.58:602][919]LogModuleManager: Shutting down and abandoning module ClassViewer (474)
[2019.12.04-05.37.58:602][919]LogModuleManager: Shutting down and abandoning module Toolbox (472)
[2019.12.04-05.37.58:602][919]LogModuleManager: Shutting down and abandoning module ModuleUI (470)
[2019.12.04-05.37.58:602][919]LogModuleManager: Shutting down and abandoning module MovieSceneTools (468)
[2019.12.04-05.37.58:602][919]LogModuleManager: Shutting down and abandoning module OutputLog (466)
[2019.12.04-05.37.58:602][919]LogModuleManager: Shutting down and abandoning module GammaUI (464)
[2019.12.04-05.37.58:602][919]LogModuleManager: Shutting down and abandoning module Documentation (462)
[2019.12.04-05.37.58:602][919]LogModuleManager: Shutting down and abandoning module LiveCoding (460)
[2019.12.04-05.37.58:602][919]LogModuleManager: Shutting down and abandoning module LevelSequence (458)
[2019.12.04-05.37.58:602][919]LogModuleManager: Shutting down and abandoning module MovieSceneTracks (456)
[2019.12.04-05.37.58:602][919]LogModuleManager: Shutting down and abandoning module MovieScene (454)
[2019.12.04-05.37.58:602][919]LogModuleManager: Shutting down and abandoning module StreamingPauseRendering (452)
[2019.12.04-05.37.58:602][919]LogModuleManager: Shutting down and abandoning module LauncherPlatform (450)
[2019.12.04-05.37.58:602][919]LogModuleManager: Shutting down and abandoning module AnalyticsET (448)
[2019.12.04-05.37.58:602][919]LogModuleManager: Shutting down and abandoning module PortalServices (446)
[2019.12.04-05.37.58:602][919]LogModuleManager: Shutting down and abandoning module PortalRpc (444)
[2019.12.04-05.37.58:602][919]LogModuleManager: Shutting down and abandoning module MessagingRpc (442)
[2019.12.04-05.37.58:602][919]LogModuleManager: Shutting down and abandoning module AIModule (440)
[2019.12.04-05.37.58:602][919]LogModuleManager: Shutting down and abandoning module GameplayDebugger (439)
[2019.12.04-05.37.58:602][919]LogModuleManager: Shutting down and abandoning module AITestSuite (437)
[2019.12.04-05.37.58:602][919]LogModuleManager: Shutting down and abandoning module NavigationSystem (435)
[2019.12.04-05.37.58:602][919]LogModuleManager: Shutting down and abandoning module DesktopPlatform (432)
[2019.12.04-05.37.58:602][919]LogModuleManager: Shutting down and abandoning module ImageWriteQueue (430)
[2019.12.04-05.37.58:605][919]LogModuleManager: Shutting down and abandoning module ProfilerService (428)
[2019.12.04-05.37.58:681][919]LogModuleManager: Shutting down and abandoning module TaskGraph (426)
[2019.12.04-05.37.58:682][919]LogModuleManager: Shutting down and abandoning module ScreenshotTools (424)
[2019.12.04-05.37.58:682][919]LogModuleManager: Shutting down and abandoning module SteamVRController (422)
[2019.12.04-05.37.58:682][919]LogModuleManager: Shutting down and abandoning module ProceduralMeshComponentEditor (420)
[2019.12.04-05.37.58:682][919]LogModuleManager: Shutting down and abandoning module ProceduralMeshComponent (418)
[2019.12.04-05.37.58:682][919]LogModuleManager: Shutting down and abandoning module OculusEditor (416)
[2019.12.04-05.37.58:682][919]LogModuleManager: Shutting down and abandoning module OculusInput (414)
[2019.12.04-05.37.58:682][919]LogModuleManager: Shutting down and abandoning module MobilePatchingUtils (412)
[2019.12.04-05.37.58:682][919]LogModuleManager: Shutting down and abandoning module EditableMesh (410)
[2019.12.04-05.37.58:682][919]LogModuleManager: Shutting down and abandoning module CustomMeshComponent (408)
[2019.12.04-05.37.58:682][919]LogModuleManager: Shutting down and abandoning module CableComponent (406)
[2019.12.04-05.37.58:682][919]LogModuleManager: Shutting down and abandoning module AudioCapture (404)
[2019.12.04-05.37.58:682][919]LogModuleManager: Shutting down and abandoning module ArchVisCharacter (402)
[2019.12.04-05.37.58:682][919]LogModuleManager: Shutting down and abandoning module AppleImageUtilsBlueprintSupport (400)
[2019.12.04-05.37.58:682][919]LogModuleManager: Shutting down and abandoning module AppleImageUtils (398)
[2019.12.04-05.37.58:682][919]LogModuleManager: Shutting down and abandoning module AndroidPermission (396)
[2019.12.04-05.37.58:682][919]LogModuleManager: Shutting down and abandoning module NUTUnrealEngine4 (394)
[2019.12.04-05.37.58:682][919]LogModuleManager: Shutting down and abandoning module NetcodeUnitTest (392)
[2019.12.04-05.37.58:682][919]LogModuleManager: Shutting down and abandoning module MediaCompositing (390)
[2019.12.04-05.37.58:682][919]LogModuleManager: Shutting down and abandoning module ImgMedia (388)
[2019.12.04-05.37.58:682][919]LogModuleManager: Shutting down and abandoning module MagicLeapHelperVulkan (386)
[2019.12.04-05.37.58:682][919]LogModuleManager: Shutting down and abandoning module MagicLeapHelperOpenGL (384)
[2019.12.04-05.37.58:682][919]LogModuleManager: Shutting down and abandoning module MagicLeapAudio (382)
[2019.12.04-05.37.58:682][919]LogModuleManager: Shutting down and abandoning module HTML5Networking (380)
[2019.12.04-05.37.58:682][919]LogModuleManager: Shutting down and abandoning module GeometryCacheTracks (378)
[2019.12.04-05.37.58:682][919]LogModuleManager: Shutting down and abandoning module GeometryCacheSequencer (376)
[2019.12.04-05.37.58:682][919]LogModuleManager: Shutting down and abandoning module BackChannel (374)
[2019.12.04-05.37.58:682][919]LogModuleManager: Shutting down and abandoning module AutomationUtilsEditor (372)
[2019.12.04-05.37.58:682][919]LogModuleManager: Shutting down and abandoning module AutomationUtils (370)
[2019.12.04-05.37.58:682][919]LogModuleManager: Shutting down and abandoning module AlembicImporter (368)
[2019.12.04-05.37.58:682][919]LogModuleManager: Shutting down and abandoning module AlembicLibrary (367)
[2019.12.04-05.37.58:682][919]LogModuleManager: Shutting down and abandoning module GeometryCache (366)
[2019.12.04-05.37.58:682][919]LogModuleManager: Shutting down and abandoning module GeometryCacheEd (365)
[2019.12.04-05.37.58:682][919]LogModuleManager: Shutting down and abandoning module VariantManagerContent (360)
[2019.12.04-05.37.58:682][919]LogModuleManager: Shutting down and abandoning module DatasmithContentEditor (358)
[2019.12.04-05.37.58:682][919]LogModuleManager: Shutting down and abandoning module SpeedTreeImporter (356)
[2019.12.04-05.37.58:682][919]LogModuleManager: Shutting down and abandoning module PluginBrowser (354)
[2019.12.04-05.37.58:682][919]LogModuleManager: Shutting down and abandoning module MobileLauncherProfileWizard (352)
[2019.12.04-05.37.58:682][919]LogModuleManager: Shutting down and abandoning module MaterialAnalyzer (350)
[2019.12.04-05.37.58:682][919]LogModuleManager: Shutting down and abandoning module CurveEditorTools (348)
[2019.12.04-05.37.58:682][919]LogModuleManager: Shutting down and abandoning module CurveEditor (347)
[2019.12.04-05.37.58:682][919]LogModuleManager: Shutting down and abandoning module CryptoKeysOpenSSL (344)
[2019.12.04-05.37.58:682][919]LogModuleManager: Shutting down and abandoning module CryptoKeys (342)
[2019.12.04-05.37.58:682][919]LogModuleManager: Shutting down and abandoning module VisualStudioSourceCodeAccess (340)
[2019.12.04-05.37.58:682][919]LogModuleManager: Shutting down and abandoning module VisualStudioCodeSourceCodeAccess (338)
[2019.12.04-05.37.58:682][919]LogModuleManager: Shutting down and abandoning module UObjectPlugin (336)
[2019.12.04-05.37.58:682][919]LogModuleManager: Shutting down and abandoning module SubversionSourceControl (334)
[2019.12.04-05.37.58:683][919]LogModuleManager: Shutting down and abandoning module PerforceSourceControl (332)
[2019.12.04-05.37.58:683][919]LogModuleManager: Shutting down and abandoning module GitSourceControl (330)
[2019.12.04-05.37.58:683][919]LogModuleManager: Shutting down and abandoning module SourceControl (329)
[2019.12.04-05.37.58:683][919]LogModuleManager: Shutting down and abandoning module CLionSourceCodeAccess (326)
[2019.12.04-05.37.58:683][919]LogModuleManager: Shutting down and abandoning module AnimationSharingEd (324)
[2019.12.04-05.37.58:683][919]LogModuleManager: Shutting down and abandoning module ActorLayerUtilitiesEditor (322)
[2019.12.04-05.37.58:683][919]LogModuleManager: Shutting down and abandoning module ActorLayerUtilities (320)
[2019.12.04-05.37.58:683][919]LogModuleManager: Shutting down and abandoning module LightPropagationVolumeEditor (318)
[2019.12.04-05.37.58:683][919]LogModuleManager: Shutting down and abandoning module PaperTiledImporter (316)
[2019.12.04-05.37.58:683][919]LogModuleManager: Shutting down and abandoning module PaperSpriteSheetImporter (314)
[2019.12.04-05.37.58:683][919]LogModuleManager: Shutting down and abandoning module Paper2DEditor (312)
[2019.12.04-05.37.58:683][919]LogModuleManager: Shutting down and abandoning module SignificanceManager (310)
[2019.12.04-05.37.58:683][919]LogModuleManager: Shutting down and abandoning module RuntimePhysXCooking (308)
[2019.12.04-05.37.58:683][919]LogModuleManager: Shutting down and abandoning module PhysXVehiclesEditor (306)
[2019.12.04-05.37.58:683][919]LogModuleManager: Shutting down and abandoning module LocationServicesBPLibrary (302)
[2019.12.04-05.37.58:683][919]LogModuleManager: Shutting down and abandoning module ActorSequence (300)
[2019.12.04-05.37.58:683][919]LogModuleManager: Shutting down and abandoning module UdpMessaging (298)
[2019.12.04-05.37.58:784][919]LogModuleManager: Shutting down and abandoning module TcpMessaging (296)
[2019.12.04-05.37.58:885][919]LogModuleManager: Shutting down and abandoning module MagicLeapIdentity (294)
[2019.12.04-05.37.58:885][919]LogModuleManager: Shutting down and abandoning module MagicLeapSecureStorage (292)
[2019.12.04-05.37.58:885][919]LogModuleManager: Shutting down and abandoning module MagicLeapHandTracking (290)
[2019.12.04-05.37.58:885][919]LogModuleManager: Shutting down and abandoning module MagicLeapEyeTracker (288)
[2019.12.04-05.37.58:885][919]LogModuleManager: Shutting down and abandoning module MagicLeapController (286)
[2019.12.04-05.37.58:885][919]LogSlate: Slate User Destroyed.  User Index 0, Is Virtual User: 0
[2019.12.04-05.37.58:885][919]LogModuleManager: Shutting down and abandoning module MagicLeapAR (284)
[2019.12.04-05.37.58:885][919]LogModuleManager: Shutting down and abandoning module AugmentedReality (283)
[2019.12.04-05.37.58:885][919]LogModuleManager: Shutting down and abandoning module GameplayTagsEditor (280)
[2019.12.04-05.37.58:885][919]LogModuleManager: Shutting down and abandoning module FacialAnimationEditor (278)
[2019.12.04-05.37.58:885][919]LogModuleManager: Shutting down and abandoning module FacialAnimation (276)
[2019.12.04-05.37.58:885][919]LogModuleManager: Shutting down and abandoning module DataValidation (274)
[2019.12.04-05.37.58:885][919]LogModuleManager: Shutting down and abandoning module AssetManagerEditor (272)
[2019.12.04-05.37.58:885][919]LogModuleManager: Shutting down and abandoning module LevelEditor (271)
[2019.12.04-05.37.58:886][919]LogModuleManager: Shutting down and abandoning module PixelInspectorModule (270)
[2019.12.04-05.37.58:886][919]LogModuleManager: Shutting down and abandoning module CommonMenuExtensions (268)
[2019.12.04-05.37.58:886][919]LogModuleManager: Shutting down and abandoning module MainFrame (266)
[2019.12.04-05.37.58:886][919]LogModuleManager: Shutting down and abandoning module HotReload (265)
[2019.12.04-05.37.58:886][919]LogModuleManager: Shutting down and abandoning module ContentBrowser (261)
[2019.12.04-05.37.58:887][919]LogModuleManager: Shutting down and abandoning module TreeMap (259)
[2019.12.04-05.37.58:887][919]LogModuleManager: Shutting down and abandoning module AnimationSharing (256)
[2019.12.04-05.37.58:887][919]LogModuleManager: Shutting down and abandoning module LightPropagationVolumeRuntime (254)
[2019.12.04-05.37.58:887][919]LogModuleManager: Shutting down and abandoning module Paper2D (252)
[2019.12.04-05.37.58:887][919]LogModuleManager: Shutting down and abandoning module WindowsMoviePlayer (250)
[2019.12.04-05.37.58:887][919]LogModuleManager: Shutting down and abandoning module WebMMoviePlayer (248)
[2019.12.04-05.37.58:887][919]LogModuleManager: Shutting down and abandoning module NetworkReplayStreaming (246)
[2019.12.04-05.37.58:887][919]LogModuleManager: Shutting down and abandoning module PacketHandler (244)
[2019.12.04-05.37.58:887][919]LogModuleManager: Shutting down and abandoning module ClothingSystemEditor (242)
[2019.12.04-05.37.58:887][919]LogModuleManager: Shutting down and abandoning module ClothingSystemRuntime (240)
[2019.12.04-05.37.58:888][919]LogModuleManager: Shutting down and abandoning module MediaAssets (238)
[2019.12.04-05.37.58:888][919]LogModuleManager: Shutting down and abandoning module Overlay (236)
[2019.12.04-05.37.58:888][919]LogModuleManager: Shutting down and abandoning module OverlayEditor (235)
[2019.12.04-05.37.58:888][919]LogModuleManager: Shutting down and abandoning module VREditor (232)
[2019.12.04-05.37.58:888][919]LogModuleManager: Shutting down and abandoning module StringTableEditor (230)
[2019.12.04-05.37.58:888][919]LogModuleManager: Shutting down and abandoning module GameplayTasksEditor (228)
[2019.12.04-05.37.58:888][919]LogModuleManager: Shutting down and abandoning module BehaviorTreeEditor (226)
[2019.12.04-05.37.58:888][919]LogModuleManager: Shutting down and abandoning module FunctionalTesting (224)
[2019.12.04-05.37.58:888][919]LogModuleManager: Shutting down and abandoning module CollisionAnalyzer (222)
[2019.12.04-05.37.58:888][919]LogModuleManager: Shutting down and abandoning module WorkspaceMenuStructure (221)
[2019.12.04-05.37.58:888][919]LogModuleManager: Shutting down and abandoning module UMG (218)
[2019.12.04-05.37.58:888][919]LogModuleManager: Shutting down and abandoning module UMGEditor (217)
[2019.12.04-05.37.58:888][919]LogModuleManager: Shutting down and abandoning module Sequencer (216)
[2019.12.04-05.37.58:888][919]LogModuleManager: Shutting down and abandoning module MessageLog (213)
[2019.12.04-05.37.58:888][919]LogModuleManager: Shutting down and abandoning module SlateReflector (208)
[2019.12.04-05.37.58:888][919]LogModuleManager: Shutting down and abandoning module Slate (206)
[2019.12.04-05.37.58:888][919]LogModuleManager: Shutting down and abandoning module LandscapeEditorUtilities (204)
[2019.12.04-05.37.58:888][919]LogModuleManager: Shutting down and abandoning module EditorStyle (202)
[2019.12.04-05.37.58:889][919]LogModuleManager: Shutting down and abandoning module UnrealEd (200)
[2019.12.04-05.37.58:889][919]LogModuleManager: Shutting down and abandoning module MRMesh (198)
[2019.12.04-05.37.58:889][919]LogModuleManager: Shutting down and abandoning module SourceCodeAccess (196)
[2019.12.04-05.37.58:889][919]LogModuleManager: Shutting down and abandoning module HeadMountedDisplay (194)
[2019.12.04-05.37.58:889][919]LogModuleManager: Shutting down and abandoning module XAudio2 (192)
[2019.12.04-05.37.58:889][919]LogModuleManager: Shutting down and abandoning module Networking (190)
[2019.12.04-05.37.58:889][919]LogModuleManager: Shutting down and abandoning module Core (188)
[2019.12.04-05.37.58:889][919]LogModuleManager: Shutting down and abandoning module KismetCompiler (186)
[2019.12.04-05.37.58:889][919]LogModuleManager: Shutting down and abandoning module MeshUtilities (184)
[2019.12.04-05.37.58:889][919]LogModuleManager: Shutting down and abandoning module MeshMergeUtilities (183)
[2019.12.04-05.37.58:889][919]LogModuleManager: Shutting down and abandoning module MeshReductionInterface (182)
[2019.12.04-05.37.58:889][919]LogModuleManager: Shutting down and abandoning module SkeletalMeshReduction (181)
[2019.12.04-05.37.58:889][919]LogModuleManager: Shutting down and abandoning module ProxyLODMeshReduction (179)
[2019.12.04-05.37.58:889][919]LogModuleManager: Shutting down and abandoning module QuadricMeshReduction (177)
[2019.12.04-05.37.58:889][919]LogModuleManager: Shutting down and abandoning module MaterialBaking (173)
[2019.12.04-05.37.58:889][919]LogModuleManager: Shutting down and abandoning module NullInstallBundleManager (168)
[2019.12.04-05.37.58:889][919]LogModuleManager: Shutting down and abandoning module DerivedDataCache (166)
[2019.12.04-05.37.58:928][919]LogDerivedDataCache: Shutdown
[2019.12.04-05.37.58:928][919]LogModuleManager: Shutting down and abandoning module XGEController (164)
[2019.12.04-05.37.58:929][919]LogModuleManager: Shutting down and abandoning module TargetPlatform (162)
[2019.12.04-05.37.58:929][919]LogModuleManager: Shutting down and abandoning module VulkanShaderFormat (161)
[2019.12.04-05.37.58:929][919]LogModuleManager: Shutting down and abandoning module ShaderFormatVectorVM (159)
[2019.12.04-05.37.58:929][919]LogModuleManager: Shutting down and abandoning module ShaderFormatOpenGL (157)
[2019.12.04-05.37.58:929][919]LogModuleManager: Shutting down and abandoning module ShaderFormatD3D (155)
[2019.12.04-05.37.58:929][919]LogModuleManager: Shutting down and abandoning module MetalShaderFormat (153)
[2019.12.04-05.37.58:929][919]LogModuleManager: Shutting down and abandoning module TextureFormatUncompressed (151)
[2019.12.04-05.37.58:929][919]LogModuleManager: Shutting down and abandoning module TextureFormatPVR (149)
[2019.12.04-05.37.58:929][919]LogModuleManager: Shutting down and abandoning module TextureFormatDXT (147)
[2019.12.04-05.37.58:929][919]LogModuleManager: Shutting down and abandoning module TextureFormatIntelISPCTexComp (145)
[2019.12.04-05.37.58:929][919]LogModuleManager: Shutting down and abandoning module TextureFormatASTC (143)
[2019.12.04-05.37.58:929][919]LogModuleManager: Shutting down and abandoning module ImageWrapper (142)
[2019.12.04-05.37.58:929][919]LogModuleManager: Shutting down and abandoning module TextureFormatAndroid (139)
[2019.12.04-05.37.58:929][919]LogModuleManager: Shutting down and abandoning module AudioFormatOpus (137)
[2019.12.04-05.37.58:929][919]LogModuleManager: Shutting down and abandoning module AudioFormatOgg (135)
[2019.12.04-05.37.58:929][919]LogModuleManager: Shutting down and abandoning module AudioFormatADPCM (133)
[2019.12.04-05.37.58:929][919]LogModuleManager: Shutting down and abandoning module LuminTargetPlatform (131)
[2019.12.04-05.37.58:930][919]LogModuleManager: Shutting down and abandoning module LinuxTargetPlatform (129)
[2019.12.04-05.37.58:930][919]LogModuleManager: Shutting down and abandoning module LinuxServerTargetPlatform (127)
[2019.12.04-05.37.58:930][919]LogModuleManager: Shutting down and abandoning module LinuxNoEditorTargetPlatform (125)
[2019.12.04-05.37.58:930][919]LogModuleManager: Shutting down and abandoning module LinuxClientTargetPlatform (123)
[2019.12.04-05.37.58:930][919]LogModuleManager: Shutting down and abandoning module TVOSTargetPlatform (121)
[2019.12.04-05.37.58:931][919]LogModuleManager: Shutting down and abandoning module Messaging (119)
[2019.12.04-05.37.58:931][919]LogModuleManager: Shutting down and abandoning module IOSTargetPlatform (117)
[2019.12.04-05.37.58:931][919]LogModuleManager: Shutting down and abandoning module HTML5TargetPlatform (115)
[2019.12.04-05.37.58:931][919]LogModuleManager: Shutting down and abandoning module AndroidTargetPlatform (113)
[2019.12.04-05.37.58:938][919]LogModuleManager: Shutting down and abandoning module WindowsTargetPlatform (111)
[2019.12.04-05.37.58:938][919]LogModuleManager: Shutting down and abandoning module WindowsServerTargetPlatform (109)
[2019.12.04-05.37.58:938][919]LogModuleManager: Shutting down and abandoning module WindowsNoEditorTargetPlatform (107)
[2019.12.04-05.37.58:938][919]LogModuleManager: Shutting down and abandoning module WindowsClientTargetPlatform (105)
[2019.12.04-05.37.58:938][919]LogModuleManager: Shutting down and abandoning module MacTargetPlatform (103)
[2019.12.04-05.37.58:938][919]LogModuleManager: Shutting down and abandoning module MacServerTargetPlatform (101)
[2019.12.04-05.37.58:938][919]LogModuleManager: Shutting down and abandoning module MacNoEditorTargetPlatform (99)
[2019.12.04-05.37.58:938][919]LogModuleManager: Shutting down and abandoning module MacClientTargetPlatform (97)
[2019.12.04-05.37.58:938][919]LogModuleManager: Shutting down and abandoning module AllDesktopTargetPlatform (95)
[2019.12.04-05.37.58:938][919]LogModuleManager: Shutting down and abandoning module InputCore (92)
[2019.12.04-05.37.58:938][919]LogModuleManager: Shutting down and abandoning module Settings (90)
[2019.12.04-05.37.58:938][919]LogModuleManager: Shutting down and abandoning module DirectoryWatcher (88)
[2019.12.04-05.37.58:938][919]LogModuleManager: Shutting down and abandoning module PhysXCooking (86)
[2019.12.04-05.37.58:938][919]LogModuleManager: Shutting down and abandoning module WindowsPlatformFeatures (84)
[2019.12.04-05.37.58:938][919]LogModuleManager: Shutting down and abandoning module GameplayMediaEncoder (83)
[2019.12.04-05.37.58:938][919]LogModuleManager: Shutting down and abandoning module SteamVR (80)
[2019.12.04-05.37.58:938][919]LogHMD: Freeing OpenVRDLLHandle.
[2019.12.04-05.37.58:938][919]LogModuleManager: Shutting down and abandoning module OculusHMD (78)
[2019.12.04-05.37.58:938][919]LogModuleManager: Shutting down and abandoning module ExampleDeviceProfileSelector (76)
[2019.12.04-05.37.58:938][919]LogModuleManager: Shutting down and abandoning module LauncherChunkInstaller (74)
[2019.12.04-05.37.58:938][919]LogModuleManager: Shutting down and abandoning module OnlineBlueprintSupport (72)
[2019.12.04-05.37.58:938][919]LogModuleManager: Shutting down and abandoning module OnlineSubsystem (68)
[2019.12.04-05.37.58:939][919]LogModuleManager: Shutting down and abandoning module XMPP (61)
[2019.12.04-05.37.58:939][919]LogModuleManager: Shutting down and abandoning module WebSockets (60)
[2019.12.04-05.37.58:950][919]LogModuleManager: Shutting down and abandoning module HTTP (57)
[2019.12.04-05.37.58:950][919]LogHttp: Display: Http module shutting down, but needs to wait on 1 outstanding Http requests:
[2019.12.04-05.37.58:950][919]LogHttp: Display: 	verb=[POST] url=[https://datarouter.ol.epicgames.com/datarouter/api/v1/public/data?SessionID=%7BE3F6670C-4DD2-89D4-B71E-BAB9E2247468%7D&AppID=UEEditor.Rocket.Release&AppVersion=4.23.1-9631420%2B%2B%2BUE4%2BRelease-4.23&UserID=41b881b4453c7a4e8ffc5c901e3b3ad8%7C89bea2c88a514c448fd8727141248ec5%7C6beb4fc2-1876-4677-b76a-8d620d3d9737&AppEnvironment=datacollector-binary&UploadType=eteventstream] status=Processing
[2019.12.04-05.37.58:983][919]LogModuleManager: Shutting down and abandoning module SSL (56)
[2019.12.04-05.37.58:984][919]LogModuleManager: Shutting down and abandoning module WmfMedia (52)
[2019.12.04-05.37.58:985][919]LogModuleManager: Shutting down and abandoning module Media (51)
[2019.12.04-05.37.58:985][919]LogModuleManager: Shutting down and abandoning module MagicLeap (48)
[2019.12.04-05.37.58:985][919]LogModuleManager: Shutting down and abandoning module DatasmithContent (46)
[2019.12.04-05.37.58:985][919]LogModuleManager: Shutting down and abandoning module AISupportModule (44)
[2019.12.04-05.37.58:985][919]LogModuleManager: Shutting down and abandoning module PlatformCryptoOpenSSL (42)
[2019.12.04-05.37.58:985][919]LogModuleManager: Shutting down and abandoning module PlatformCrypto (40)
[2019.12.04-05.37.58:985][919]LogModuleManager: Shutting down and abandoning module AnimationModifiers (38)
[2019.12.04-05.37.58:985][919]LogModuleManager: Shutting down and abandoning module PropertyEditor (37)
[2019.12.04-05.37.58:985][919]LogModuleManager: Shutting down and abandoning module AudioEditor (34)
[2019.12.04-05.37.58:986][919]LogModuleManager: Shutting down and abandoning module TextureCompressor (32)
[2019.12.04-05.37.58:986][919]LogModuleManager: Shutting down and abandoning module RenderCore (30)
[2019.12.04-05.37.58:986][919]LogModuleManager: Shutting down and abandoning module Landscape (28)
[2019.12.04-05.37.58:986][919]LogModuleManager: Shutting down and abandoning module SlateRHIRenderer (26)
[2019.12.04-05.37.58:988][919]LogModuleManager: Shutting down and abandoning module OpenGLDrv (24)
[2019.12.04-05.37.58:988][919]LogModuleManager: Shutting down and abandoning module D3D11RHI (22)
[2019.12.04-05.37.58:988][919]LogModuleManager: Shutting down and abandoning module AnimGraphRuntime (20)
[2019.12.04-05.37.58:988][919]LogModuleManager: Shutting down and abandoning module Renderer (18)
[2019.12.04-05.37.58:988][919]LogModuleManager: Shutting down and abandoning module Engine (16)
[2019.12.04-05.37.58:988][919]LogModuleManager: Shutting down and abandoning module CoreUObject (14)
[2019.12.04-05.37.58:988][919]LogModuleManager: Shutting down and abandoning module NetworkFile (12)
[2019.12.04-05.37.58:988][919]LogModuleManager: Shutting down and abandoning module CookedIterativeFile (10)
[2019.12.04-05.37.58:988][919]LogModuleManager: Shutting down and abandoning module StreamingFile (8)
[2019.12.04-05.37.58:988][919]LogModuleManager: Shutting down and abandoning module SandboxFile (6)
[2019.12.04-05.37.58:988][919]LogModuleManager: Shutting down and abandoning module PakFile (4)
[2019.12.04-05.37.58:988][919]LogModuleManager: Shutting down and abandoning module RSA (3)
[2019.12.04-05.37.58:988][919]LogD3D11RHI: Shutdown
[2019.12.04-05.37.58:988][919]LogD3D11RHI: CleanupD3DDevice
[2019.12.04-05.37.58:989][919]LogRendererCore: FGlobalDynamicReadBuffer::Cleanup()
[2019.12.04-05.37.58:989][919]LogRendererCore: FGlobalDynamicReadBuffer::Cleanup()
[2019.12.04-05.37.58:989][919]LogRendererCore: FGlobalDynamicReadBuffer::Cleanup()
[2019.12.04-05.37.59:041][919]LogD3D11RHI: ~FD3D11DynamicRHI
[2019.12.04-05.37.59:053][919]LogExit: Exiting.
[2019.12.04-05.37.59:081][919]Log file closed, 12/03/19 21:37:59
