Log file open, 12/12/19 18:13:46
LogWindows: Failed to load 'aqProf.dll' (GetLastError=126)
LogWindows: File 'aqProf.dll' does not exist
LogWindows: Failed to load 'VtuneApi.dll' (GetLastError=126)
LogWindows: File 'VtuneApi.dll' does not exist
LogWindows: Failed to load 'VtuneApi32e.dll' (GetLastError=126)
LogWindows: File 'VtuneApi32e.dll' does not exist
LogConsoleResponse: Display: Failed to find resolution value strings in scalability ini. Falling back to default.
LogInit: Display: Running engine for game: CST438_Space_Game
LogPlatformFile: Not using cached read wrapper
LogTaskGraph: Started task graph with 5 named threads and 23 total threads with 3 sets of task threads.
LogStats: Stats thread started at 0.112121
LogD3D11RHI: Loaded GFSDK_Aftermath_Lib.x64.dll
LogICUInternationalization: ICU TimeZone Detection - Raw Offset: -8:00, Platform Override: ''
LogPluginManager: Mounting plugin Paper2D
LogPluginManager: Mounting plugin AISupport
LogPluginManager: Mounting plugin LightPropagationVolume
LogPluginManager: Mounting plugin ActorLayerUtilities
LogPluginManager: Mounting plugin AnimationSharing
LogPluginManager: Mounting plugin CLionSourceCodeAccess
LogPluginManager: Mounting plugin CodeLiteSourceCodeAccess
LogPluginManager: Mounting plugin GitSourceControl
LogPluginManager: Mounting plugin KDevelopSourceCodeAccess
LogPluginManager: Mounting plugin NullSourceCodeAccess
LogPluginManager: Mounting plugin PerforceSourceControl
LogPluginManager: Mounting plugin SubversionSourceControl
LogPluginManager: Mounting plugin UObjectPlugin
LogPluginManager: Mounting plugin VisualStudioCodeSourceCodeAccess
LogPluginManager: Mounting plugin VisualStudioSourceCodeAccess
LogPluginManager: Mounting plugin XCodeSourceCodeAccess
LogPluginManager: Mounting plugin AssetManagerEditor
LogPluginManager: Mounting plugin CryptoKeys
LogPluginManager: Mounting plugin CurveEditorTools
LogPluginManager: Mounting plugin DataValidation
LogPluginManager: Mounting plugin FacialAnimation
LogPluginManager: Mounting plugin GameplayTagsEditor
LogPluginManager: Mounting plugin MacGraphicsSwitching
LogPluginManager: Mounting plugin MaterialAnalyzer
LogPluginManager: Mounting plugin MobileLauncherProfileWizard
LogPluginManager: Mounting plugin PluginBrowser
LogPluginManager: Mounting plugin SpeedTreeImporter
LogPluginManager: Mounting plugin DatasmithContent
LogPluginManager: Mounting plugin VariantManagerContent
LogPluginManager: Mounting plugin AlembicImporter
LogPluginManager: Mounting plugin AutomationUtils
LogPluginManager: Mounting plugin BackChannel
LogPluginManager: Mounting plugin CharacterAI
LogPluginManager: Mounting plugin GeometryCache
LogPluginManager: Mounting plugin HTML5Networking
LogPluginManager: Mounting plugin PlatformCrypto
LogPluginManager: Mounting plugin ProxyLODPlugin
LogPluginManager: Mounting plugin SkeletalReduction
LogPluginManager: Mounting plugin MagicLeap
LogPluginManager: Mounting plugin MagicLeapMedia
LogPluginManager: Mounting plugin AndroidMedia
LogPluginManager: Mounting plugin AvfMedia
LogPluginManager: Mounting plugin ImgMedia
LogPluginManager: Mounting plugin MediaCompositing
LogPluginManager: Mounting plugin MediaPlayerEditor
LogPluginManager: Mounting plugin WebMMedia
LogPluginManager: Mounting plugin WmfMedia
LogPluginManager: Mounting plugin TcpMessaging
LogPluginManager: Mounting plugin UdpMessaging
LogPluginManager: Mounting plugin ActorSequence
LogPluginManager: Mounting plugin LevelSequenceEditor
LogPluginManager: Mounting plugin MatineeToLevelSequence
LogPluginManager: Mounting plugin NetcodeUnitTest
LogPluginManager: Mounting plugin NUTUnrealEngine4
LogPluginManager: Mounting plugin OnlineSubsystemGooglePlay
LogPluginManager: Mounting plugin OnlineSubsystemIOS
LogPluginManager: Mounting plugin OnlineSubsystem
LogPluginManager: Mounting plugin OnlineSubsystemNull
LogPluginManager: Mounting plugin OnlineSubsystemSteam
LogPluginManager: Mounting plugin OnlineSubsystemUtils
LogPluginManager: Mounting plugin LauncherChunkInstaller
LogPluginManager: Mounting plugin AndroidDeviceProfileSelector
LogPluginManager: Mounting plugin AndroidMoviePlayer
LogPluginManager: Mounting plugin AndroidPermission
LogPluginManager: Mounting plugin AppleImageUtils
LogPluginManager: Mounting plugin AppleMoviePlayer
LogPluginManager: Mounting plugin ArchVisCharacter
LogPluginManager: Mounting plugin AudioCapture
LogPluginManager: Mounting plugin CableComponent
LogPluginManager: Mounting plugin CustomMeshComponent
LogPluginManager: Mounting plugin EditableMesh
LogPluginManager: Mounting plugin ExampleDeviceProfileSelector
LogPluginManager: Mounting plugin GoogleCloudMessaging
LogPluginManager: Mounting plugin IOSDeviceProfileSelector
LogPluginManager: Mounting plugin LinuxDeviceProfileSelector
LogPluginManager: Mounting plugin LocationServicesBPLibrary
LogPluginManager: Mounting plugin MobilePatchingUtils
LogPluginManager: Mounting plugin OculusVR
LogPluginManager: Mounting plugin PhysXVehicles
LogPluginManager: Mounting plugin ProceduralMeshComponent
LogPluginManager: Mounting plugin RuntimePhysXCooking
LogPluginManager: Mounting plugin SignificanceManager
LogPluginManager: Mounting plugin SteamVR
LogPluginManager: Mounting plugin WebMMoviePlayer
LogPluginManager: Mounting plugin WindowsMoviePlayer
LogPluginManager: Mounting plugin ScreenshotTools
LogInit: Using libcurl 7.55.1-DEV
LogInit:  - built for x86_64-pc-win32
LogInit:  - supports SSL with OpenSSL/1.1.1
LogInit:  - supports HTTP deflate (compression) using libz 1.2.8
LogInit:  - other features:
LogInit:      CURL_VERSION_SSL
LogInit:      CURL_VERSION_LIBZ
LogInit:      CURL_VERSION_IPV6
LogInit:      CURL_VERSION_ASYNCHDNS
LogInit:      CURL_VERSION_LARGEFILE
LogInit:      CURL_VERSION_IDN
LogInit:  CurlRequestOptions (configurable via config and command line):
LogInit:  - bVerifyPeer = true  - Libcurl will verify peer certificate
LogInit:  - bUseHttpProxy = false  - Libcurl will NOT use HTTP proxy
LogInit:  - bDontReuseConnections = false  - Libcurl will reuse connections
LogInit:  - MaxHostConnections = 16  - Libcurl will limit the number of connections to a host
LogInit:  - LocalHostAddr = Default
LogInit:  - BufferSize = 65536
LogOnline: Display: STEAM: Loading Steam SDK 1.42
LogOnline: OSS: Creating online subsystem instance for: Steam
LogOnline: Display: STEAM: OnlineSubsystemSteam::Shutdown()
LogOnline: OSS: Unable to create OnlineSubsystem module Steam
LogOnline: OSS: Creating online subsystem instance for: NULL
LogInit: WinSock: version 1.1 (2.2), MaxSocks=32767, MaxUdp=65467
LogInit: Build: ++UE4+Release-4.23-CL-9631420
LogInit: Engine Version: 4.23.1-9631420+++UE4+Release-4.23
LogInit: Compatible Engine Version: 4.23.0-8386587+++UE4+Release-4.23
LogInit: Net CL: 8386587
LogInit: OS: Windows 10 (Release 1903) (), CPU: Intel(R) Core(TM) i7-8550U CPU @ 1.80GHz, GPU: Intel(R) UHD Graphics 620
LogInit: Compiled (64-bit): Oct 18 2019 02:07:44
LogInit: Compiled with Visual C++: 19.16.27030.01
LogInit: Build Configuration: Development
LogInit: Branch Name: ++UE4+Release-4.23
LogInit: Command Line: 
LogInit: Base Directory: D:/epic/UE_4.23/Engine/Binaries/Win64/
LogInit: Installed Engine Build: 1
LogDevObjectVersion: Number of dev versions registered: 23
LogDevObjectVersion:   Dev-Blueprints (B0D832E4-1F89-4F0D-ACCF-7EB736FD4AA2): 10
LogDevObjectVersion:   Dev-Build (E1C64328-A22C-4D53-A36C-8E866417BD8C): 0
LogDevObjectVersion:   Dev-Core (375EC13C-06E4-48FB-B500-84F0262A717E): 3
LogDevObjectVersion:   Dev-Editor (E4B068ED-F494-42E9-A231-DA0B2E46BB41): 34
LogDevObjectVersion:   Dev-Framework (CFFC743F-43B0-4480-9391-14DF171D2073): 35
LogDevObjectVersion:   Dev-Mobile (B02B49B5-BB20-44E9-A304-32B752E40360): 2
LogDevObjectVersion:   Dev-Networking (A4E4105C-59A1-49B5-A7C5-40C4547EDFEE): 0
LogDevObjectVersion:   Dev-Online (39C831C9-5AE6-47DC-9A44-9C173E1C8E7C): 0
LogDevObjectVersion:   Dev-Physics (78F01B33-EBEA-4F98-B9B4-84EACCB95AA2): 0
LogDevObjectVersion:   Dev-Platform (6631380F-2D4D-43E0-8009-CF276956A95A): 0
LogDevObjectVersion:   Dev-Rendering (12F88B9F-8875-4AFC-A67C-D90C383ABD29): 31
LogDevObjectVersion:   Dev-Sequencer (7B5AE74C-D270-4C10-A958-57980B212A5A): 11
LogDevObjectVersion:   Dev-VR (D7296918-1DD6-4BDD-9DE2-64A83CC13884): 2
LogDevObjectVersion:   Dev-LoadTimes (C2A15278-BFE7-4AFE-6C17-90FF531DF755): 1
LogDevObjectVersion:   Private-Geometry (6EACA3D4-40EC-4CC1-B786-8BED09428FC5): 3
LogDevObjectVersion:   Dev-AnimPhys (29E575DD-E0A3-4627-9D10-D276232CDCEA): 17
LogDevObjectVersion:   Dev-Anim (AF43A65D-7FD3-4947-9873-3E8ED9C1BB05): 2
LogDevObjectVersion:   Dev-ReflectionCapture (6B266CEC-1EC7-4B8F-A30B-E4D90942FC07): 1
LogDevObjectVersion:   Dev-Automation (0DF73D61-A23F-47EA-B727-89E90C41499A): 1
LogDevObjectVersion:   FortniteMain (601D1886-AC64-4F84-AA16-D3DE0DEAC7D6): 27
LogDevObjectVersion:   Dev-Enterprise (9DFFBCD6-494F-0158-E221-12823C92A888): 6
LogDevObjectVersion:   Dev-Niagara (F2AED0AC-9AFE-416F-8664-AA7FFA26D6FC): 1
LogDevObjectVersion:   Dev-Destruction (174F1F0B-B4C6-45A5-B13F-2EE8D0FB917D): 9
LogInit: Presizing for max 16777216 objects, including 0 objects not considered by GC, pre-allocating 0 bytes for permanent pool.
LogInit: Object subsystem initialized
LogConfig: Setting CVar [[con.DebugEarlyDefault:1]]
LogConfig: Setting CVar [[r.setres:1280x720]]
[2019.12.13-02.13.46:494][  0]LogConfig: Setting CVar [[r.VSync:0]]
[2019.12.13-02.13.46:494][  0]LogConfig: Setting CVar [[r.RHICmdBypass:0]]
[2019.12.13-02.13.46:494][  0]LogConfig: Applying CVar settings from Section [/Script/Engine.RendererSettings] File [D:/f/cst438-unreal-space-gameafewafwfwafawf/Saved/Config/Windows/Engine.ini]
[2019.12.13-02.13.46:494][  0]LogConfig: Setting CVar [[r.GPUCrashDebugging:0]]
[2019.12.13-02.13.46:494][  0]LogConfig: Applying CVar settings from Section [/Script/Engine.RendererOverrideSettings] File [D:/f/cst438-unreal-space-gameafewafwfwafawf/Saved/Config/Windows/Engine.ini]
[2019.12.13-02.13.46:494][  0]LogConfig: Applying CVar settings from Section [/Script/Engine.StreamingSettings] File [D:/f/cst438-unreal-space-gameafewafwfwafawf/Saved/Config/Windows/Engine.ini]
[2019.12.13-02.13.46:494][  0]LogConfig: Setting CVar [[s.MinBulkDataSizeForAsyncLoading:131072]]
[2019.12.13-02.13.46:494][  0]LogConfig: Setting CVar [[s.AsyncLoadingThreadEnabled:0]]
[2019.12.13-02.13.46:494][  0]LogConfig: Setting CVar [[s.EventDrivenLoaderEnabled:1]]
[2019.12.13-02.13.46:494][  0]LogConfig: Setting CVar [[s.WarnIfTimeLimitExceeded:0]]
[2019.12.13-02.13.46:494][  0]LogConfig: Setting CVar [[s.TimeLimitExceededMultiplier:1.5]]
[2019.12.13-02.13.46:494][  0]LogConfig: Setting CVar [[s.TimeLimitExceededMinTime:0.005]]
[2019.12.13-02.13.46:494][  0]LogConfig: Setting CVar [[s.UseBackgroundLevelStreaming:1]]
[2019.12.13-02.13.46:494][  0]LogConfig: Setting CVar [[s.PriorityAsyncLoadingExtraTime:15.0]]
[2019.12.13-02.13.46:494][  0]LogConfig: Setting CVar [[s.LevelStreamingActorsUpdateTimeLimit:5.0]]
[2019.12.13-02.13.46:494][  0]LogConfig: Setting CVar [[s.PriorityLevelStreamingActorsUpdateExtraTime:5.0]]
[2019.12.13-02.13.46:494][  0]LogConfig: Setting CVar [[s.LevelStreamingComponentsRegistrationGranularity:10]]
[2019.12.13-02.13.46:494][  0]LogConfig: Setting CVar [[s.UnregisterComponentsTimeLimit:1.0]]
[2019.12.13-02.13.46:494][  0]LogConfig: Setting CVar [[s.LevelStreamingComponentsUnregistrationGranularity:5]]
[2019.12.13-02.13.46:494][  0]LogConfig: Applying CVar settings from Section [/Script/Engine.GarbageCollectionSettings] File [D:/f/cst438-unreal-space-gameafewafwfwafawf/Saved/Config/Windows/Engine.ini]
[2019.12.13-02.13.46:495][  0]LogConfig: Setting CVar [[gc.MaxObjectsNotConsideredByGC:1]]
[2019.12.13-02.13.46:495][  0]LogConfig: Setting CVar [[gc.SizeOfPermanentObjectPool:0]]
[2019.12.13-02.13.46:495][  0]LogConfig: Setting CVar [[gc.FlushStreamingOnGC:0]]
[2019.12.13-02.13.46:495][  0]LogConfig: Setting CVar [[gc.NumRetriesBeforeForcingGC:10]]
[2019.12.13-02.13.46:495][  0]LogConfig: Setting CVar [[gc.AllowParallelGC:1]]
[2019.12.13-02.13.46:495][  0]LogConfig: Setting CVar [[gc.TimeBetweenPurgingPendingKillObjects:61.1]]
[2019.12.13-02.13.46:495][  0]LogConfig: Setting CVar [[gc.MaxObjectsInEditor:16777216]]
[2019.12.13-02.13.46:495][  0]LogConfig: Setting CVar [[gc.IncrementalBeginDestroyEnabled:1]]
[2019.12.13-02.13.46:495][  0]LogConfig: Setting CVar [[gc.CreateGCClusters:1]]
[2019.12.13-02.13.46:495][  0]LogConfig: Setting CVar [[gc.MinGCClusterSize:5]]
[2019.12.13-02.13.46:495][  0]LogConfig: Setting CVar [[gc.ActorClusteringEnabled:0]]
[2019.12.13-02.13.46:495][  0]LogConfig: Setting CVar [[gc.BlueprintClusteringEnabled:0]]
[2019.12.13-02.13.46:495][  0]LogConfig: Setting CVar [[gc.UseDisregardForGCOnDedicatedServers:0]]
[2019.12.13-02.13.46:495][  0]LogConfig: Applying CVar settings from Section [/Script/Engine.NetworkSettings] File [D:/f/cst438-unreal-space-gameafewafwfwafawf/Saved/Config/Windows/Engine.ini]
[2019.12.13-02.13.46:495][  0]LogConfig: Applying CVar settings from Section [/Script/UnrealEd.CookerSettings] File [D:/f/cst438-unreal-space-gameafewafwfwafawf/Saved/Config/Windows/Engine.ini]
[2019.12.13-02.13.46:501][  0]LogConfig: Applying CVar settings from Section [ViewDistanceQuality@3] File [D:/f/cst438-unreal-space-gameafewafwfwafawf/Saved/Config/Windows/Scalability.ini]
[2019.12.13-02.13.46:501][  0]LogConfig: Setting CVar [[r.SkeletalMeshLODBias:0]]
[2019.12.13-02.13.46:501][  0]LogConfig: Setting CVar [[r.ViewDistanceScale:1.0]]
[2019.12.13-02.13.46:501][  0]LogConfig: Applying CVar settings from Section [AntiAliasingQuality@3] File [D:/f/cst438-unreal-space-gameafewafwfwafawf/Saved/Config/Windows/Scalability.ini]
[2019.12.13-02.13.46:502][  0]LogConfig: Setting CVar [[r.PostProcessAAQuality:4]]
[2019.12.13-02.13.46:502][  0]LogConfig: Applying CVar settings from Section [ShadowQuality@3] File [D:/f/cst438-unreal-space-gameafewafwfwafawf/Saved/Config/Windows/Scalability.ini]
[2019.12.13-02.13.46:502][  0]LogConfig: Setting CVar [[r.LightFunctionQuality:1]]
[2019.12.13-02.13.46:502][  0]LogConfig: Setting CVar [[r.ShadowQuality:5]]
[2019.12.13-02.13.46:502][  0]LogConfig: Setting CVar [[r.Shadow.CSM.MaxCascades:10]]
[2019.12.13-02.13.46:502][  0]LogConfig: Setting CVar [[r.Shadow.MaxResolution:2048]]
[2019.12.13-02.13.46:502][  0]LogConfig: Setting CVar [[r.Shadow.MaxCSMResolution:2048]]
[2019.12.13-02.13.46:502][  0]LogConfig: Setting CVar [[r.Shadow.RadiusThreshold:0.01]]
[2019.12.13-02.13.46:502][  0]LogConfig: Setting CVar [[r.Shadow.DistanceScale:1.0]]
[2019.12.13-02.13.46:502][  0]LogConfig: Setting CVar [[r.Shadow.CSM.TransitionScale:1.0]]
[2019.12.13-02.13.46:502][  0]LogConfig: Setting CVar [[r.Shadow.PreShadowResolutionFactor:1.0]]
[2019.12.13-02.13.46:502][  0]LogConfig: Setting CVar [[r.DistanceFieldShadowing:1]]
[2019.12.13-02.13.46:502][  0]LogConfig: Setting CVar [[r.DistanceFieldAO:1]]
[2019.12.13-02.13.46:502][  0]LogConfig: Setting CVar [[r.AOQuality:2]]
[2019.12.13-02.13.46:502][  0]LogConfig: Setting CVar [[r.VolumetricFog:1]]
[2019.12.13-02.13.46:502][  0]LogConfig: Setting CVar [[r.VolumetricFog.GridPixelSize:8]]
[2019.12.13-02.13.46:502][  0]LogConfig: Setting CVar [[r.VolumetricFog.GridSizeZ:128]]
[2019.12.13-02.13.46:502][  0]LogConfig: Setting CVar [[r.VolumetricFog.HistoryMissSupersampleCount:4]]
[2019.12.13-02.13.46:502][  0]LogConfig: Setting CVar [[r.LightMaxDrawDistanceScale:1]]
[2019.12.13-02.13.46:502][  0]LogConfig: Setting CVar [[r.CapsuleShadows:1]]
[2019.12.13-02.13.46:502][  0]LogConfig: Applying CVar settings from Section [PostProcessQuality@3] File [D:/f/cst438-unreal-space-gameafewafwfwafawf/Saved/Config/Windows/Scalability.ini]
[2019.12.13-02.13.46:502][  0]LogConfig: Setting CVar [[r.MotionBlurQuality:4]]
[2019.12.13-02.13.46:502][  0]LogConfig: Setting CVar [[r.AmbientOcclusionMipLevelFactor:0.4]]
[2019.12.13-02.13.46:502][  0]LogConfig: Setting CVar [[r.AmbientOcclusionMaxQuality:100]]
[2019.12.13-02.13.46:503][  0]LogConfig: Setting CVar [[r.AmbientOcclusionLevels:-1]]
[2019.12.13-02.13.46:503][  0]LogConfig: Setting CVar [[r.AmbientOcclusionRadiusScale:1.0]]
[2019.12.13-02.13.46:503][  0]LogConfig: Setting CVar [[r.DepthOfFieldQuality:2]]
[2019.12.13-02.13.46:503][  0]LogConfig: Setting CVar [[r.RenderTargetPoolMin:400]]
[2019.12.13-02.13.46:503][  0]LogConfig: Setting CVar [[r.LensFlareQuality:2]]
[2019.12.13-02.13.46:503][  0]LogConfig: Setting CVar [[r.SceneColorFringeQuality:1]]
[2019.12.13-02.13.46:503][  0]LogConfig: Setting CVar [[r.EyeAdaptationQuality:2]]
[2019.12.13-02.13.46:503][  0]LogConfig: Setting CVar [[r.BloomQuality:5]]
[2019.12.13-02.13.46:503][  0]LogConfig: Setting CVar [[r.FastBlurThreshold:100]]
[2019.12.13-02.13.46:503][  0]LogConfig: Setting CVar [[r.Upscale.Quality:3]]
[2019.12.13-02.13.46:503][  0]LogConfig: Setting CVar [[r.Tonemapper.GrainQuantization:1]]
[2019.12.13-02.13.46:503][  0]LogConfig: Setting CVar [[r.LightShaftQuality:1]]
[2019.12.13-02.13.46:503][  0]LogConfig: Setting CVar [[r.Filter.SizeScale:1]]
[2019.12.13-02.13.46:503][  0]LogConfig: Setting CVar [[r.Tonemapper.Quality:5]]
[2019.12.13-02.13.46:503][  0]LogConfig: Setting CVar [[r.DOF.Gather.AccumulatorQuality:1        ; higher gathering accumulator quality]]
[2019.12.13-02.13.46:503][  0]LogConfig: Setting CVar [[r.DOF.Gather.PostfilterMethod:1          ; Median3x3 postfilering method]]
[2019.12.13-02.13.46:503][  0]LogConfig: Setting CVar [[r.DOF.Gather.EnableBokehSettings:0       ; no bokeh simulation when gathering]]
[2019.12.13-02.13.46:503][  0]LogConfig: Setting CVar [[r.DOF.Gather.RingCount:4                 ; medium number of samples when gathering]]
[2019.12.13-02.13.46:503][  0]LogConfig: Setting CVar [[r.DOF.Scatter.ForegroundCompositing:1    ; additive foreground scattering]]
[2019.12.13-02.13.46:503][  0]LogConfig: Setting CVar [[r.DOF.Scatter.BackgroundCompositing:2    ; additive background scattering]]
[2019.12.13-02.13.46:503][  0]LogConfig: Setting CVar [[r.DOF.Scatter.EnableBokehSettings:1      ; bokeh simulation when scattering]]
[2019.12.13-02.13.46:503][  0]LogConfig: Setting CVar [[r.DOF.Scatter.MaxSpriteRatio:0.1         ; only a maximum of 10% of scattered bokeh]]
[2019.12.13-02.13.46:503][  0]LogConfig: Setting CVar [[r.DOF.Recombine.Quality:1                ; cheap slight out of focus]]
[2019.12.13-02.13.46:503][  0]LogConfig: Setting CVar [[r.DOF.Recombine.EnableBokehSettings:0    ; no bokeh simulation on slight out of focus]]
[2019.12.13-02.13.46:503][  0]LogConfig: Setting CVar [[r.DOF.TemporalAAQuality:1                ; more stable temporal accumulation]]
[2019.12.13-02.13.46:504][  0]LogConfig: Setting CVar [[r.DOF.Kernel.MaxForegroundRadius:0.025]]
[2019.12.13-02.13.46:504][  0]LogConfig: Setting CVar [[r.DOF.Kernel.MaxBackgroundRadius:0.025]]
[2019.12.13-02.13.46:504][  0]LogConfig: Applying CVar settings from Section [TextureQuality@3] File [D:/f/cst438-unreal-space-gameafewafwfwafawf/Saved/Config/Windows/Scalability.ini]
[2019.12.13-02.13.46:504][  0]LogConfig: Setting CVar [[r.Streaming.MipBias:0]]
[2019.12.13-02.13.46:504][  0]LogConfig: Setting CVar [[r.Streaming.AmortizeCPUToGPUCopy:0]]
[2019.12.13-02.13.46:504][  0]LogConfig: Setting CVar [[r.Streaming.MaxNumTexturesToStreamPerFrame:0]]
[2019.12.13-02.13.46:504][  0]LogConfig: Setting CVar [[r.Streaming.Boost:1]]
[2019.12.13-02.13.46:504][  0]LogConfig: Setting CVar [[r.MaxAnisotropy:8]]
[2019.12.13-02.13.46:504][  0]LogConfig: Setting CVar [[r.Streaming.LimitPoolSizeToVRAM:0]]
[2019.12.13-02.13.46:504][  0]LogConfig: Setting CVar [[r.Streaming.PoolSize:1000]]
[2019.12.13-02.13.46:504][  0]LogConfig: Setting CVar [[r.Streaming.MaxEffectiveScreenSize:0]]
[2019.12.13-02.13.46:504][  0]LogConfig: Applying CVar settings from Section [EffectsQuality@3] File [D:/f/cst438-unreal-space-gameafewafwfwafawf/Saved/Config/Windows/Scalability.ini]
[2019.12.13-02.13.46:504][  0]LogConfig: Setting CVar [[r.TranslucencyLightingVolumeDim:64]]
[2019.12.13-02.13.46:504][  0]LogConfig: Setting CVar [[r.RefractionQuality:2]]
[2019.12.13-02.13.46:504][  0]LogConfig: Setting CVar [[r.SSR.Quality:3]]
[2019.12.13-02.13.46:504][  0]LogConfig: Setting CVar [[r.SceneColorFormat:4]]
[2019.12.13-02.13.46:504][  0]LogConfig: Setting CVar [[r.DetailMode:2]]
[2019.12.13-02.13.46:504][  0]LogConfig: Setting CVar [[r.TranslucencyVolumeBlur:1]]
[2019.12.13-02.13.46:504][  0]LogConfig: Setting CVar [[r.MaterialQualityLevel:1 ; High quality]]
[2019.12.13-02.13.46:504][  0]LogConfig: Setting CVar [[r.SSS.Scale:1]]
[2019.12.13-02.13.46:504][  0]LogConfig: Setting CVar [[r.SSS.SampleSet:2]]
[2019.12.13-02.13.46:505][  0]LogConfig: Setting CVar [[r.SSS.Quality:1]]
[2019.12.13-02.13.46:505][  0]LogConfig: Setting CVar [[r.SSS.HalfRes:1]]
[2019.12.13-02.13.46:505][  0]LogConfig: Setting CVar [[r.EmitterSpawnRateScale:1.0]]
[2019.12.13-02.13.46:505][  0]LogConfig: Setting CVar [[r.ParticleLightQuality:2]]
[2019.12.13-02.13.46:505][  0]LogConfig: Applying CVar settings from Section [FoliageQuality@3] File [D:/f/cst438-unreal-space-gameafewafwfwafawf/Saved/Config/Windows/Scalability.ini]
[2019.12.13-02.13.46:505][  0]LogConfig: Setting CVar [[foliage.DensityScale:1.0]]
[2019.12.13-02.13.46:505][  0]LogConfig: Setting CVar [[grass.DensityScale:1.0]]
[2019.12.13-02.13.46:505][  0]LogInit: Selected Device Profile: [Windows]
[2019.12.13-02.13.46:505][  0]LogInit: Applying CVar settings loaded from the selected device profile: [Windows]
[2019.12.13-02.13.46:511][  0]LogHAL: Display: Platform has ~ 8 GB [8425017344 / 8589934592 / 8], which maps to Default [LargestMinGB=32, LargerMinGB=12, DefaultMinGB=8, SmallerMinGB=6, SmallestMinGB=0)
[2019.12.13-02.13.46:511][  0]LogInit: Going up to parent DeviceProfile []
[2019.12.13-02.13.46:512][  0]LogConfig: Applying CVar settings from Section [ViewDistanceQuality@3] File [D:/f/cst438-unreal-space-gameafewafwfwafawf/Saved/Config/Windows/Scalability.ini]
[2019.12.13-02.13.46:512][  0]LogConfig: Setting CVar [[r.SkeletalMeshLODBias:0]]
[2019.12.13-02.13.46:512][  0]LogConfig: Setting CVar [[r.ViewDistanceScale:1.0]]
[2019.12.13-02.13.46:512][  0]LogConfig: Applying CVar settings from Section [AntiAliasingQuality@3] File [D:/f/cst438-unreal-space-gameafewafwfwafawf/Saved/Config/Windows/Scalability.ini]
[2019.12.13-02.13.46:512][  0]LogConfig: Setting CVar [[r.PostProcessAAQuality:4]]
[2019.12.13-02.13.46:512][  0]LogConfig: Applying CVar settings from Section [ShadowQuality@3] File [D:/f/cst438-unreal-space-gameafewafwfwafawf/Saved/Config/Windows/Scalability.ini]
[2019.12.13-02.13.46:512][  0]LogConfig: Setting CVar [[r.LightFunctionQuality:1]]
[2019.12.13-02.13.46:512][  0]LogConfig: Setting CVar [[r.ShadowQuality:5]]
[2019.12.13-02.13.46:512][  0]LogConfig: Setting CVar [[r.Shadow.CSM.MaxCascades:10]]
[2019.12.13-02.13.46:512][  0]LogConfig: Setting CVar [[r.Shadow.MaxResolution:2048]]
[2019.12.13-02.13.46:512][  0]LogConfig: Setting CVar [[r.Shadow.MaxCSMResolution:2048]]
[2019.12.13-02.13.46:512][  0]LogConfig: Setting CVar [[r.Shadow.RadiusThreshold:0.01]]
[2019.12.13-02.13.46:512][  0]LogConfig: Setting CVar [[r.Shadow.DistanceScale:1.0]]
[2019.12.13-02.13.46:512][  0]LogConfig: Setting CVar [[r.Shadow.CSM.TransitionScale:1.0]]
[2019.12.13-02.13.46:512][  0]LogConfig: Setting CVar [[r.Shadow.PreShadowResolutionFactor:1.0]]
[2019.12.13-02.13.46:512][  0]LogConfig: Setting CVar [[r.DistanceFieldShadowing:1]]
[2019.12.13-02.13.46:512][  0]LogConfig: Setting CVar [[r.DistanceFieldAO:1]]
[2019.12.13-02.13.46:512][  0]LogConfig: Setting CVar [[r.AOQuality:2]]
[2019.12.13-02.13.46:512][  0]LogConfig: Setting CVar [[r.VolumetricFog:1]]
[2019.12.13-02.13.46:512][  0]LogConfig: Setting CVar [[r.VolumetricFog.GridPixelSize:8]]
[2019.12.13-02.13.46:512][  0]LogConfig: Setting CVar [[r.VolumetricFog.GridSizeZ:128]]
[2019.12.13-02.13.46:512][  0]LogConfig: Setting CVar [[r.VolumetricFog.HistoryMissSupersampleCount:4]]
[2019.12.13-02.13.46:513][  0]LogConfig: Setting CVar [[r.LightMaxDrawDistanceScale:1]]
[2019.12.13-02.13.46:513][  0]LogConfig: Setting CVar [[r.CapsuleShadows:1]]
[2019.12.13-02.13.46:513][  0]LogConfig: Applying CVar settings from Section [PostProcessQuality@3] File [D:/f/cst438-unreal-space-gameafewafwfwafawf/Saved/Config/Windows/Scalability.ini]
[2019.12.13-02.13.46:513][  0]LogConfig: Setting CVar [[r.MotionBlurQuality:4]]
[2019.12.13-02.13.46:513][  0]LogConfig: Setting CVar [[r.AmbientOcclusionMipLevelFactor:0.4]]
[2019.12.13-02.13.46:513][  0]LogConfig: Setting CVar [[r.AmbientOcclusionMaxQuality:100]]
[2019.12.13-02.13.46:513][  0]LogConfig: Setting CVar [[r.AmbientOcclusionLevels:-1]]
[2019.12.13-02.13.46:513][  0]LogConfig: Setting CVar [[r.AmbientOcclusionRadiusScale:1.0]]
[2019.12.13-02.13.46:513][  0]LogConfig: Setting CVar [[r.DepthOfFieldQuality:2]]
[2019.12.13-02.13.46:513][  0]LogConfig: Setting CVar [[r.RenderTargetPoolMin:400]]
[2019.12.13-02.13.46:513][  0]LogConfig: Setting CVar [[r.LensFlareQuality:2]]
[2019.12.13-02.13.46:513][  0]LogConfig: Setting CVar [[r.SceneColorFringeQuality:1]]
[2019.12.13-02.13.46:513][  0]LogConfig: Setting CVar [[r.EyeAdaptationQuality:2]]
[2019.12.13-02.13.46:513][  0]LogConfig: Setting CVar [[r.BloomQuality:5]]
[2019.12.13-02.13.46:513][  0]LogConfig: Setting CVar [[r.FastBlurThreshold:100]]
[2019.12.13-02.13.46:513][  0]LogConfig: Setting CVar [[r.Upscale.Quality:3]]
[2019.12.13-02.13.46:513][  0]LogConfig: Setting CVar [[r.Tonemapper.GrainQuantization:1]]
[2019.12.13-02.13.46:513][  0]LogConfig: Setting CVar [[r.LightShaftQuality:1]]
[2019.12.13-02.13.46:513][  0]LogConfig: Setting CVar [[r.Filter.SizeScale:1]]
[2019.12.13-02.13.46:513][  0]LogConfig: Setting CVar [[r.Tonemapper.Quality:5]]
[2019.12.13-02.13.46:513][  0]LogConfig: Setting CVar [[r.DOF.Gather.AccumulatorQuality:1        ; higher gathering accumulator quality]]
[2019.12.13-02.13.46:513][  0]LogConfig: Setting CVar [[r.DOF.Gather.PostfilterMethod:1          ; Median3x3 postfilering method]]
[2019.12.13-02.13.46:513][  0]LogConfig: Setting CVar [[r.DOF.Gather.EnableBokehSettings:0       ; no bokeh simulation when gathering]]
[2019.12.13-02.13.46:513][  0]LogConfig: Setting CVar [[r.DOF.Gather.RingCount:4                 ; medium number of samples when gathering]]
[2019.12.13-02.13.46:513][  0]LogConfig: Setting CVar [[r.DOF.Scatter.ForegroundCompositing:1    ; additive foreground scattering]]
[2019.12.13-02.13.46:514][  0]LogConfig: Setting CVar [[r.DOF.Scatter.BackgroundCompositing:2    ; additive background scattering]]
[2019.12.13-02.13.46:514][  0]LogConfig: Setting CVar [[r.DOF.Scatter.EnableBokehSettings:1      ; bokeh simulation when scattering]]
[2019.12.13-02.13.46:514][  0]LogConfig: Setting CVar [[r.DOF.Scatter.MaxSpriteRatio:0.1         ; only a maximum of 10% of scattered bokeh]]
[2019.12.13-02.13.46:514][  0]LogConfig: Setting CVar [[r.DOF.Recombine.Quality:1                ; cheap slight out of focus]]
[2019.12.13-02.13.46:514][  0]LogConfig: Setting CVar [[r.DOF.Recombine.EnableBokehSettings:0    ; no bokeh simulation on slight out of focus]]
[2019.12.13-02.13.46:514][  0]LogConfig: Setting CVar [[r.DOF.TemporalAAQuality:1                ; more stable temporal accumulation]]
[2019.12.13-02.13.46:514][  0]LogConfig: Setting CVar [[r.DOF.Kernel.MaxForegroundRadius:0.025]]
[2019.12.13-02.13.46:514][  0]LogConfig: Setting CVar [[r.DOF.Kernel.MaxBackgroundRadius:0.025]]
[2019.12.13-02.13.46:514][  0]LogConfig: Applying CVar settings from Section [TextureQuality@3] File [D:/f/cst438-unreal-space-gameafewafwfwafawf/Saved/Config/Windows/Scalability.ini]
[2019.12.13-02.13.46:514][  0]LogConfig: Setting CVar [[r.Streaming.MipBias:0]]
[2019.12.13-02.13.46:514][  0]LogConfig: Setting CVar [[r.Streaming.AmortizeCPUToGPUCopy:0]]
[2019.12.13-02.13.46:514][  0]LogConfig: Setting CVar [[r.Streaming.MaxNumTexturesToStreamPerFrame:0]]
[2019.12.13-02.13.46:514][  0]LogConfig: Setting CVar [[r.Streaming.Boost:1]]
[2019.12.13-02.13.46:514][  0]LogConfig: Setting CVar [[r.MaxAnisotropy:8]]
[2019.12.13-02.13.46:514][  0]LogConfig: Setting CVar [[r.Streaming.LimitPoolSizeToVRAM:0]]
[2019.12.13-02.13.46:514][  0]LogConfig: Setting CVar [[r.Streaming.PoolSize:1000]]
[2019.12.13-02.13.46:514][  0]LogConfig: Setting CVar [[r.Streaming.MaxEffectiveScreenSize:0]]
[2019.12.13-02.13.46:514][  0]LogConfig: Applying CVar settings from Section [EffectsQuality@3] File [D:/f/cst438-unreal-space-gameafewafwfwafawf/Saved/Config/Windows/Scalability.ini]
[2019.12.13-02.13.46:514][  0]LogConfig: Setting CVar [[r.TranslucencyLightingVolumeDim:64]]
[2019.12.13-02.13.46:514][  0]LogConfig: Setting CVar [[r.RefractionQuality:2]]
[2019.12.13-02.13.46:514][  0]LogConfig: Setting CVar [[r.SSR.Quality:3]]
[2019.12.13-02.13.46:514][  0]LogConfig: Setting CVar [[r.SceneColorFormat:4]]
[2019.12.13-02.13.46:514][  0]LogConfig: Setting CVar [[r.DetailMode:2]]
[2019.12.13-02.13.46:514][  0]LogConfig: Setting CVar [[r.TranslucencyVolumeBlur:1]]
[2019.12.13-02.13.46:514][  0]LogConfig: Setting CVar [[r.MaterialQualityLevel:1 ; High quality]]
[2019.12.13-02.13.46:514][  0]LogConfig: Setting CVar [[r.SSS.Scale:1]]
[2019.12.13-02.13.46:514][  0]LogConfig: Setting CVar [[r.SSS.SampleSet:2]]
[2019.12.13-02.13.46:515][  0]LogConfig: Setting CVar [[r.SSS.Quality:1]]
[2019.12.13-02.13.46:515][  0]LogConfig: Setting CVar [[r.SSS.HalfRes:1]]
[2019.12.13-02.13.46:515][  0]LogConfig: Setting CVar [[r.EmitterSpawnRateScale:1.0]]
[2019.12.13-02.13.46:515][  0]LogConfig: Setting CVar [[r.ParticleLightQuality:2]]
[2019.12.13-02.13.46:515][  0]LogConfig: Applying CVar settings from Section [FoliageQuality@3] File [D:/f/cst438-unreal-space-gameafewafwfwafawf/Saved/Config/Windows/Scalability.ini]
[2019.12.13-02.13.46:515][  0]LogConfig: Setting CVar [[foliage.DensityScale:1.0]]
[2019.12.13-02.13.46:515][  0]LogConfig: Setting CVar [[grass.DensityScale:1.0]]
[2019.12.13-02.13.46:515][  0]LogConfig: Applying CVar settings from Section [Startup] File [../../../Engine/Config/ConsoleVariables.ini]
[2019.12.13-02.13.46:515][  0]LogConfig: Setting CVar [[net.UseAdaptiveNetUpdateFrequency:0]]
[2019.12.13-02.13.46:515][  0]LogConfig: Setting CVar [[p.chaos.AllowCreatePhysxBodies:1]]
[2019.12.13-02.13.46:515][  0]LogConfig: Applying CVar settings from Section [ConsoleVariables] File [D:/f/cst438-unreal-space-gameafewafwfwafawf/Saved/Config/Windows/Engine.ini]
[2019.12.13-02.13.46:516][  0]LogInit: Computer: DESKTOP-O6DUFCB
[2019.12.13-02.13.46:516][  0]LogInit: User: seb
[2019.12.13-02.13.46:516][  0]LogInit: CPU Page size=4096, Cores=4
[2019.12.13-02.13.46:516][  0]LogInit: High frequency timer resolution =10.000000 MHz
[2019.12.13-02.13.46:516][  0]LogMemory: Memory total: Physical=7.8GB (8GB approx)
[2019.12.13-02.13.46:516][  0]LogMemory: Platform Memory Stats for Windows
[2019.12.13-02.13.46:516][  0]LogMemory: Process Physical Memory: 100.98 MB used, 100.99 MB peak
[2019.12.13-02.13.46:516][  0]LogMemory: Process Virtual Memory: 88.48 MB used, 88.48 MB peak
[2019.12.13-02.13.46:516][  0]LogMemory: Physical Memory: 4636.95 MB used,  3397.77 MB free, 8034.72 MB total
[2019.12.13-02.13.46:516][  0]LogMemory: Virtual Memory: 4657.70 MB used,  134213072.00 MB free, 134217728.00 MB total
[2019.12.13-02.13.46:522][  0]LogWindows: WindowsPlatformFeatures enabled
[2019.12.13-02.13.46:557][  0]LogInit: Using OS detected language (en-US).
[2019.12.13-02.13.46:557][  0]LogInit: Using OS detected locale (en-US).
[2019.12.13-02.13.46:559][  0]LogTextLocalizationManager: No specific localization for 'en-US' exists, so the 'en' localization will be used.
[2019.12.13-02.13.46:909][  0]LogInit: Setting process to per monitor DPI aware
[2019.12.13-02.13.46:959][  0]LogSlate: New Slate User Created.  User Index 0, Is Virtual User: 0
[2019.12.13-02.13.46:959][  0]LogSlate: Slate User Registered.  User Index 0, Is Virtual User: 0
[2019.12.13-02.13.47:162][  0]LogHMD: Failed to initialize OpenVR with code 110
[2019.12.13-02.13.47:162][  0]LogD3D11RHI: D3D11 adapters:
[2019.12.13-02.13.47:185][  0]LogD3D11RHI:    0. 'Intel(R) UHD Graphics 620' (Feature Level 11_0)
[2019.12.13-02.13.47:185][  0]LogD3D11RHI:       128/0/4017 MB DedicatedVideo/DedicatedSystem/SharedSystem, Outputs:1, VendorId:0x8086
[2019.12.13-02.13.47:977][  0]LogD3D11RHI:    1. 'NVIDIA GeForce MX150' (Feature Level 11_0)
[2019.12.13-02.13.47:977][  0]LogD3D11RHI:       1983/0/4017 MB DedicatedVideo/DedicatedSystem/SharedSystem, Outputs:0, VendorId:0x10de
[2019.12.13-02.13.47:980][  0]LogD3D11RHI:    2. 'Microsoft Basic Render Driver' (Feature Level 11_0)
[2019.12.13-02.13.47:980][  0]LogD3D11RHI:       0/0/4017 MB DedicatedVideo/DedicatedSystem/SharedSystem, Outputs:0, VendorId:0x1414
[2019.12.13-02.13.47:980][  0]LogD3D11RHI: Chosen D3D11 Adapter: 1
[2019.12.13-02.13.47:987][  0]LogD3D11RHI: Creating new Direct3DDevice
[2019.12.13-02.13.47:987][  0]LogD3D11RHI:     GPU DeviceId: 0x1d12 (for the marketing name, search the web for "GPU Device Id")
[2019.12.13-02.13.47:987][  0]LogWindows: EnumDisplayDevices:
[2019.12.13-02.13.47:987][  0]LogWindows:    0. 'Intel(R) UHD Graphics 620' (P:1 D:1)
[2019.12.13-02.13.47:988][  0]LogWindows:    1. 'Intel(R) UHD Graphics 620' (P:0 D:0)
[2019.12.13-02.13.47:988][  0]LogWindows:    2. 'Intel(R) UHD Graphics 620' (P:0 D:0)
[2019.12.13-02.13.47:988][  0]LogWindows: DebugString: PrimaryIsNotTheChoosenAdapter PrimaryIsNotTheChoosenAdapter PrimaryIsNotTheChoosenAdapter FoundDriverCount:0 
[2019.12.13-02.13.47:988][  0]LogD3D11RHI:     Adapter Name: NVIDIA GeForce MX150
[2019.12.13-02.13.47:988][  0]LogD3D11RHI:   Driver Version: Unknown (internal:Unknown, unified:Unknown)
[2019.12.13-02.13.47:988][  0]LogD3D11RHI:      Driver Date: Unknown
[2019.12.13-02.13.47:988][  0]LogRHI: Texture pool is 1388 MB (70% of 1983 MB)
[2019.12.13-02.13.48:044][  0]LogD3D11RHI: Async texture creation enabled
[2019.12.13-02.13.48:064][  0]LogD3D11RHI: GPU Timing Frequency: 1000.000000 (Debug: 2 2)
[2019.12.13-02.13.48:493][  0]LogTemp: Display: Module 'AllDesktopTargetPlatform' loaded TargetPlatform 'AllDesktop'
[2019.12.13-02.13.48:506][  0]LogTemp: Display: Module 'MacClientTargetPlatform' loaded TargetPlatform 'MacClient'
[2019.12.13-02.13.48:519][  0]LogTemp: Display: Module 'MacNoEditorTargetPlatform' loaded TargetPlatform 'MacNoEditor'
[2019.12.13-02.13.48:533][  0]LogTemp: Display: Module 'MacServerTargetPlatform' loaded TargetPlatform 'MacServer'
[2019.12.13-02.13.48:546][  0]LogTemp: Display: Module 'MacTargetPlatform' loaded TargetPlatform 'Mac'
[2019.12.13-02.13.48:560][  0]LogTemp: Display: Module 'WindowsClientTargetPlatform' loaded TargetPlatform 'WindowsClient'
[2019.12.13-02.13.48:576][  0]LogTemp: Display: Module 'WindowsNoEditorTargetPlatform' loaded TargetPlatform 'WindowsNoEditor'
[2019.12.13-02.13.48:592][  0]LogTemp: Display: Module 'WindowsServerTargetPlatform' loaded TargetPlatform 'WindowsServer'
[2019.12.13-02.13.48:600][  0]LogTemp: Display: Module 'WindowsTargetPlatform' loaded TargetPlatform 'Windows'
[2019.12.13-02.13.48:667][  0]LogTemp: Display: Module 'AndroidTargetPlatform' loaded TargetPlatform 'Android'
[2019.12.13-02.13.48:667][  0]LogTemp: Display: Module 'AndroidTargetPlatform' loaded TargetPlatform 'Android_ASTC'
[2019.12.13-02.13.48:667][  0]LogTemp: Display: Module 'AndroidTargetPlatform' loaded TargetPlatform 'Android_ATC'
[2019.12.13-02.13.48:667][  0]LogTemp: Display: Module 'AndroidTargetPlatform' loaded TargetPlatform 'Android_DXT'
[2019.12.13-02.13.48:667][  0]LogTemp: Display: Module 'AndroidTargetPlatform' loaded TargetPlatform 'Android_ETC1'
[2019.12.13-02.13.48:667][  0]LogTemp: Display: Module 'AndroidTargetPlatform' loaded TargetPlatform 'Android_ETC1a'
[2019.12.13-02.13.48:667][  0]LogTemp: Display: Module 'AndroidTargetPlatform' loaded TargetPlatform 'Android_ETC2'
[2019.12.13-02.13.48:667][  0]LogTemp: Display: Module 'AndroidTargetPlatform' loaded TargetPlatform 'Android_PVRTC'
[2019.12.13-02.13.48:667][  0]LogTemp: Display: Module 'AndroidTargetPlatform' loaded TargetPlatform 'AndroidClient'
[2019.12.13-02.13.48:667][  0]LogTemp: Display: Module 'AndroidTargetPlatform' loaded TargetPlatform 'Android_ASTCClient'
[2019.12.13-02.13.48:667][  0]LogTemp: Display: Module 'AndroidTargetPlatform' loaded TargetPlatform 'Android_ATCClient'
[2019.12.13-02.13.48:667][  0]LogTemp: Display: Module 'AndroidTargetPlatform' loaded TargetPlatform 'Android_DXTClient'
[2019.12.13-02.13.48:667][  0]LogTemp: Display: Module 'AndroidTargetPlatform' loaded TargetPlatform 'Android_ETC1Client'
[2019.12.13-02.13.48:667][  0]LogTemp: Display: Module 'AndroidTargetPlatform' loaded TargetPlatform 'Android_ETC1aClient'
[2019.12.13-02.13.48:667][  0]LogTemp: Display: Module 'AndroidTargetPlatform' loaded TargetPlatform 'Android_ETC2Client'
[2019.12.13-02.13.48:667][  0]LogTemp: Display: Module 'AndroidTargetPlatform' loaded TargetPlatform 'Android_PVRTCClient'
[2019.12.13-02.13.48:667][  0]LogTemp: Display: Module 'AndroidTargetPlatform' loaded TargetPlatform 'Android_Multi'
[2019.12.13-02.13.48:667][  0]LogTemp: Display: Module 'AndroidTargetPlatform' loaded TargetPlatform 'Android_MultiClient'
[2019.12.13-02.13.48:669][  0]LogTemp: Display: Module 'HTML5TargetPlatform' loaded TargetPlatform 'HTML5'
[2019.12.13-02.13.48:690][  0]LogTemp: Display: Module 'IOSTargetPlatform' loaded TargetPlatform 'IOSClient'
[2019.12.13-02.13.48:690][  0]LogTemp: Display: Module 'IOSTargetPlatform' loaded TargetPlatform 'IOS'
[2019.12.13-02.13.48:706][  0]LogTemp: Display: Module 'TVOSTargetPlatform' loaded TargetPlatform 'TVOSClient'
[2019.12.13-02.13.48:707][  0]LogTemp: Display: Module 'TVOSTargetPlatform' loaded TargetPlatform 'TVOS'
[2019.12.13-02.13.48:715][  0]LogTemp: Display: Module 'LinuxClientTargetPlatform' loaded TargetPlatform 'LinuxClient'
[2019.12.13-02.13.48:724][  0]LogTemp: Display: Module 'LinuxNoEditorTargetPlatform' loaded TargetPlatform 'LinuxNoEditor'
[2019.12.13-02.13.48:734][  0]LogTemp: Display: Module 'LinuxServerTargetPlatform' loaded TargetPlatform 'LinuxServer'
[2019.12.13-02.13.48:749][  0]LogTemp: Display: Module 'LinuxTargetPlatform' loaded TargetPlatform 'Linux'
[2019.12.13-02.13.48:788][  0]LogTemp: Display: Module 'LuminTargetPlatform' loaded TargetPlatform 'Lumin'
[2019.12.13-02.13.48:788][  0]LogTemp: Display: Module 'LuminTargetPlatform' loaded TargetPlatform 'LuminClient'
[2019.12.13-02.13.48:788][  0]LogTargetPlatformManager: Display: Building Assets For Windows
[2019.12.13-02.13.48:800][  0]LogAudioDebug: Display: Lib vorbis DLL was dynamically loaded.
[2019.12.13-02.13.48:883][  0]LogShaderCompilers: Guid format shader working directory is -11 characters bigger than the processId version (../../../../../f/cst438-unreal-space-gameafewafwfwafawf/Intermediate/Shaders/WorkingDirectory/3560/).
[2019.12.13-02.13.48:884][  0]LogShaderCompilers: Cleaned the shader compiler working directory 'C:/Users/seb/AppData/Local/Temp/UnrealShaderWorkingDir/FA8719F24115A510191AC2A788E5FFEF/'.
[2019.12.13-02.13.48:888][  0]LogXGEController: Cannot use XGE Controller as Incredibuild is not installed on this machine.
[2019.12.13-02.13.48:888][  0]LogShaderCompilers: Cannot use XGE Shader Compiler as Incredibuild is not installed on this machine.
[2019.12.13-02.13.48:888][  0]LogShaderCompilers: Display: Using Local Shader Compiler.
[2019.12.13-02.13.49:741][  0]LogDerivedDataCache: Display: Max Cache Size: 512 MB
[2019.12.13-02.13.49:804][  0]LogDerivedDataCache: Loaded boot cache 0.06s 73MB C:/Users/seb/AppData/Local/UnrealEngine/4.23/DerivedDataCache/Boot.ddc.
[2019.12.13-02.13.49:804][  0]LogDerivedDataCache: Display: Loaded Boot cache: C:/Users/seb/AppData/Local/UnrealEngine/4.23/DerivedDataCache/Boot.ddc
[2019.12.13-02.13.49:804][  0]LogDerivedDataCache: FDerivedDataBackendGraph:  Pak pak cache file ../../../../../f/cst438-unreal-space-gameafewafwfwafawf/DerivedDataCache/DDC.ddp not found, will not use a pak cache.
[2019.12.13-02.13.49:804][  0]LogDerivedDataCache: Unable to find inner node Pak for hierarchical cache Hierarchy.
[2019.12.13-02.13.49:804][  0]LogDerivedDataCache: FDerivedDataBackendGraph:  CompressedPak pak cache file ../../../../../f/cst438-unreal-space-gameafewafwfwafawf/DerivedDataCache/Compressed.ddp not found, will not use a pak cache.
[2019.12.13-02.13.49:804][  0]LogDerivedDataCache: Unable to find inner node CompressedPak for hierarchical cache Hierarchy.
[2019.12.13-02.13.49:820][  0]LogDerivedDataCache: Display: Pak cache opened for reading ../../../Engine/DerivedDataCache/Compressed.ddp.
[2019.12.13-02.13.49:820][  0]LogDerivedDataCache: FDerivedDataBackendGraph:  EnterprisePak pak cache file ../../../Enterprise/DerivedDataCache/Compressed.ddp not found, will not use a pak cache.
[2019.12.13-02.13.49:820][  0]LogDerivedDataCache: Unable to find inner node EnterprisePak for hierarchical cache Hierarchy.
[2019.12.13-02.13.49:821][  0]LogDerivedDataCache: Using Local data cache path C:/Users/seb/AppData/Local/UnrealEngine/Common/DerivedDataCache: Writable
[2019.12.13-02.13.49:821][  0]LogDerivedDataCache: Shared data cache path not found in *engine.ini, will not use an Shared cache.
[2019.12.13-02.13.49:821][  0]LogDerivedDataCache: Unable to find inner node Shared for hierarchical cache Hierarchy.
[2019.12.13-02.13.49:856][  0]LogMaterial: Verifying Global Shaders for PCD3D_SM5
[2019.12.13-02.13.49:862][  0]LogSlate: Using FreeType 2.6.0
[2019.12.13-02.13.49:863][  0]LogSlate: SlateFontServices - WITH_FREETYPE: 1, WITH_HARFBUZZ: 1
[2019.12.13-02.13.49:975][  0]LogAssetRegistry: FAssetRegistry took 0.0046 seconds to start up
[2019.12.13-02.13.50:423][  0]LogInit: Selected Device Profile: [Windows]
[2019.12.13-02.13.50:647][  0]LogMeshReduction: Using QuadricMeshReduction for automatic static mesh reduction
[2019.12.13-02.13.50:647][  0]LogMeshReduction: Using SimplygonMeshReduction for automatic skeletal mesh reduction
[2019.12.13-02.13.50:647][  0]LogMeshReduction: Using ProxyLODMeshReduction for automatic mesh merging
[2019.12.13-02.13.50:647][  0]LogMeshReduction: No distributed automatic mesh merging module available
[2019.12.13-02.13.50:647][  0]LogMeshMerging: No distributed automatic mesh merging module available
[2019.12.13-02.13.50:662][  0]LogNetVersion: CST438_Space_Game 1.0.0, NetCL: 8386587, EngineNetVer: 11, GameNetVer: 0 (Checksum: 1485668743)
[2019.12.13-02.13.51:291][  0]LogPackageLocalizationCache: Processed 12 localized package path(s) for 1 prioritized culture(s) in 0.066980 seconds
[2019.12.13-02.13.51:301][  0]LogUObjectArray: 43453 objects as part of root set at end of initial load.
[2019.12.13-02.13.51:301][  0]LogUObjectAllocator: 7559736 out of 0 bytes used by permanent object pool.
[2019.12.13-02.13.51:301][  0]LogUObjectArray: CloseDisregardForGC: 0/0 objects in disregard for GC pool
[2019.12.13-02.13.52:391][  0]LogTcpMessaging: Initializing TcpMessaging bridge
[2019.12.13-02.13.52:395][  0]LogUdpMessaging: Initializing bridge on interface 0.0.0.0:0 to multicast group 230.0.0.1:6666.
[2019.12.13-02.13.52:474][  0]SourceControl: Source control is disabled
[2019.12.13-02.13.53:310][  0]LogAndroidPermission: UAndroidPermissionCallbackProxy::GetInstance
[2019.12.13-02.13.53:570][  0]LogOcInput: OculusInput pre-init called
[2019.12.13-02.13.53:587][  0]LogWindows: Failed to load 'OVRPlugin.dll' (GetLastError=126)
[2019.12.13-02.13.53:587][  0]LogWindows: File 'OVRPlugin.dll' does not exist
[2019.12.13-02.13.53:843][  0]LogEngine: Initializing Engine...
[2019.12.13-02.13.53:844][  0]LogHMD: Failed to initialize OpenVR with code 110
[2019.12.13-02.13.53:847][  0]LogStats: UGameplayTagsManager::InitializeManager -  0.000 s
[2019.12.13-02.13.54:191][  0]LogInit: Initializing FReadOnlyCVARCache
[2019.12.13-02.13.54:206][  0]LogAIModule: Creating AISystem for world Untitled
[2019.12.13-02.13.54:316][  0]LogInit: XAudio2 using 'Speakers (2- Realtek(R) Audio)' : 2 channels at 48 kHz using 32 bits per sample (channel mask 0x3)
[2019.12.13-02.13.54:340][  0]LogInit: FAudioDevice initialized.
[2019.12.13-02.13.54:340][  0]LogNetVersion: Set ProjectVersion to 1.0.0.0. Version Checksum will be recalculated on next use.
[2019.12.13-02.13.54:394][  0]LogDerivedDataCache: Saved boot cache 0.05s 73MB C:/Users/seb/AppData/Local/UnrealEngine/4.23/DerivedDataCache/Boot.ddc.
[2019.12.13-02.13.54:405][  0]LogInit: Texture streaming: Enabled
[2019.12.13-02.13.54:426][  0]LogEngineSessionManager: EngineSessionManager initialized
[2019.12.13-02.13.54:426][  0]LogEditorSessionSummary: Verbose: Initializing EditorSessionSummaryWriter for editor session tracking
[2019.12.13-02.13.54:428][  0]LogEditorSessionSummary: EditorSessionSummaryWriter initialized
[2019.12.13-02.13.54:509][  0]LogInit: Transaction tracking system initialized
[2019.12.13-02.13.54:541][  0]BlueprintLog: New page: Editor Load
[2019.12.13-02.13.54:621][  0]LocalizationService: Localization service is disabled
[2019.12.13-02.13.54:941][  0]LogFileCache: Scanning file cache for directory 'D:/f/cst438-unreal-space-gameafewafwfwafawf/Content/' took 0.01s
[2019.12.13-02.13.54:941][  0]LogCook: Display: Max memory allowance for cook 16384mb min free memory 0mb
[2019.12.13-02.13.54:942][  0]LogCook: Display: Mobile HDR setting 1
[2019.12.13-02.13.55:167][  0]Cmd: MAP LOAD FILE="../../../../../f/cst438-unreal-space-gameafewafwfwafawf/Content/Maps/MainMenu.umap" TEMPLATE=0 SHOWPROGRESS=1 FEATURELEVEL=3
[2019.12.13-02.13.55:168][  0]LightingResults: New page: Lighting Build
[2019.12.13-02.13.55:171][  0]LogWorld: UWorld::CleanupWorld for Untitled, bSessionEnded=true, bCleanupResources=true
[2019.12.13-02.13.55:171][  0]MapCheck: New page: Map Check
[2019.12.13-02.13.55:171][  0]LightingResults: New page: Lighting Build
[2019.12.13-02.13.55:205][  0]LogUObjectHash: Compacting FUObjectHashTables data took   2.17ms
[2019.12.13-02.13.55:516][  0]LogAIModule: Creating AISystem for world MainMenu
[2019.12.13-02.13.55:517][  0]LogEditorServer: Finished looking for orphan Actors (0.000 secs)
[2019.12.13-02.13.55:554][  0]LogUObjectHash: Compacting FUObjectHashTables data took   2.82ms
[2019.12.13-02.13.55:555][  0]Cmd: MAP CHECKDEP NOCLEARLOG
[2019.12.13-02.13.55:555][  0]MapCheck: Map check complete: 0 Error(s), 0 Warning(s), took 0.093ms to complete.
[2019.12.13-02.13.55:555][  0]LogFileHelpers: Loading map 'MainMenu' took 0.388
[2019.12.13-02.13.55:729][  0]LogSlate: Updating window title bar state: overlay mode, drag disabled, window buttons hidden, title bar hidden
[2019.12.13-02.13.55:743][  0]LogSlate: Updating window title bar state: overlay mode, drag disabled, window buttons hidden, title bar hidden
[2019.12.13-02.13.55:757][  0]LogSlate: Updating window title bar state: overlay mode, drag disabled, window buttons hidden, title bar hidden
[2019.12.13-02.13.55:770][  0]LogSlate: Updating window title bar state: overlay mode, drag disabled, window buttons hidden, title bar hidden
[2019.12.13-02.13.55:788][  0]LogCollectionManager: Loaded 0 collections in 0.001435 seconds
[2019.12.13-02.13.55:811][  0]LogFileCache: Scanning file cache for directory 'D:/f/cst438-unreal-space-gameafewafwfwafawf/Saved/Collections/' took 0.00s
[2019.12.13-02.13.55:811][  0]LogFileCache: Scanning file cache for directory 'D:/f/cst438-unreal-space-gameafewafwfwafawf/Content/Developers/seb/Collections/' took 0.00s
[2019.12.13-02.13.55:811][  0]LogFileCache: Scanning file cache for directory 'D:/f/cst438-unreal-space-gameafewafwfwafawf/Content/Collections/' took 0.00s
[2019.12.13-02.13.55:811][  0]LogCollectionManager: Rebuilt the GUID cache for 0 collections in 0.000003 seconds
[2019.12.13-02.13.55:827][  0]LogContentBrowser: Native class hierarchy populated in 0.0140 seconds. Added 2866 classes and 684 folders.
[2019.12.13-02.13.55:842][  0]LogContentBrowser: Native class hierarchy updated for 'WidgetCarousel' in 0.0003 seconds. Added 0 classes and 0 folders.
[2019.12.13-02.13.56:359][  0]LogContentBrowser: Native class hierarchy updated for 'AddContentDialog' in 0.0006 seconds. Added 0 classes and 0 folders.
[2019.12.13-02.13.56:685][  0]LogSlate: Took 0.000175 seconds to synchronously load lazily loaded font '../../../Engine/Content/Slate/Fonts/Roboto-Regular.ttf' (155K)
[2019.12.13-02.13.56:692][  0]LogSlate: Took 0.000177 seconds to synchronously load lazily loaded font '../../../Engine/Content/Slate/Fonts/Roboto-Bold.ttf' (160K)
[2019.12.13-02.13.56:704][  0]LogSlate: Took 0.008376 seconds to synchronously load lazily loaded font '../../../Engine/Content/Editor/Slate/Fonts/FontAwesome.ttf' (139K)
[2019.12.13-02.13.56:791][  0]LogRenderer: Reallocating scene render targets to support 852x324 Format 10 NumSamples 1 (Frame:1).
[2019.12.13-02.13.57:186][  0]LogContentBrowser: Native class hierarchy updated for 'HierarchicalLODOutliner' in 0.0003 seconds. Added 0 classes and 0 folders.
[2019.12.13-02.13.57:186][  0]LogLoad: (Engine Initialization) Total time: 12.56 seconds
[2019.12.13-02.13.57:187][  0]LogLoad: (Engine Initialization) Total Blueprint compile time: 0.00 seconds
[2019.12.13-02.13.57:233][  0]LogContentStreaming: Texture pool size now 1000 MB
[2019.12.13-02.13.58:270][ 25]LogSlate: Took 0.007693 seconds to synchronously load lazily loaded font '../../../Engine/Content/Slate/Fonts/Roboto-Light.ttf' (167K)
[2019.12.13-02.14.00:442][136]LogCollectionManager: Rebuilt the object cache for 0 collections in 0.000013 seconds (found 0 objects)
[2019.12.13-02.14.01:935][204]LogSlate: FSceneViewport::OnFocusLost() reason 0
[2019.12.13-02.14.17:330][104]LogSlate: FSceneViewport::OnFocusLost() reason 2
[2019.12.13-02.14.17:452][111]LogAssetRegistry: Asset discovery search completed in 27.4785 seconds
[2019.12.13-02.14.17:464][111]LogCollectionManager: Fixed up redirectors for 0 collections in 0.000016 seconds (updated 0 objects)
[2019.12.13-02.14.19:105][178]LogUObjectHash: Compacting FUObjectHashTables data took   2.04ms
[2019.12.13-02.14.57:345][454]LogEditorSessionSummary: EditorSessionSummary sent report. Type=Shutdown, SessionId={230DE45E-4C6A-8ABD-9940-949261F18793}
[2019.12.13-02.14.57:345][454]LogEditorSessionSummary: EditorSessionSummary sent report. Type=Shutdown, SessionId={76BFE9D6-4E93-A9B5-DCE5-E7AB63CC2269}
[2019.12.13-02.17.11:716][855]LogSlate: FSceneViewport::OnFocusLost() reason 0
[2019.12.13-02.17.17:242][128]LogSlate: Prevented a slow task dialog from being summoned while a context menu was open
[2019.12.13-02.17.17:342][128]LogSkeletalMesh: Building Skeletal Mesh SK_CharM_Barbarous...
[2019.12.13-02.17.17:364][128]LogSkeletalMesh: Built Skeletal Mesh [0.02s] /Game/InfinityBladeWarriors/Character/CompleteCharacters/SK_CharM_Barbarous.SK_CharM_Barbarous
[2019.12.13-02.17.20:079][128]LogTexture: Display: Building textures: T_CharM_Barbarous_MetalMask (DXT1, 2048X2048)
[2019.12.13-02.17.20:079][128]LogTexture: Display: Building textures: T_CharM_Barbarous_D (DXT1, 2048X2048)
[2019.12.13-02.17.20:079][128]LogTexture: Display: Building textures: T_CharM_Barbarous_N (BC5, 2048X2048)
[2019.12.13-02.17.20:079][128]LogMaterial: Display: Missing cached shader map for material M_Char_Barbrous, compiling. 
[2019.12.13-02.17.20:829][128]LogShaderCompilers: Display: Worker (1/5): shaders left to compile 60
[2019.12.13-02.17.20:829][128]LogShaderCompilers: Display: Worker (2/5): shaders left to compile 50
[2019.12.13-02.17.20:829][128]LogShaderCompilers: Display: Worker (3/5): shaders left to compile 40
[2019.12.13-02.17.20:829][128]LogShaderCompilers: Display: Worker (4/5): shaders left to compile 30
[2019.12.13-02.17.20:829][128]LogTexture: Display: Building textures: T_CharM_Base_M (AutoDXT, 1024X1024)
[2019.12.13-02.17.20:829][128]LogTexture: Display: Building textures: T_CharM_Base_N (BC5, 1024X1024)
[2019.12.13-02.17.20:829][128]LogTexture: Display: Building textures: T_CharM_Base_D (DXT1, 1024X1024)
[2019.12.13-02.17.20:829][128]LogMaterial: Display: Missing cached shader map for material M_CharM_Base, compiling. 
[2019.12.13-02.17.20:893][128]LogSkeletalMesh: Building Skeletal Mesh sk_CharM_Base...
[2019.12.13-02.17.20:897][128]LogSkeletalMesh: Built Skeletal Mesh [0.01s] /Game/InfinityBladeWarriors/Character/CompleteCharacters/sk_CharM_Base.sk_CharM_Base
[2019.12.13-02.17.23:296][128]LogTexture: Display: Building textures: T_CharM_Bladed_MetalMask1 (AutoDXT, 2048X2048)
[2019.12.13-02.17.23:296][128]LogTexture: Display: Building textures: T_CharM_Bladed_D (DXT1, 2048X2048)
[2019.12.13-02.17.23:296][128]LogTexture: Display: Building textures: T_CharM_Bladed_N (BC5, 2048X2048)
[2019.12.13-02.17.23:296][128]LogMaterial: Display: Missing cached shader map for material M_CharM_Bladed, compiling. 
[2019.12.13-02.17.23:359][128]LogSkeletalMesh: Building Skeletal Mesh SK_CharM_Bladed...
[2019.12.13-02.17.23:368][128]LogSkeletalMesh: Built Skeletal Mesh [0.01s] /Game/InfinityBladeWarriors/Character/CompleteCharacters/SK_CharM_Bladed.SK_CharM_Bladed
[2019.12.13-02.17.25:890][128]LogTexture: Display: Building textures: Char_M_Cardboard_Skin_Mask (AutoDXT, 2048X2048)
[2019.12.13-02.17.25:890][128]LogTexture: Display: Building textures: Char_M_Cardboard_N (BC5, 2048X2048)
[2019.12.13-02.17.25:890][128]LogTexture: Display: Building textures: Char_M_Cardboard_D (DXT1, 2048X2048)
[2019.12.13-02.17.25:890][128]LogMaterial: Display: Missing cached shader map for material M_Char_Cardboard, compiling. 
[2019.12.13-02.17.25:950][128]LogSkeletalMesh: Building Skeletal Mesh SK_CharM_Cardboard...
[2019.12.13-02.17.25:957][128]LogSkeletalMesh: Built Skeletal Mesh [0.01s] /Game/InfinityBladeWarriors/Character/CompleteCharacters/SK_CharM_Cardboard.SK_CharM_Cardboard
[2019.12.13-02.17.28:401][128]LogTexture: Display: Building textures: CharM_Forge_MetalMask (AutoDXT, 2048X2048)
[2019.12.13-02.17.28:401][128]LogTexture: Display: Building textures: CharM_Forge_N (BC5, 2048X2048)
[2019.12.13-02.17.28:402][128]LogTexture: Display: Building textures: CharM_Forge_D (DXT1, 2048X2048)
[2019.12.13-02.17.28:402][128]LogShaderCompilers: Display: Worker (1/5): shaders left to compile 200
[2019.12.13-02.17.28:402][128]LogShaderCompilers: Display: Worker (3/5): shaders left to compile 190
[2019.12.13-02.17.28:402][128]LogMaterial: Display: Missing cached shader map for material M_Char_Forge, compiling. 
[2019.12.13-02.17.28:483][128]LogSkeletalMesh: Building Skeletal Mesh SK_CharM_Forge...
[2019.12.13-02.17.28:488][128]LogSkeletalMesh: Built Skeletal Mesh [0.01s] /Game/InfinityBladeWarriors/Character/CompleteCharacters/SK_CharM_Forge.SK_CharM_Forge
[2019.12.13-02.17.31:937][128]LogTexture: Display: Building textures: T_Char_M_FrostGiant_MaterialMask (AutoDXT, 2048X2048)
[2019.12.13-02.17.31:937][128]LogTexture: Display: Building textures: T_Char_M_FrostGiant_Masks (AutoDXT, 2048X2048)
[2019.12.13-02.17.31:937][128]LogTexture: Display: Building textures: T_Char_M_FrostGiant_N (BC5, 2048X2048)
[2019.12.13-02.17.31:937][128]LogTexture: Display: Building textures: T_Char_M_FrostGiant_D (DXT1, 2048X2048)
[2019.12.13-02.17.31:937][128]LogShaderCompilers: Display: Worker (4/5): shaders left to compile 240
[2019.12.13-02.17.31:937][128]LogMaterial: Display: Missing cached shader map for material M_Char_FrostGiant, compiling. 
[2019.12.13-02.17.31:994][128]LogSkeletalMesh: Building Skeletal Mesh SK_CharM_FrostGiant...
[2019.12.13-02.17.32:006][128]LogSkeletalMesh: Built Skeletal Mesh [0.01s] /Game/InfinityBladeWarriors/Character/CompleteCharacters/SK_CharM_FrostGiant.SK_CharM_FrostGiant
[2019.12.13-02.17.34:196][128]LogTexture: Display: Building textures: T_CharM_Golden_Mask (AutoDXT, 2048X2048)
[2019.12.13-02.17.34:196][128]LogShaderCompilers: Display: Worker (1/5): shaders left to compile 290
[2019.12.13-02.17.34:196][128]LogTexture: Display: Building textures: T_CharM_Golden_N (BC5, 2048X2048)
[2019.12.13-02.17.34:196][128]LogTexture: Display: Building textures: T_CharM_Golden_D (DXT1, 2048X2048)
[2019.12.13-02.17.34:196][128]LogMaterial: Display: Missing cached shader map for material M_Char_Golden, compiling. 
[2019.12.13-02.17.34:277][128]LogSkeletalMesh: Building Skeletal Mesh SK_CharM_Golden...
[2019.12.13-02.17.34:285][128]LogSkeletalMesh: Built Skeletal Mesh [0.01s] /Game/InfinityBladeWarriors/Character/CompleteCharacters/SK_CharM_Golden.SK_CharM_Golden
[2019.12.13-02.17.38:395][128]LogTexture: Display: Building textures: T_CharM_Natural_Mask (AutoDXT, 2048X2048)
[2019.12.13-02.17.38:395][128]LogTexture: Display: Building textures: T_CharM_Natural_N (AutoDXT, 2048X2048)
[2019.12.13-02.17.38:395][128]LogTexture: Display: Building textures: T_CharM_Natural_D (DXT1, 2048X2048)
[2019.12.13-02.17.38:395][128]LogShaderCompilers: Display: Worker (4/5): shaders left to compile 340
[2019.12.13-02.17.38:395][128]LogShaderCompilers: Display: Worker (2/5): shaders left to compile 330
[2019.12.13-02.17.38:395][128]LogShaderCompilers: Display: Worker (3/5): shaders left to compile 320
[2019.12.13-02.17.38:395][128]LogMaterial: Display: Missing cached shader map for material M_Char_Natural, compiling. 
[2019.12.13-02.17.38:494][128]LogSkeletalMesh: Building Skeletal Mesh SK_CharM_Natural...
[2019.12.13-02.17.38:502][128]LogSkeletalMesh: Built Skeletal Mesh [0.01s] /Game/InfinityBladeWarriors/Character/CompleteCharacters/SK_CharM_Natural.SK_CharM_Natural
[2019.12.13-02.17.41:431][128]LogTexture: Display: Building textures: T_CharM_Pit_Mask (AutoDXT, 2048X2048)
[2019.12.13-02.17.41:431][128]LogTexture: Display: Building textures: T_CharM_Pit_N (BC5, 2048X2048)
[2019.12.13-02.17.41:431][128]LogTexture: Display: Building textures: T_CharM_Pit_D (DXT1, 2048X2048)
[2019.12.13-02.17.41:432][128]LogShaderCompilers: Display: Worker (1/5): shaders left to compile 370
[2019.12.13-02.17.41:432][128]LogShaderCompilers: Display: Worker (3/5): shaders left to compile 360
[2019.12.13-02.17.41:432][128]LogMaterial: Display: Missing cached shader map for material M_Char_Pit, compiling. 
[2019.12.13-02.17.41:535][128]LogSkeletalMesh: Building Skeletal Mesh SK_CharM_Pit...
[2019.12.13-02.17.41:545][128]LogSkeletalMesh: Built Skeletal Mesh [0.01s] /Game/InfinityBladeWarriors/Character/CompleteCharacters/SK_CharM_Pit.SK_CharM_Pit
[2019.12.13-02.17.43:703][128]LogTexture: Display: Building textures: T_CharM_Ragged_Elite_Mask (AutoDXT, 2048X2048)
[2019.12.13-02.17.43:704][128]LogTexture: Display: Building textures: T_CharM_Ragged_N (BC5, 2048X2048)
[2019.12.13-02.17.43:704][128]LogTexture: Display: Building textures: T_CharM_Ragged_D (DXT1, 2048X2048)
[2019.12.13-02.17.43:705][128]LogShaderCompilers: Display: Worker (4/5): shaders left to compile 410
[2019.12.13-02.17.43:705][128]LogMaterial: Display: Missing cached shader map for material M_Char_Ragged, compiling. 
[2019.12.13-02.17.43:863][128]LogSkeletalMesh: Building Skeletal Mesh SK_CharM_Ragged0...
[2019.12.13-02.17.43:869][128]LogSkeletalMesh: Built Skeletal Mesh [0.01s] /Game/InfinityBladeWarriors/Character/CompleteCharacters/SK_CharM_Ragged0.SK_CharM_Ragged0
[2019.12.13-02.17.46:955][128]LogTexture: Display: Building textures: T_CharM_Ragged_Elite (DXT1, 2048X2048)
[2019.12.13-02.17.46:955][128]LogShaderCompilers: Display: Worker (2/5): shaders left to compile 460
[2019.12.13-02.17.46:955][128]LogMaterial: Display: Missing cached shader map for material M_Char_RaggedElite, compiling. 
[2019.12.13-02.17.47:017][128]LogSkeletalMesh: Building Skeletal Mesh SK_CharM_RaggedElite...
[2019.12.13-02.17.47:023][128]LogSkeletalMesh: Built Skeletal Mesh [0.01s] /Game/InfinityBladeWarriors/Character/CompleteCharacters/SK_CharM_RaggedElite.SK_CharM_RaggedElite
[2019.12.13-02.17.50:052][128]LogShaderCompilers: Display: Worker (1/5): shaders left to compile 525
[2019.12.13-02.17.50:052][128]LogTexture: Display: Building textures: T_CharM_Ram_B_Mask (AutoDXT, 2048X2048)
[2019.12.13-02.17.50:052][128]LogTexture: Display: Building textures: T_CharM_Ram_N (BC5, 2048X2048)
[2019.12.13-02.17.50:052][128]LogTexture: Display: Building textures: T_CharM_Ram_B_D (DXT1, 2048X2048)
[2019.12.13-02.17.50:052][128]LogShaderCompilers: Display: Worker (3/5): shaders left to compile 515
[2019.12.13-02.17.50:052][128]LogMaterial: Display: Missing cached shader map for material M_Char_Ram, compiling. 
[2019.12.13-02.17.50:116][128]LogShaderCompilers: Display: Worker (4/5): shaders left to compile 505
[2019.12.13-02.17.50:116][128]LogSkeletalMesh: Building Skeletal Mesh SK_CharM_Ram...
[2019.12.13-02.17.50:121][128]LogSkeletalMesh: Built Skeletal Mesh [0.01s] /Game/InfinityBladeWarriors/Character/CompleteCharacters/SK_CharM_Ram.SK_CharM_Ram
[2019.12.13-02.17.52:307][128]LogTexture: Display: Building textures: T_CharM_Robo_Mask (AutoDXT, 2048X2048)
[2019.12.13-02.17.52:308][128]LogShaderCompilers: Display: Worker (3/5): shaders left to compile 555
[2019.12.13-02.17.52:308][128]LogTexture: Display: Building textures: T_CharM_Robo_N (BC5, 2048X2048)
[2019.12.13-02.17.52:308][128]LogTexture: Display: Building textures: T_CharM_Robo_D (AutoDXT, 2048X2048)
[2019.12.13-02.17.52:308][128]LogShaderCompilers: Display: Worker (1/5): shaders left to compile 545
[2019.12.13-02.17.52:308][128]LogMaterial: Display: Missing cached shader map for material M_Char_Robo, compiling. 
[2019.12.13-02.17.52:391][128]LogSkeletalMesh: Building Skeletal Mesh SK_CharM_Robo...
[2019.12.13-02.17.52:402][128]LogSkeletalMesh: Built Skeletal Mesh [0.01s] /Game/InfinityBladeWarriors/Character/CompleteCharacters/SK_CharM_Robo.SK_CharM_Robo
[2019.12.13-02.17.54:359][128]LogTexture: Display: Building textures: T_CharM_Shell_Mask (DXT1, 2048X2048)
[2019.12.13-02.17.54:359][128]LogTexture: Display: Building textures: T_CharM_Shell_N (BC5, 2048X2048)
[2019.12.13-02.17.54:359][128]LogTexture: Display: Building textures: T_CharM_Shell_D (DXT1, 2048X2048)
[2019.12.13-02.17.54:359][128]LogShaderCompilers: Display: Worker (2/5): shaders left to compile 595
[2019.12.13-02.17.54:359][128]LogShaderCompilers: Display: Worker (3/5): shaders left to compile 585
[2019.12.13-02.17.54:359][128]LogMaterial: Display: Missing cached shader map for material M_Char_Shell, compiling. 
[2019.12.13-02.17.54:414][128]LogSkeletalMesh: Building Skeletal Mesh SK_CharM_Shell...
[2019.12.13-02.17.54:421][128]LogSkeletalMesh: Built Skeletal Mesh [0.01s] /Game/InfinityBladeWarriors/Character/CompleteCharacters/SK_CharM_Shell.SK_CharM_Shell
[2019.12.13-02.17.56:139][128]LogTexture: Display: Building textures: T_CharM_solid_Mask (AutoDXT, 2048X2048)
[2019.12.13-02.17.56:139][128]LogTexture: Display: Building textures: T_CharM_solid_N (BC5, 2048X2048)
[2019.12.13-02.17.56:139][128]LogTexture: Display: Building textures: T_CharM_solid_D (DXT1, 2048X2048)
[2019.12.13-02.17.56:139][128]LogMaterial: Display: Missing cached shader map for material M_Char_Solid, compiling. 
[2019.12.13-02.17.56:204][128]LogSkeletalMesh: Building Skeletal Mesh SK_CharM_solid...
[2019.12.13-02.17.56:211][128]LogSkeletalMesh: Built Skeletal Mesh [0.01s] /Game/InfinityBladeWarriors/Character/CompleteCharacters/SK_CharM_solid.SK_CharM_solid
[2019.12.13-02.17.58:577][128]LogTexture: Display: Building textures: T_CharM_Standard_Mask (DXT1, 2048X2048)
[2019.12.13-02.17.58:577][128]LogTexture: Display: Building textures: T_CharM_Standard_N (BC5, 2048X2048)
[2019.12.13-02.17.58:577][128]LogTexture: Display: Building textures: T_CharM_Standard_D (DXT1, 2048X2048)
[2019.12.13-02.17.58:577][128]LogShaderCompilers: Display: Worker (2/5): shaders left to compile 695
[2019.12.13-02.17.58:577][128]LogShaderCompilers: Display: Worker (4/5): shaders left to compile 685
[2019.12.13-02.17.58:577][128]LogMaterial: Display: Missing cached shader map for material M_Char_Standard, compiling. 
[2019.12.13-02.17.58:714][128]LogSkeletalMesh: Building Skeletal Mesh SK_CharM_Standard...
[2019.12.13-02.17.58:730][128]LogSkeletalMesh: Built Skeletal Mesh [0.02s] /Game/InfinityBladeWarriors/Character/CompleteCharacters/SK_CharM_Standard.SK_CharM_Standard
[2019.12.13-02.18.02:672][128]LogTexture: Display: Building textures: T_CharM_Tusk_E (DXT1, 1024X1024)
[2019.12.13-02.18.02:672][128]LogTexture: Display: Building textures: T_CharM_Tusk_N (BC5, 1024X1024)
[2019.12.13-02.18.02:672][128]LogTexture: Display: Building textures: T_CharM_Tusk_Mask (AutoDXT, 2048X2048)
[2019.12.13-02.18.02:672][128]LogTexture: Display: Building textures: T_CharM_Tusk_D (DXT1, 2048X2048)
[2019.12.13-02.18.02:672][128]LogShaderCompilers: Display: Worker (3/5): shaders left to compile 735
[2019.12.13-02.18.02:672][128]LogMaterial: Display: Missing cached shader map for material M_Char_Tusk, compiling. 
[2019.12.13-02.18.02:775][128]LogSkeletalMesh: Building Skeletal Mesh SK_CharM_Tusk...
[2019.12.13-02.18.02:784][128]LogSkeletalMesh: Built Skeletal Mesh [0.01s] /Game/InfinityBladeWarriors/Character/CompleteCharacters/SK_CharM_Tusk.SK_CharM_Tusk
[2019.12.13-02.18.05:672][128]LogTexture: Display: Building textures: T_CharM_Warrior_JewelMask (AutoDXT, 2048X2048)
[2019.12.13-02.18.05:672][128]LogTexture: Display: Building textures: T_CharM_WarriorB_Mask (AutoDXT, 2048X2048)
[2019.12.13-02.18.05:672][128]LogTexture: Display: Building textures: T_CharM_Warrior_N (BC5, 2048X2048)
[2019.12.13-02.18.05:672][128]LogTexture: Display: Building textures: T_CharM_WarriorB_D (DXT1, 2048X2048)
[2019.12.13-02.18.05:672][128]LogShaderCompilers: Display: Worker (2/5): shaders left to compile 785
[2019.12.13-02.18.05:672][128]LogShaderCompilers: Display: Worker (4/5): shaders left to compile 775
[2019.12.13-02.18.05:672][128]LogMaterial: Display: Missing cached shader map for material M_Char_Warrior_B, compiling. 
[2019.12.13-02.18.05:743][128]LogSkeletalMesh: Building Skeletal Mesh SK_CharM_Warrior...
[2019.12.13-02.18.05:751][128]LogSkeletalMesh: Built Skeletal Mesh [0.01s] /Game/InfinityBladeWarriors/Character/CompleteCharacters/SK_CharM_Warrior.SK_CharM_Warrior
[2019.12.13-02.18.08:803][128]LogTexture: Display: Building textures: T_CharM_BarbarousElite_D (DXT1, 2048X2048)
[2019.12.13-02.18.08:803][128]LogMaterial: Display: Missing cached shader map for material M_Char_Barbarous_Elite, compiling. 
