Log file open, 12/11/19 02:00:35
LogWindows: Failed to load 'aqProf.dll' (GetLastError=126)
LogWindows: File 'aqProf.dll' does not exist
LogWindows: Failed to load 'VtuneApi.dll' (GetLastError=126)
LogWindows: File 'VtuneApi.dll' does not exist
LogWindows: Failed to load 'VtuneApi32e.dll' (GetLastError=126)
LogWindows: File 'VtuneApi32e.dll' does not exist
LogConsoleResponse: Display: Failed to find resolution value strings in scalability ini. Falling back to default.
LogInit: Display: Running engine for game: CST438_Space_Game
LogPlatformFile: Not using cached read wrapper
LogTaskGraph: Started task graph with 5 named threads and 23 total threads with 3 sets of task threads.
LogStats: Stats thread started at 0.064249
LogD3D11RHI: Loaded GFSDK_Aftermath_Lib.x64.dll
LogICUInternationalization: ICU TimeZone Detection - Raw Offset: -8:00, Platform Override: ''
LogPluginManager: Mounting plugin Paper2D
LogPluginManager: Mounting plugin AISupport
LogPluginManager: Mounting plugin LightPropagationVolume
LogPluginManager: Mounting plugin ActorLayerUtilities
LogPluginManager: Mounting plugin AnimationSharing
LogPluginManager: Mounting plugin CLionSourceCodeAccess
LogPluginManager: Mounting plugin CodeLiteSourceCodeAccess
LogPluginManager: Mounting plugin GitSourceControl
LogPluginManager: Mounting plugin KDevelopSourceCodeAccess
LogPluginManager: Mounting plugin NullSourceCodeAccess
LogPluginManager: Mounting plugin PerforceSourceControl
LogPluginManager: Mounting plugin SubversionSourceControl
LogPluginManager: Mounting plugin UObjectPlugin
LogPluginManager: Mounting plugin VisualStudioCodeSourceCodeAccess
LogPluginManager: Mounting plugin VisualStudioSourceCodeAccess
LogPluginManager: Mounting plugin XCodeSourceCodeAccess
LogPluginManager: Mounting plugin AssetManagerEditor
LogPluginManager: Mounting plugin CryptoKeys
LogPluginManager: Mounting plugin CurveEditorTools
LogPluginManager: Mounting plugin DataValidation
LogPluginManager: Mounting plugin FacialAnimation
LogPluginManager: Mounting plugin GameplayTagsEditor
LogPluginManager: Mounting plugin MacGraphicsSwitching
LogPluginManager: Mounting plugin MaterialAnalyzer
LogPluginManager: Mounting plugin MobileLauncherProfileWizard
LogPluginManager: Mounting plugin PluginBrowser
LogPluginManager: Mounting plugin SpeedTreeImporter
LogPluginManager: Mounting plugin DatasmithContent
LogPluginManager: Mounting plugin VariantManagerContent
LogPluginManager: Mounting plugin AlembicImporter
LogPluginManager: Mounting plugin AutomationUtils
LogPluginManager: Mounting plugin BackChannel
LogPluginManager: Mounting plugin CharacterAI
LogPluginManager: Mounting plugin GeometryCache
LogPluginManager: Mounting plugin HTML5Networking
LogPluginManager: Mounting plugin PlatformCrypto
LogPluginManager: Mounting plugin ProxyLODPlugin
LogPluginManager: Mounting plugin SkeletalReduction
LogPluginManager: Mounting plugin MagicLeap
LogPluginManager: Mounting plugin MagicLeapMedia
LogPluginManager: Mounting plugin AndroidMedia
LogPluginManager: Mounting plugin AvfMedia
LogPluginManager: Mounting plugin ImgMedia
LogPluginManager: Mounting plugin MediaCompositing
LogPluginManager: Mounting plugin MediaPlayerEditor
LogPluginManager: Mounting plugin WebMMedia
LogPluginManager: Mounting plugin WmfMedia
LogPluginManager: Mounting plugin TcpMessaging
LogPluginManager: Mounting plugin UdpMessaging
LogPluginManager: Mounting plugin ActorSequence
LogPluginManager: Mounting plugin LevelSequenceEditor
LogPluginManager: Mounting plugin MatineeToLevelSequence
LogPluginManager: Mounting plugin NetcodeUnitTest
LogPluginManager: Mounting plugin NUTUnrealEngine4
LogPluginManager: Mounting plugin OnlineSubsystemGooglePlay
LogPluginManager: Mounting plugin OnlineSubsystemIOS
LogPluginManager: Mounting plugin OnlineSubsystem
LogPluginManager: Mounting plugin OnlineSubsystemNull
LogPluginManager: Mounting plugin OnlineSubsystemSteam
LogPluginManager: Mounting plugin OnlineSubsystemUtils
LogPluginManager: Mounting plugin LauncherChunkInstaller
LogPluginManager: Mounting plugin AndroidDeviceProfileSelector
LogPluginManager: Mounting plugin AndroidMoviePlayer
LogPluginManager: Mounting plugin AndroidPermission
LogPluginManager: Mounting plugin AppleImageUtils
LogPluginManager: Mounting plugin AppleMoviePlayer
LogPluginManager: Mounting plugin ArchVisCharacter
LogPluginManager: Mounting plugin AudioCapture
LogPluginManager: Mounting plugin CableComponent
LogPluginManager: Mounting plugin CustomMeshComponent
LogPluginManager: Mounting plugin EditableMesh
LogPluginManager: Mounting plugin ExampleDeviceProfileSelector
LogPluginManager: Mounting plugin GoogleCloudMessaging
LogPluginManager: Mounting plugin IOSDeviceProfileSelector
LogPluginManager: Mounting plugin LinuxDeviceProfileSelector
LogPluginManager: Mounting plugin LocationServicesBPLibrary
LogPluginManager: Mounting plugin MobilePatchingUtils
LogPluginManager: Mounting plugin OculusVR
LogPluginManager: Mounting plugin PhysXVehicles
LogPluginManager: Mounting plugin ProceduralMeshComponent
LogPluginManager: Mounting plugin RuntimePhysXCooking
LogPluginManager: Mounting plugin SignificanceManager
LogPluginManager: Mounting plugin SteamVR
LogPluginManager: Mounting plugin WebMMoviePlayer
LogPluginManager: Mounting plugin WindowsMoviePlayer
LogPluginManager: Mounting plugin ScreenshotTools
LogInit: Using libcurl 7.55.1-DEV
LogInit:  - built for x86_64-pc-win32
LogInit:  - supports SSL with OpenSSL/1.1.1
LogInit:  - supports HTTP deflate (compression) using libz 1.2.8
LogInit:  - other features:
LogInit:      CURL_VERSION_SSL
LogInit:      CURL_VERSION_LIBZ
LogInit:      CURL_VERSION_IPV6
LogInit:      CURL_VERSION_ASYNCHDNS
LogInit:      CURL_VERSION_LARGEFILE
LogInit:      CURL_VERSION_IDN
LogInit:  CurlRequestOptions (configurable via config and command line):
LogInit:  - bVerifyPeer = true  - Libcurl will verify peer certificate
LogInit:  - bUseHttpProxy = false  - Libcurl will NOT use HTTP proxy
LogInit:  - bDontReuseConnections = false  - Libcurl will reuse connections
LogInit:  - MaxHostConnections = 16  - Libcurl will limit the number of connections to a host
LogInit:  - LocalHostAddr = Default
LogInit:  - BufferSize = 65536
LogOnline: Display: STEAM: Loading Steam SDK 1.42
LogOnline: OSS: Creating online subsystem instance for: Steam
LogOnline: Warning: STEAM: Steamworks: SteamUtils() failed!
LogOnline: Warning: STEAM: Steamworks: SteamUser() failed!
LogOnline: Warning: STEAM: Steamworks: SteamFriends() failed!
LogOnline: Warning: STEAM: Steamworks: SteamRemoteStorage() failed!
LogOnline: Warning: STEAM: Steamworks: SteamUserStats() failed!
LogOnline: Warning: STEAM: Steamworks: SteamMatchmakingServers() failed!
LogOnline: Warning: STEAM: Steamworks: SteamApps() failed!
LogOnline: Warning: STEAM: Steamworks: SteamNetworking() failed!
LogOnline: Warning: STEAM: Steamworks: SteamMatchmaking() failed!
LogOnline: STEAM: [AppId: 0] Client API initialized 0
LogOnline: Display: STEAM: OnlineSubsystemSteam::Shutdown()
LogOnline: Warning: STEAM: Steam API failed to initialize!
LogOnline: Display: STEAM: OnlineSubsystemSteam::Shutdown()
LogOnline: OSS: Unable to create OnlineSubsystem module Steam
LogOnline: OSS: Creating online subsystem instance for: NULL
LogInit: WinSock: version 1.1 (2.2), MaxSocks=32767, MaxUdp=65467
LogInit: Build: ++UE4+Release-4.23-CL-9631420
LogInit: Engine Version: 4.23.1-9631420+++UE4+Release-4.23
LogInit: Compatible Engine Version: 4.23.0-8386587+++UE4+Release-4.23
LogInit: Net CL: 8386587
LogInit: OS: Windows 10 (Release 1903) (), CPU: Intel(R) Core(TM) i7-8550U CPU @ 1.80GHz, GPU: Intel(R) UHD Graphics 620
LogInit: Compiled (64-bit): Oct 18 2019 02:07:44
LogInit: Compiled with Visual C++: 19.16.27030.01
LogInit: Build Configuration: Development
LogInit: Branch Name: ++UE4+Release-4.23
LogInit: Command Line:  /Game/Maps/MainMenu -game -PIEVIACONSOLE -ResX=1280 -ResY=720 -Multiprocess -messaging -SessionName="Play in Standalone Game" -windowed
LogInit: Base Directory: D:/epic/UE_4.23/Engine/Binaries/Win64/
LogInit: Installed Engine Build: 1
LogDevObjectVersion: Number of dev versions registered: 23
LogDevObjectVersion:   Dev-Blueprints (B0D832E4-1F89-4F0D-ACCF-7EB736FD4AA2): 10
LogDevObjectVersion:   Dev-Build (E1C64328-A22C-4D53-A36C-8E866417BD8C): 0
LogDevObjectVersion:   Dev-Core (375EC13C-06E4-48FB-B500-84F0262A717E): 3
LogDevObjectVersion:   Dev-Editor (E4B068ED-F494-42E9-A231-DA0B2E46BB41): 34
LogDevObjectVersion:   Dev-Framework (CFFC743F-43B0-4480-9391-14DF171D2073): 35
LogDevObjectVersion:   Dev-Mobile (B02B49B5-BB20-44E9-A304-32B752E40360): 2
LogDevObjectVersion:   Dev-Networking (A4E4105C-59A1-49B5-A7C5-40C4547EDFEE): 0
LogDevObjectVersion:   Dev-Online (39C831C9-5AE6-47DC-9A44-9C173E1C8E7C): 0
LogDevObjectVersion:   Dev-Physics (78F01B33-EBEA-4F98-B9B4-84EACCB95AA2): 0
LogDevObjectVersion:   Dev-Platform (6631380F-2D4D-43E0-8009-CF276956A95A): 0
LogDevObjectVersion:   Dev-Rendering (12F88B9F-8875-4AFC-A67C-D90C383ABD29): 31
LogDevObjectVersion:   Dev-Sequencer (7B5AE74C-D270-4C10-A958-57980B212A5A): 11
LogDevObjectVersion:   Dev-VR (D7296918-1DD6-4BDD-9DE2-64A83CC13884): 2
LogDevObjectVersion:   Dev-LoadTimes (C2A15278-BFE7-4AFE-6C17-90FF531DF755): 1
LogDevObjectVersion:   Private-Geometry (6EACA3D4-40EC-4CC1-B786-8BED09428FC5): 3
LogDevObjectVersion:   Dev-AnimPhys (29E575DD-E0A3-4627-9D10-D276232CDCEA): 17
LogDevObjectVersion:   Dev-Anim (AF43A65D-7FD3-4947-9873-3E8ED9C1BB05): 2
LogDevObjectVersion:   Dev-ReflectionCapture (6B266CEC-1EC7-4B8F-A30B-E4D90942FC07): 1
LogDevObjectVersion:   Dev-Automation (0DF73D61-A23F-47EA-B727-89E90C41499A): 1
LogDevObjectVersion:   FortniteMain (601D1886-AC64-4F84-AA16-D3DE0DEAC7D6): 27
LogDevObjectVersion:   Dev-Enterprise (9DFFBCD6-494F-0158-E221-12823C92A888): 6
LogDevObjectVersion:   Dev-Niagara (F2AED0AC-9AFE-416F-8664-AA7FFA26D6FC): 1
LogDevObjectVersion:   Dev-Destruction (174F1F0B-B4C6-45A5-B13F-2EE8D0FB917D): 9
LogInit: Presizing for max 16777216 objects, including 0 objects not considered by GC, pre-allocating 0 bytes for permanent pool.
LogInit: Object subsystem initialized
LogConfig: Setting CVar [[con.DebugEarlyDefault:1]]
LogConfig: Setting CVar [[r.setres:1280x720]]
[2019.12.11-10.00.35:588][  0]LogConfig: Setting CVar [[con.DebugEarlyDefault:1]]
[2019.12.11-10.00.35:588][  0]LogConfig: Setting CVar [[r.setres:1280x720]]
[2019.12.11-10.00.35:588][  0]LogConfig: Applying CVar settings from Section [/Script/Engine.RendererSettings] File [D:/f/cst438-unreal-space-gameafewafwfwafawf/Saved/Config/Windows/Engine.ini]
[2019.12.11-10.00.35:588][  0]LogConfig: Setting CVar [[r.GPUCrashDebugging:0]]
[2019.12.11-10.00.35:588][  0]LogConfig: Applying CVar settings from Section [/Script/Engine.RendererOverrideSettings] File [D:/f/cst438-unreal-space-gameafewafwfwafawf/Saved/Config/Windows/Engine.ini]
[2019.12.11-10.00.35:588][  0]LogConfig: Applying CVar settings from Section [/Script/Engine.StreamingSettings] File [D:/f/cst438-unreal-space-gameafewafwfwafawf/Saved/Config/Windows/Engine.ini]
[2019.12.11-10.00.35:588][  0]LogConfig: Setting CVar [[s.MinBulkDataSizeForAsyncLoading:131072]]
[2019.12.11-10.00.35:588][  0]LogConfig: Setting CVar [[s.AsyncLoadingThreadEnabled:0]]
[2019.12.11-10.00.35:588][  0]LogConfig: Setting CVar [[s.EventDrivenLoaderEnabled:1]]
[2019.12.11-10.00.35:588][  0]LogConfig: Setting CVar [[s.WarnIfTimeLimitExceeded:0]]
[2019.12.11-10.00.35:588][  0]LogConfig: Setting CVar [[s.TimeLimitExceededMultiplier:1.5]]
[2019.12.11-10.00.35:588][  0]LogConfig: Setting CVar [[s.TimeLimitExceededMinTime:0.005]]
[2019.12.11-10.00.35:588][  0]LogConfig: Setting CVar [[s.UseBackgroundLevelStreaming:1]]
[2019.12.11-10.00.35:588][  0]LogConfig: Setting CVar [[s.PriorityAsyncLoadingExtraTime:15.0]]
[2019.12.11-10.00.35:588][  0]LogConfig: Setting CVar [[s.LevelStreamingActorsUpdateTimeLimit:5.0]]
[2019.12.11-10.00.35:588][  0]LogConfig: Setting CVar [[s.PriorityLevelStreamingActorsUpdateExtraTime:5.0]]
[2019.12.11-10.00.35:588][  0]LogConfig: Setting CVar [[s.LevelStreamingComponentsRegistrationGranularity:10]]
[2019.12.11-10.00.35:588][  0]LogConfig: Setting CVar [[s.UnregisterComponentsTimeLimit:1.0]]
[2019.12.11-10.00.35:588][  0]LogConfig: Setting CVar [[s.LevelStreamingComponentsUnregistrationGranularity:5]]
[2019.12.11-10.00.35:588][  0]LogConfig: Applying CVar settings from Section [/Script/Engine.GarbageCollectionSettings] File [D:/f/cst438-unreal-space-gameafewafwfwafawf/Saved/Config/Windows/Engine.ini]
[2019.12.11-10.00.35:588][  0]LogConfig: Setting CVar [[gc.MaxObjectsNotConsideredByGC:1]]
[2019.12.11-10.00.35:588][  0]LogConfig: Setting CVar [[gc.SizeOfPermanentObjectPool:0]]
[2019.12.11-10.00.35:588][  0]LogConfig: Setting CVar [[gc.FlushStreamingOnGC:0]]
[2019.12.11-10.00.35:588][  0]LogConfig: Setting CVar [[gc.NumRetriesBeforeForcingGC:10]]
[2019.12.11-10.00.35:588][  0]LogConfig: Setting CVar [[gc.AllowParallelGC:1]]
[2019.12.11-10.00.35:588][  0]LogConfig: Setting CVar [[gc.TimeBetweenPurgingPendingKillObjects:61.1]]
[2019.12.11-10.00.35:588][  0]LogConfig: Setting CVar [[gc.MaxObjectsInEditor:16777216]]
[2019.12.11-10.00.35:588][  0]LogConfig: Setting CVar [[gc.IncrementalBeginDestroyEnabled:1]]
[2019.12.11-10.00.35:588][  0]LogConfig: Setting CVar [[gc.CreateGCClusters:1]]
[2019.12.11-10.00.35:588][  0]LogConfig: Setting CVar [[gc.MinGCClusterSize:5]]
[2019.12.11-10.00.35:588][  0]LogConfig: Setting CVar [[gc.ActorClusteringEnabled:0]]
[2019.12.11-10.00.35:588][  0]LogConfig: Setting CVar [[gc.BlueprintClusteringEnabled:0]]
[2019.12.11-10.00.35:588][  0]LogConfig: Setting CVar [[gc.UseDisregardForGCOnDedicatedServers:0]]
[2019.12.11-10.00.35:588][  0]LogConfig: Applying CVar settings from Section [/Script/Engine.NetworkSettings] File [D:/f/cst438-unreal-space-gameafewafwfwafawf/Saved/Config/Windows/Engine.ini]
[2019.12.11-10.00.35:588][  0]LogConfig: Applying CVar settings from Section [/Script/UnrealEd.CookerSettings] File [D:/f/cst438-unreal-space-gameafewafwfwafawf/Saved/Config/Windows/Engine.ini]
[2019.12.11-10.00.35:591][  0]LogConfig: Applying CVar settings from Section [ViewDistanceQuality@3] File [D:/f/cst438-unreal-space-gameafewafwfwafawf/Saved/Config/Windows/Scalability.ini]
[2019.12.11-10.00.35:591][  0]LogConfig: Setting CVar [[r.SkeletalMeshLODBias:0]]
[2019.12.11-10.00.35:591][  0]LogConfig: Setting CVar [[r.ViewDistanceScale:1.0]]
[2019.12.11-10.00.35:591][  0]LogConfig: Applying CVar settings from Section [AntiAliasingQuality@3] File [D:/f/cst438-unreal-space-gameafewafwfwafawf/Saved/Config/Windows/Scalability.ini]
[2019.12.11-10.00.35:591][  0]LogConfig: Setting CVar [[r.PostProcessAAQuality:4]]
[2019.12.11-10.00.35:591][  0]LogConfig: Applying CVar settings from Section [ShadowQuality@3] File [D:/f/cst438-unreal-space-gameafewafwfwafawf/Saved/Config/Windows/Scalability.ini]
[2019.12.11-10.00.35:592][  0]LogConfig: Setting CVar [[r.LightFunctionQuality:1]]
[2019.12.11-10.00.35:592][  0]LogConfig: Setting CVar [[r.ShadowQuality:5]]
[2019.12.11-10.00.35:592][  0]LogConfig: Setting CVar [[r.Shadow.CSM.MaxCascades:10]]
[2019.12.11-10.00.35:592][  0]LogConfig: Setting CVar [[r.Shadow.MaxResolution:2048]]
[2019.12.11-10.00.35:592][  0]LogConfig: Setting CVar [[r.Shadow.MaxCSMResolution:2048]]
[2019.12.11-10.00.35:592][  0]LogConfig: Setting CVar [[r.Shadow.RadiusThreshold:0.01]]
[2019.12.11-10.00.35:592][  0]LogConfig: Setting CVar [[r.Shadow.DistanceScale:1.0]]
[2019.12.11-10.00.35:592][  0]LogConfig: Setting CVar [[r.Shadow.CSM.TransitionScale:1.0]]
[2019.12.11-10.00.35:592][  0]LogConfig: Setting CVar [[r.Shadow.PreShadowResolutionFactor:1.0]]
[2019.12.11-10.00.35:592][  0]LogConfig: Setting CVar [[r.DistanceFieldShadowing:1]]
[2019.12.11-10.00.35:592][  0]LogConfig: Setting CVar [[r.DistanceFieldAO:1]]
[2019.12.11-10.00.35:592][  0]LogConfig: Setting CVar [[r.AOQuality:2]]
[2019.12.11-10.00.35:592][  0]LogConfig: Setting CVar [[r.VolumetricFog:1]]
[2019.12.11-10.00.35:592][  0]LogConfig: Setting CVar [[r.VolumetricFog.GridPixelSize:8]]
[2019.12.11-10.00.35:592][  0]LogConfig: Setting CVar [[r.VolumetricFog.GridSizeZ:128]]
[2019.12.11-10.00.35:592][  0]LogConfig: Setting CVar [[r.VolumetricFog.HistoryMissSupersampleCount:4]]
[2019.12.11-10.00.35:592][  0]LogConfig: Setting CVar [[r.LightMaxDrawDistanceScale:1]]
[2019.12.11-10.00.35:592][  0]LogConfig: Setting CVar [[r.CapsuleShadows:1]]
[2019.12.11-10.00.35:592][  0]LogConfig: Applying CVar settings from Section [PostProcessQuality@3] File [D:/f/cst438-unreal-space-gameafewafwfwafawf/Saved/Config/Windows/Scalability.ini]
[2019.12.11-10.00.35:592][  0]LogConfig: Setting CVar [[r.MotionBlurQuality:4]]
[2019.12.11-10.00.35:592][  0]LogConfig: Setting CVar [[r.AmbientOcclusionMipLevelFactor:0.4]]
[2019.12.11-10.00.35:592][  0]LogConfig: Setting CVar [[r.AmbientOcclusionMaxQuality:100]]
[2019.12.11-10.00.35:592][  0]LogConfig: Setting CVar [[r.AmbientOcclusionLevels:-1]]
[2019.12.11-10.00.35:592][  0]LogConfig: Setting CVar [[r.AmbientOcclusionRadiusScale:1.0]]
[2019.12.11-10.00.35:592][  0]LogConfig: Setting CVar [[r.DepthOfFieldQuality:2]]
[2019.12.11-10.00.35:592][  0]LogConfig: Setting CVar [[r.RenderTargetPoolMin:400]]
[2019.12.11-10.00.35:592][  0]LogConfig: Setting CVar [[r.LensFlareQuality:2]]
[2019.12.11-10.00.35:592][  0]LogConfig: Setting CVar [[r.SceneColorFringeQuality:1]]
[2019.12.11-10.00.35:592][  0]LogConfig: Setting CVar [[r.EyeAdaptationQuality:2]]
[2019.12.11-10.00.35:592][  0]LogConfig: Setting CVar [[r.BloomQuality:5]]
[2019.12.11-10.00.35:592][  0]LogConfig: Setting CVar [[r.FastBlurThreshold:100]]
[2019.12.11-10.00.35:592][  0]LogConfig: Setting CVar [[r.Upscale.Quality:3]]
[2019.12.11-10.00.35:592][  0]LogConfig: Setting CVar [[r.Tonemapper.GrainQuantization:1]]
[2019.12.11-10.00.35:592][  0]LogConfig: Setting CVar [[r.LightShaftQuality:1]]
[2019.12.11-10.00.35:592][  0]LogConfig: Setting CVar [[r.Filter.SizeScale:1]]
[2019.12.11-10.00.35:592][  0]LogConfig: Setting CVar [[r.Tonemapper.Quality:5]]
[2019.12.11-10.00.35:592][  0]LogConfig: Setting CVar [[r.DOF.Gather.AccumulatorQuality:1        ; higher gathering accumulator quality]]
[2019.12.11-10.00.35:592][  0]LogConfig: Setting CVar [[r.DOF.Gather.PostfilterMethod:1          ; Median3x3 postfilering method]]
[2019.12.11-10.00.35:592][  0]LogConfig: Setting CVar [[r.DOF.Gather.EnableBokehSettings:0       ; no bokeh simulation when gathering]]
[2019.12.11-10.00.35:592][  0]LogConfig: Setting CVar [[r.DOF.Gather.RingCount:4                 ; medium number of samples when gathering]]
[2019.12.11-10.00.35:592][  0]LogConfig: Setting CVar [[r.DOF.Scatter.ForegroundCompositing:1    ; additive foreground scattering]]
[2019.12.11-10.00.35:592][  0]LogConfig: Setting CVar [[r.DOF.Scatter.BackgroundCompositing:2    ; additive background scattering]]
[2019.12.11-10.00.35:592][  0]LogConfig: Setting CVar [[r.DOF.Scatter.EnableBokehSettings:1      ; bokeh simulation when scattering]]
[2019.12.11-10.00.35:592][  0]LogConfig: Setting CVar [[r.DOF.Scatter.MaxSpriteRatio:0.1         ; only a maximum of 10% of scattered bokeh]]
[2019.12.11-10.00.35:592][  0]LogConfig: Setting CVar [[r.DOF.Recombine.Quality:1                ; cheap slight out of focus]]
[2019.12.11-10.00.35:592][  0]LogConfig: Setting CVar [[r.DOF.Recombine.EnableBokehSettings:0    ; no bokeh simulation on slight out of focus]]
[2019.12.11-10.00.35:592][  0]LogConfig: Setting CVar [[r.DOF.TemporalAAQuality:1                ; more stable temporal accumulation]]
[2019.12.11-10.00.35:592][  0]LogConfig: Setting CVar [[r.DOF.Kernel.MaxForegroundRadius:0.025]]
[2019.12.11-10.00.35:592][  0]LogConfig: Setting CVar [[r.DOF.Kernel.MaxBackgroundRadius:0.025]]
[2019.12.11-10.00.35:592][  0]LogConfig: Applying CVar settings from Section [TextureQuality@3] File [D:/f/cst438-unreal-space-gameafewafwfwafawf/Saved/Config/Windows/Scalability.ini]
[2019.12.11-10.00.35:592][  0]LogConfig: Setting CVar [[r.Streaming.MipBias:0]]
[2019.12.11-10.00.35:592][  0]LogConfig: Setting CVar [[r.Streaming.AmortizeCPUToGPUCopy:0]]
[2019.12.11-10.00.35:592][  0]LogConfig: Setting CVar [[r.Streaming.MaxNumTexturesToStreamPerFrame:0]]
[2019.12.11-10.00.35:592][  0]LogConfig: Setting CVar [[r.Streaming.Boost:1]]
[2019.12.11-10.00.35:592][  0]LogConfig: Setting CVar [[r.MaxAnisotropy:8]]
[2019.12.11-10.00.35:592][  0]LogConfig: Setting CVar [[r.Streaming.LimitPoolSizeToVRAM:0]]
[2019.12.11-10.00.35:593][  0]LogConfig: Setting CVar [[r.Streaming.PoolSize:1000]]
[2019.12.11-10.00.35:593][  0]LogConfig: Setting CVar [[r.Streaming.MaxEffectiveScreenSize:0]]
[2019.12.11-10.00.35:593][  0]LogConfig: Applying CVar settings from Section [EffectsQuality@3] File [D:/f/cst438-unreal-space-gameafewafwfwafawf/Saved/Config/Windows/Scalability.ini]
[2019.12.11-10.00.35:593][  0]LogConfig: Setting CVar [[r.TranslucencyLightingVolumeDim:64]]
[2019.12.11-10.00.35:593][  0]LogConfig: Setting CVar [[r.RefractionQuality:2]]
[2019.12.11-10.00.35:593][  0]LogConfig: Setting CVar [[r.SSR.Quality:3]]
[2019.12.11-10.00.35:593][  0]LogConfig: Setting CVar [[r.SceneColorFormat:4]]
[2019.12.11-10.00.35:593][  0]LogConfig: Setting CVar [[r.DetailMode:2]]
[2019.12.11-10.00.35:593][  0]LogConfig: Setting CVar [[r.TranslucencyVolumeBlur:1]]
[2019.12.11-10.00.35:593][  0]LogConfig: Setting CVar [[r.MaterialQualityLevel:1 ; High quality]]
[2019.12.11-10.00.35:593][  0]LogConfig: Setting CVar [[r.SSS.Scale:1]]
[2019.12.11-10.00.35:593][  0]LogConfig: Setting CVar [[r.SSS.SampleSet:2]]
[2019.12.11-10.00.35:593][  0]LogConfig: Setting CVar [[r.SSS.Quality:1]]
[2019.12.11-10.00.35:593][  0]LogConfig: Setting CVar [[r.SSS.HalfRes:1]]
[2019.12.11-10.00.35:593][  0]LogConfig: Setting CVar [[r.EmitterSpawnRateScale:1.0]]
[2019.12.11-10.00.35:593][  0]LogConfig: Setting CVar [[r.ParticleLightQuality:2]]
[2019.12.11-10.00.35:593][  0]LogConfig: Applying CVar settings from Section [FoliageQuality@3] File [D:/f/cst438-unreal-space-gameafewafwfwafawf/Saved/Config/Windows/Scalability.ini]
[2019.12.11-10.00.35:593][  0]LogConfig: Setting CVar [[foliage.DensityScale:1.0]]
[2019.12.11-10.00.35:593][  0]LogConfig: Setting CVar [[grass.DensityScale:1.0]]
[2019.12.11-10.00.35:593][  0]LogInit: Selected Device Profile: [Windows]
[2019.12.11-10.00.35:593][  0]LogInit: Applying CVar settings loaded from the selected device profile: [Windows]
[2019.12.11-10.00.35:597][  0]LogHAL: Display: Platform has ~ 8 GB [8425017344 / 8589934592 / 8], which maps to Default [LargestMinGB=32, LargerMinGB=12, DefaultMinGB=8, SmallerMinGB=6, SmallestMinGB=0)
[2019.12.11-10.00.35:598][  0]LogInit: Going up to parent DeviceProfile []
[2019.12.11-10.00.35:598][  0]LogConfig: Applying CVar settings from Section [ViewDistanceQuality@3] File [D:/f/cst438-unreal-space-gameafewafwfwafawf/Saved/Config/Windows/Scalability.ini]
[2019.12.11-10.00.35:598][  0]LogConfig: Setting CVar [[r.SkeletalMeshLODBias:0]]
[2019.12.11-10.00.35:598][  0]LogConfig: Setting CVar [[r.ViewDistanceScale:1.0]]
[2019.12.11-10.00.35:598][  0]LogConfig: Applying CVar settings from Section [AntiAliasingQuality@3] File [D:/f/cst438-unreal-space-gameafewafwfwafawf/Saved/Config/Windows/Scalability.ini]
[2019.12.11-10.00.35:598][  0]LogConfig: Setting CVar [[r.PostProcessAAQuality:4]]
[2019.12.11-10.00.35:598][  0]LogConfig: Applying CVar settings from Section [ShadowQuality@3] File [D:/f/cst438-unreal-space-gameafewafwfwafawf/Saved/Config/Windows/Scalability.ini]
[2019.12.11-10.00.35:598][  0]LogConfig: Setting CVar [[r.LightFunctionQuality:1]]
[2019.12.11-10.00.35:598][  0]LogConfig: Setting CVar [[r.ShadowQuality:5]]
[2019.12.11-10.00.35:598][  0]LogConfig: Setting CVar [[r.Shadow.CSM.MaxCascades:10]]
[2019.12.11-10.00.35:598][  0]LogConfig: Setting CVar [[r.Shadow.MaxResolution:2048]]
[2019.12.11-10.00.35:598][  0]LogConfig: Setting CVar [[r.Shadow.MaxCSMResolution:2048]]
[2019.12.11-10.00.35:598][  0]LogConfig: Setting CVar [[r.Shadow.RadiusThreshold:0.01]]
[2019.12.11-10.00.35:598][  0]LogConfig: Setting CVar [[r.Shadow.DistanceScale:1.0]]
[2019.12.11-10.00.35:598][  0]LogConfig: Setting CVar [[r.Shadow.CSM.TransitionScale:1.0]]
[2019.12.11-10.00.35:598][  0]LogConfig: Setting CVar [[r.Shadow.PreShadowResolutionFactor:1.0]]
[2019.12.11-10.00.35:598][  0]LogConfig: Setting CVar [[r.DistanceFieldShadowing:1]]
[2019.12.11-10.00.35:598][  0]LogConfig: Setting CVar [[r.DistanceFieldAO:1]]
[2019.12.11-10.00.35:598][  0]LogConfig: Setting CVar [[r.AOQuality:2]]
[2019.12.11-10.00.35:598][  0]LogConfig: Setting CVar [[r.VolumetricFog:1]]
[2019.12.11-10.00.35:598][  0]LogConfig: Setting CVar [[r.VolumetricFog.GridPixelSize:8]]
[2019.12.11-10.00.35:598][  0]LogConfig: Setting CVar [[r.VolumetricFog.GridSizeZ:128]]
[2019.12.11-10.00.35:598][  0]LogConfig: Setting CVar [[r.VolumetricFog.HistoryMissSupersampleCount:4]]
[2019.12.11-10.00.35:598][  0]LogConfig: Setting CVar [[r.LightMaxDrawDistanceScale:1]]
[2019.12.11-10.00.35:598][  0]LogConfig: Setting CVar [[r.CapsuleShadows:1]]
[2019.12.11-10.00.35:598][  0]LogConfig: Applying CVar settings from Section [PostProcessQuality@3] File [D:/f/cst438-unreal-space-gameafewafwfwafawf/Saved/Config/Windows/Scalability.ini]
[2019.12.11-10.00.35:598][  0]LogConfig: Setting CVar [[r.MotionBlurQuality:4]]
[2019.12.11-10.00.35:598][  0]LogConfig: Setting CVar [[r.AmbientOcclusionMipLevelFactor:0.4]]
[2019.12.11-10.00.35:598][  0]LogConfig: Setting CVar [[r.AmbientOcclusionMaxQuality:100]]
[2019.12.11-10.00.35:598][  0]LogConfig: Setting CVar [[r.AmbientOcclusionLevels:-1]]
[2019.12.11-10.00.35:598][  0]LogConfig: Setting CVar [[r.AmbientOcclusionRadiusScale:1.0]]
[2019.12.11-10.00.35:598][  0]LogConfig: Setting CVar [[r.DepthOfFieldQuality:2]]
[2019.12.11-10.00.35:598][  0]LogConfig: Setting CVar [[r.RenderTargetPoolMin:400]]
[2019.12.11-10.00.35:598][  0]LogConfig: Setting CVar [[r.LensFlareQuality:2]]
[2019.12.11-10.00.35:598][  0]LogConfig: Setting CVar [[r.SceneColorFringeQuality:1]]
[2019.12.11-10.00.35:598][  0]LogConfig: Setting CVar [[r.EyeAdaptationQuality:2]]
[2019.12.11-10.00.35:598][  0]LogConfig: Setting CVar [[r.BloomQuality:5]]
[2019.12.11-10.00.35:598][  0]LogConfig: Setting CVar [[r.FastBlurThreshold:100]]
[2019.12.11-10.00.35:598][  0]LogConfig: Setting CVar [[r.Upscale.Quality:3]]
[2019.12.11-10.00.35:598][  0]LogConfig: Setting CVar [[r.Tonemapper.GrainQuantization:1]]
[2019.12.11-10.00.35:598][  0]LogConfig: Setting CVar [[r.LightShaftQuality:1]]
[2019.12.11-10.00.35:598][  0]LogConfig: Setting CVar [[r.Filter.SizeScale:1]]
[2019.12.11-10.00.35:598][  0]LogConfig: Setting CVar [[r.Tonemapper.Quality:5]]
[2019.12.11-10.00.35:598][  0]LogConfig: Setting CVar [[r.DOF.Gather.AccumulatorQuality:1        ; higher gathering accumulator quality]]
[2019.12.11-10.00.35:598][  0]LogConfig: Setting CVar [[r.DOF.Gather.PostfilterMethod:1          ; Median3x3 postfilering method]]
[2019.12.11-10.00.35:598][  0]LogConfig: Setting CVar [[r.DOF.Gather.EnableBokehSettings:0       ; no bokeh simulation when gathering]]
[2019.12.11-10.00.35:598][  0]LogConfig: Setting CVar [[r.DOF.Gather.RingCount:4                 ; medium number of samples when gathering]]
[2019.12.11-10.00.35:598][  0]LogConfig: Setting CVar [[r.DOF.Scatter.ForegroundCompositing:1    ; additive foreground scattering]]
[2019.12.11-10.00.35:599][  0]LogConfig: Setting CVar [[r.DOF.Scatter.BackgroundCompositing:2    ; additive background scattering]]
[2019.12.11-10.00.35:599][  0]LogConfig: Setting CVar [[r.DOF.Scatter.EnableBokehSettings:1      ; bokeh simulation when scattering]]
[2019.12.11-10.00.35:599][  0]LogConfig: Setting CVar [[r.DOF.Scatter.MaxSpriteRatio:0.1         ; only a maximum of 10% of scattered bokeh]]
[2019.12.11-10.00.35:599][  0]LogConfig: Setting CVar [[r.DOF.Recombine.Quality:1                ; cheap slight out of focus]]
[2019.12.11-10.00.35:599][  0]LogConfig: Setting CVar [[r.DOF.Recombine.EnableBokehSettings:0    ; no bokeh simulation on slight out of focus]]
[2019.12.11-10.00.35:599][  0]LogConfig: Setting CVar [[r.DOF.TemporalAAQuality:1                ; more stable temporal accumulation]]
[2019.12.11-10.00.35:599][  0]LogConfig: Setting CVar [[r.DOF.Kernel.MaxForegroundRadius:0.025]]
[2019.12.11-10.00.35:599][  0]LogConfig: Setting CVar [[r.DOF.Kernel.MaxBackgroundRadius:0.025]]
[2019.12.11-10.00.35:599][  0]LogConfig: Applying CVar settings from Section [TextureQuality@3] File [D:/f/cst438-unreal-space-gameafewafwfwafawf/Saved/Config/Windows/Scalability.ini]
[2019.12.11-10.00.35:599][  0]LogConfig: Setting CVar [[r.Streaming.MipBias:0]]
[2019.12.11-10.00.35:599][  0]LogConfig: Setting CVar [[r.Streaming.AmortizeCPUToGPUCopy:0]]
[2019.12.11-10.00.35:599][  0]LogConfig: Setting CVar [[r.Streaming.MaxNumTexturesToStreamPerFrame:0]]
[2019.12.11-10.00.35:599][  0]LogConfig: Setting CVar [[r.Streaming.Boost:1]]
[2019.12.11-10.00.35:599][  0]LogConfig: Setting CVar [[r.MaxAnisotropy:8]]
[2019.12.11-10.00.35:599][  0]LogConfig: Setting CVar [[r.Streaming.LimitPoolSizeToVRAM:0]]
[2019.12.11-10.00.35:599][  0]LogConfig: Setting CVar [[r.Streaming.PoolSize:1000]]
[2019.12.11-10.00.35:599][  0]LogConfig: Setting CVar [[r.Streaming.MaxEffectiveScreenSize:0]]
[2019.12.11-10.00.35:599][  0]LogConfig: Applying CVar settings from Section [EffectsQuality@3] File [D:/f/cst438-unreal-space-gameafewafwfwafawf/Saved/Config/Windows/Scalability.ini]
[2019.12.11-10.00.35:599][  0]LogConfig: Setting CVar [[r.TranslucencyLightingVolumeDim:64]]
[2019.12.11-10.00.35:599][  0]LogConfig: Setting CVar [[r.RefractionQuality:2]]
[2019.12.11-10.00.35:599][  0]LogConfig: Setting CVar [[r.SSR.Quality:3]]
[2019.12.11-10.00.35:599][  0]LogConfig: Setting CVar [[r.SceneColorFormat:4]]
[2019.12.11-10.00.35:599][  0]LogConfig: Setting CVar [[r.DetailMode:2]]
[2019.12.11-10.00.35:599][  0]LogConfig: Setting CVar [[r.TranslucencyVolumeBlur:1]]
[2019.12.11-10.00.35:599][  0]LogConfig: Setting CVar [[r.MaterialQualityLevel:1 ; High quality]]
[2019.12.11-10.00.35:599][  0]LogConfig: Setting CVar [[r.SSS.Scale:1]]
[2019.12.11-10.00.35:599][  0]LogConfig: Setting CVar [[r.SSS.SampleSet:2]]
[2019.12.11-10.00.35:599][  0]LogConfig: Setting CVar [[r.SSS.Quality:1]]
[2019.12.11-10.00.35:599][  0]LogConfig: Setting CVar [[r.SSS.HalfRes:1]]
[2019.12.11-10.00.35:599][  0]LogConfig: Setting CVar [[r.EmitterSpawnRateScale:1.0]]
[2019.12.11-10.00.35:599][  0]LogConfig: Setting CVar [[r.ParticleLightQuality:2]]
[2019.12.11-10.00.35:599][  0]LogConfig: Applying CVar settings from Section [FoliageQuality@3] File [D:/f/cst438-unreal-space-gameafewafwfwafawf/Saved/Config/Windows/Scalability.ini]
[2019.12.11-10.00.35:599][  0]LogConfig: Setting CVar [[foliage.DensityScale:1.0]]
[2019.12.11-10.00.35:599][  0]LogConfig: Setting CVar [[grass.DensityScale:1.0]]
[2019.12.11-10.00.35:599][  0]LogConfig: Applying CVar settings from Section [Startup] File [../../../Engine/Config/ConsoleVariables.ini]
[2019.12.11-10.00.35:600][  0]LogConfig: Setting CVar [[net.UseAdaptiveNetUpdateFrequency:0]]
[2019.12.11-10.00.35:600][  0]LogConfig: Setting CVar [[p.chaos.AllowCreatePhysxBodies:1]]
[2019.12.11-10.00.35:600][  0]LogConfig: Applying CVar settings from Section [ConsoleVariables] File [D:/f/cst438-unreal-space-gameafewafwfwafawf/Saved/Config/Windows/Engine.ini]
[2019.12.11-10.00.35:600][  0]LogInit: Computer: DESKTOP-O6DUFCB
[2019.12.11-10.00.35:600][  0]LogInit: User: seb
[2019.12.11-10.00.35:600][  0]LogInit: CPU Page size=4096, Cores=4
[2019.12.11-10.00.35:600][  0]LogInit: High frequency timer resolution =10.000000 MHz
[2019.12.11-10.00.35:600][  0]LogMemory: Memory total: Physical=7.8GB (8GB approx)
[2019.12.11-10.00.35:600][  0]LogMemory: Platform Memory Stats for Windows
[2019.12.11-10.00.35:600][  0]LogMemory: Process Physical Memory: 101.83 MB used, 101.83 MB peak
[2019.12.11-10.00.35:600][  0]LogMemory: Process Virtual Memory: 100.58 MB used, 100.58 MB peak
[2019.12.11-10.00.35:600][  0]LogMemory: Physical Memory: 5383.36 MB used,  2651.36 MB free, 8034.72 MB total
[2019.12.11-10.00.35:600][  0]LogMemory: Virtual Memory: 4669.70 MB used,  134213056.00 MB free, 134217728.00 MB total
[2019.12.11-10.00.35:604][  0]LogWindows: WindowsPlatformFeatures enabled
[2019.12.11-10.00.35:623][  0]LogInit: Using OS detected language (en-US).
[2019.12.11-10.00.35:623][  0]LogInit: Using OS detected locale (en-US).
[2019.12.11-10.00.35:624][  0]LogTextLocalizationManager: No specific localization for 'en-US' exists, so the 'en' localization will be used.
[2019.12.11-10.00.35:970][  0]LogSlate: New Slate User Created.  User Index 0, Is Virtual User: 0
[2019.12.11-10.00.35:970][  0]LogSlate: Slate User Registered.  User Index 0, Is Virtual User: 0
[2019.12.11-10.00.36:009][  0]LogHMD: Failed to initialize OpenVR with code 110
[2019.12.11-10.00.36:009][  0]LogD3D11RHI: D3D11 adapters:
[2019.12.11-10.00.36:070][  0]LogD3D11RHI:    0. 'NVIDIA GeForce MX150' (Feature Level 11_0)
[2019.12.11-10.00.36:070][  0]LogD3D11RHI:       1983/0/4017 MB DedicatedVideo/DedicatedSystem/SharedSystem, Outputs:1, VendorId:0x10de
[2019.12.11-10.00.36:090][  0]LogD3D11RHI:    1. 'Intel(R) UHD Graphics 620' (Feature Level 11_0)
[2019.12.11-10.00.36:091][  0]LogD3D11RHI:       128/0/4017 MB DedicatedVideo/DedicatedSystem/SharedSystem, Outputs:0, VendorId:0x8086
[2019.12.11-10.00.36:094][  0]LogD3D11RHI:    2. 'Microsoft Basic Render Driver' (Feature Level 11_0)
[2019.12.11-10.00.36:094][  0]LogD3D11RHI:       0/0/4017 MB DedicatedVideo/DedicatedSystem/SharedSystem, Outputs:0, VendorId:0x1414
[2019.12.11-10.00.36:094][  0]LogD3D11RHI: Chosen D3D11 Adapter: 0
[2019.12.11-10.00.36:131][  0]LogD3D11RHI: Creating new Direct3DDevice
[2019.12.11-10.00.36:131][  0]LogD3D11RHI:     GPU DeviceId: 0x1d12 (for the marketing name, search the web for "GPU Device Id")
[2019.12.11-10.00.36:131][  0]LogWindows: EnumDisplayDevices:
[2019.12.11-10.00.36:131][  0]LogWindows:    0. 'Intel(R) UHD Graphics 620' (P:1 D:1)
[2019.12.11-10.00.36:132][  0]LogWindows:    1. 'Intel(R) UHD Graphics 620' (P:0 D:0)
[2019.12.11-10.00.36:132][  0]LogWindows:    2. 'Intel(R) UHD Graphics 620' (P:0 D:0)
[2019.12.11-10.00.36:132][  0]LogWindows: DebugString: PrimaryIsNotTheChoosenAdapter PrimaryIsNotTheChoosenAdapter PrimaryIsNotTheChoosenAdapter FoundDriverCount:0 
[2019.12.11-10.00.36:132][  0]LogD3D11RHI:     Adapter Name: NVIDIA GeForce MX150
[2019.12.11-10.00.36:132][  0]LogD3D11RHI:   Driver Version: Unknown (internal:Unknown, unified:Unknown)
[2019.12.11-10.00.36:132][  0]LogD3D11RHI:      Driver Date: Unknown
[2019.12.11-10.00.36:132][  0]LogRHI: Texture pool is 1388 MB (70% of 1983 MB)
[2019.12.11-10.00.36:191][  0]LogD3D11RHI: Async texture creation enabled
[2019.12.11-10.00.36:213][  0]LogD3D11RHI: GPU Timing Frequency: 1000.000000 (Debug: 2 2)
[2019.12.11-10.00.36:600][  0]LogTemp: Display: Module 'WindowsClientTargetPlatform' loaded TargetPlatform 'WindowsClient'
[2019.12.11-10.00.36:607][  0]LogTemp: Display: Module 'WindowsNoEditorTargetPlatform' loaded TargetPlatform 'WindowsNoEditor'
[2019.12.11-10.00.36:614][  0]LogTemp: Display: Module 'WindowsServerTargetPlatform' loaded TargetPlatform 'WindowsServer'
[2019.12.11-10.00.36:617][  0]LogTemp: Display: Module 'WindowsTargetPlatform' loaded TargetPlatform 'Windows'
[2019.12.11-10.00.36:617][  0]LogTargetPlatformManager: Display: Building Assets For Windows
[2019.12.11-10.00.36:625][  0]LogAudioDebug: Display: Lib vorbis DLL was dynamically loaded.
[2019.12.11-10.00.36:667][  0]LogShaderCompilers: Guid format shader working directory is -11 characters bigger than the processId version (../../../../../f/cst438-unreal-space-gameafewafwfwafawf/Intermediate/Shaders/WorkingDirectory/6288/).
[2019.12.11-10.00.36:667][  0]LogShaderCompilers: Cleaned the shader compiler working directory 'C:/Users/seb/AppData/Local/Temp/UnrealShaderWorkingDir/CCE188A541F4994C6941CF87D6A22D1C/'.
[2019.12.11-10.00.36:668][  0]LogXGEController: Cannot use XGE Controller as Incredibuild is not installed on this machine.
[2019.12.11-10.00.36:669][  0]LogShaderCompilers: Cannot use XGE Shader Compiler as Incredibuild is not installed on this machine.
[2019.12.11-10.00.36:669][  0]LogShaderCompilers: Display: Using Local Shader Compiler.
[2019.12.11-10.00.37:262][  0]LogDerivedDataCache: Display: Max Cache Size: 512 MB
[2019.12.11-10.00.37:340][  0]LogDerivedDataCache: Loaded boot cache 0.08s 73MB C:/Users/seb/AppData/Local/UnrealEngine/4.23/DerivedDataCache/Boot.ddc.
[2019.12.11-10.00.37:340][  0]LogDerivedDataCache: Display: Loaded Boot cache: C:/Users/seb/AppData/Local/UnrealEngine/4.23/DerivedDataCache/Boot.ddc
[2019.12.11-10.00.37:340][  0]LogDerivedDataCache: FDerivedDataBackendGraph:  Pak pak cache file ../../../../../f/cst438-unreal-space-gameafewafwfwafawf/DerivedDataCache/DDC.ddp not found, will not use a pak cache.
[2019.12.11-10.00.37:340][  0]LogDerivedDataCache: Unable to find inner node Pak for hierarchical cache Hierarchy.
[2019.12.11-10.00.37:340][  0]LogDerivedDataCache: FDerivedDataBackendGraph:  CompressedPak pak cache file ../../../../../f/cst438-unreal-space-gameafewafwfwafawf/DerivedDataCache/Compressed.ddp not found, will not use a pak cache.
[2019.12.11-10.00.37:340][  0]LogDerivedDataCache: Unable to find inner node CompressedPak for hierarchical cache Hierarchy.
[2019.12.11-10.00.37:352][  0]LogDerivedDataCache: Display: Pak cache opened for reading ../../../Engine/DerivedDataCache/Compressed.ddp.
[2019.12.11-10.00.37:352][  0]LogDerivedDataCache: FDerivedDataBackendGraph:  EnterprisePak pak cache file ../../../Enterprise/DerivedDataCache/Compressed.ddp not found, will not use a pak cache.
[2019.12.11-10.00.37:352][  0]LogDerivedDataCache: Unable to find inner node EnterprisePak for hierarchical cache Hierarchy.
[2019.12.11-10.00.37:354][  0]LogDerivedDataCache: Using Local data cache path C:/Users/seb/AppData/Local/UnrealEngine/Common/DerivedDataCache: Writable
[2019.12.11-10.00.37:354][  0]LogDerivedDataCache: Shared data cache path not found in *engine.ini, will not use an Shared cache.
[2019.12.11-10.00.37:354][  0]LogDerivedDataCache: Unable to find inner node Shared for hierarchical cache Hierarchy.
[2019.12.11-10.00.37:380][  0]LogMaterial: Verifying Global Shaders for PCD3D_SM5
[2019.12.11-10.00.37:392][  0]LogSlate: Using FreeType 2.6.0
[2019.12.11-10.00.37:393][  0]LogSlate: SlateFontServices - WITH_FREETYPE: 1, WITH_HARFBUZZ: 1
[2019.12.11-10.00.37:549][  0]LogInit: Using OS detected language (en-US).
[2019.12.11-10.00.37:549][  0]LogInit: Using OS detected locale (en-US).
[2019.12.11-10.00.37:549][  0]LogTextLocalizationManager: No localization for 'en-US' exists, so 'en' will be used for the language.
[2019.12.11-10.00.37:549][  0]LogTextLocalizationManager: No localization for 'en-US' exists, so 'en' will be used for the locale.
[2019.12.11-10.00.37:550][  0]LogSlate: FontCache flush requested. Reason: Culture for localization was changed
[2019.12.11-10.00.37:550][  0]LogSlate: FontCache flush requested. Reason: Culture for localization was changed
[2019.12.11-10.00.37:551][  0]LogTextLocalizationManager: Compacting localization data took   0.01ms
[2019.12.11-10.00.37:556][  0]LogAssetRegistry: FAssetRegistry took 0.0022 seconds to start up
[2019.12.11-10.00.37:795][  0]LogPackageLocalizationCache: Processed 12 localized package path(s) for 1 prioritized culture(s) in 0.000405 seconds
[2019.12.11-10.00.37:843][  0]LogInit: Selected Device Profile: [Windows]
[2019.12.11-10.00.37:975][  0]LogMeshReduction: Using QuadricMeshReduction for automatic static mesh reduction
[2019.12.11-10.00.37:975][  0]LogMeshReduction: Using SimplygonMeshReduction for automatic skeletal mesh reduction
[2019.12.11-10.00.37:975][  0]LogMeshReduction: Using ProxyLODMeshReduction for automatic mesh merging
[2019.12.11-10.00.37:975][  0]LogMeshReduction: No distributed automatic mesh merging module available
[2019.12.11-10.00.37:975][  0]LogMeshMerging: No distributed automatic mesh merging module available
[2019.12.11-10.00.37:991][  0]LogNetVersion: CST438_Space_Game 1.0.0, NetCL: 8386587, EngineNetVer: 11, GameNetVer: 0 (Checksum: 1485668743)
[2019.12.11-10.00.38:552][  0]LogMoviePlayer: Initializing movie player
[2019.12.11-10.00.38:651][  0]LogTcpMessaging: Initializing TcpMessaging bridge
[2019.12.11-10.00.38:652][  0]LogUdpMessaging: Initializing bridge on interface 0.0.0.0:0 to multicast group 230.0.0.1:6666.
[2019.12.11-10.00.38:683][  0]SourceControl: Source control is disabled
[2019.12.11-10.00.38:683][  0]SourceControl: Source control is disabled
[2019.12.11-10.00.38:684][  0]SourceControl: Source control is disabled
[2019.12.11-10.00.38:719][  0]LogAndroidPermission: UAndroidPermissionCallbackProxy::GetInstance
[2019.12.11-10.00.38:841][  0]LogOcInput: OculusInput pre-init called
[2019.12.11-10.00.38:851][  0]LogUObjectArray: 48875 objects as part of root set at end of initial load.
[2019.12.11-10.00.38:851][  0]LogUObjectAllocator: 8620872 out of 0 bytes used by permanent object pool.
[2019.12.11-10.00.38:851][  0]LogUObjectArray: CloseDisregardForGC: 0/0 objects in disregard for GC pool
[2019.12.11-10.00.38:914][  0]LogEngine: Initializing Engine...
[2019.12.11-10.00.38:915][  0]LogHMD: Failed to initialize OpenVR with code 110
[2019.12.11-10.00.38:916][  0]LogStats: UGameplayTagsManager::InitializeManager -  0.000 s
[2019.12.11-10.00.39:090][  0]LogInit: Initializing FReadOnlyCVARCache
[2019.12.11-10.00.39:110][  0]LogInit: XAudio2 using 'Speakers (2- Realtek(R) Audio)' : 2 channels at 48 kHz using 32 bits per sample (channel mask 0x3)
[2019.12.11-10.00.39:134][  0]LogInit: FAudioDevice initialized.
[2019.12.11-10.00.39:135][  0]LogNetVersion: Set ProjectVersion to 1.0.0.0. Version Checksum will be recalculated on next use.
[2019.12.11-10.00.39:138][  0]LogInit: Texture streaming: Enabled
[2019.12.11-10.00.39:414][  0]LogSlate: Updating window title bar state: overlay mode, drag disabled, window buttons hidden, title bar hidden
[2019.12.11-10.00.39:415][  0]LogInit: Display: Game Engine Initialized.
[2019.12.11-10.00.39:462][  0]LogInit: Display: Starting Game.
[2019.12.11-10.00.39:463][  0]LogNet: Browse: /Game/Maps/MainMenu?Name=Player
[2019.12.11-10.00.39:464][  0]LogLoad: LoadMap: /Game/Maps/MainMenu?Name=Player
[2019.12.11-10.00.39:464][  0]LogWorld: BeginTearingDown for /Temp/Untitled_0
[2019.12.11-10.00.39:465][  0]LogWorld: UWorld::CleanupWorld for Untitled, bSessionEnded=true, bCleanupResources=true
[2019.12.11-10.00.39:494][  0]LogUObjectHash: Compacting FUObjectHashTables data took   2.04ms
[2019.12.11-10.00.39:512][  0]LogAIModule: Creating AISystem for world MainMenu
[2019.12.11-10.00.39:882][  0]LogLoad: Game class is 'ThirdPersonGameMode_C'
[2019.12.11-10.00.39:885][  0]LogWorld: Bringing World /Game/Maps/MainMenu.MainMenu up for play (max tick rate 0) at 2019.12.11-02.00.39
[2019.12.11-10.00.39:886][  0]LogWorld: Bringing up level for play took: 0.001538
[2019.12.11-10.00.39:893][  0]LogGameMode: FindPlayerStart: PATHS NOT DEFINED or NO PLAYERSTART with positive rating
[2019.12.11-10.00.39:951][  0]LogLoad: Took 0.487859 seconds to LoadMap(/Game/Maps/MainMenu)
[2019.12.11-10.00.39:953][  0]LogSlate: Took 0.000129 seconds to synchronously load lazily loaded font '../../../Engine/Content/Slate/Fonts/Roboto-Regular.ttf' (155K)
[2019.12.11-10.00.39:984][  0]LogRenderer: Reallocating scene render targets to support 1000x668 Format 10 NumSamples 1 (Frame:1).
[2019.12.11-10.00.39:984][  0]LogLoad: (Engine Initialization) Total time: 5.57 seconds
[2019.12.11-10.00.39:984][  0]LogLoad: (Engine Initialization) Total Blueprint compile time: 0.00 seconds
[2019.12.11-10.00.40:036][  0]LogContentStreaming: Texture pool size now 1000 MB
[2019.12.11-10.00.40:258][  1]LogSlate: Took 0.000213 seconds to synchronously load lazily loaded font '../../../Engine/Content/Slate/Fonts/Roboto-Regular.ttf' (155K)
[2019.12.11-10.00.42:582][144]LogSlate: FSceneViewport::OnFocusLost() reason 0
[2019.12.11-10.00.52:022][709]LogRenderer: Reallocating scene render targets to support 1200x740 Format 10 NumSamples 1 (Frame:712).
[2019.12.11-10.01.01:258][280]LogInit: WinSock: I am DESKTOP-O6DUFCB (10.11.247.183:0)
[2019.12.11-10.01.01:315][280]LogPackageName: SearchForPackageOnDisk took   0.048s to resolve Arena_01.umap.
[2019.12.11-10.01.01:360][280]LogPackageName: SearchForPackageOnDisk took   0.044s to resolve Arena_01.umap.
[2019.12.11-10.01.01:360][280]LogNet: Browse: /Game/Maps/Arena_01
[2019.12.11-10.01.01:360][280]LogLoad: LoadMap: /Game/Maps/Arena_01
[2019.12.11-10.01.01:360][280]LogWorld: BeginTearingDown for /Game/Maps/MainMenu
[2019.12.11-10.01.01:361][280]LogWorld: UWorld::CleanupWorld for MainMenu, bSessionEnded=true, bCleanupResources=true
[2019.12.11-10.01.01:387][280]LogUObjectHash: Compacting FUObjectHashTables data took   1.86ms
[2019.12.11-10.01.01:866][280]LogAIModule: Creating AISystem for world Arena_01
[2019.12.11-10.01.01:866][280]LogLoad: Game class is 'GameplayGM_C'
[2019.12.11-10.01.01:890][280]LogWorld: Bringing World /Game/Maps/Arena_01.Arena_01 up for play (max tick rate 0) at 2019.12.11-02.01.01
[2019.12.11-10.01.01:890][280]LogWorld: Bringing up level for play took: 0.023273
[2019.12.11-10.01.01:891][280]LogGameMode: FindPlayerStart: PATHS NOT DEFINED or NO PLAYERSTART with positive rating
[2019.12.11-10.01.01:894][280]LogLoad: Took 0.534052 seconds to LoadMap(/Game/Maps/Arena_01)
[2019.12.11-10.01.19:159][346]LogWindowsDesktop: Alt-F4 pressed!
[2019.12.11-10.01.19:169][346]LogSlate: Window 'CST438_Space_Game (64-bit Development PCD3D_SM5) ' being destroyed
[2019.12.11-10.01.19:170][346]LogWindowsTextInputMethodSystem: Display: IME system now deactivated.
[2019.12.11-10.01.19:176][346]LogSlate: Updating window title bar state: overlay mode, drag disabled, window buttons hidden, title bar hidden
[2019.12.11-10.01.19:176][346]LogEngine: All Windows Closed
[2019.12.11-10.01.19:176][346]LogWindows: FPlatformMisc::RequestExit(0)
[2019.12.11-10.01.19:192][347]LogWorld: BeginTearingDown for /Game/Maps/Arena_01
[2019.12.11-10.01.19:193][347]LogWorld: UWorld::CleanupWorld for Arena_01, bSessionEnded=true, bCleanupResources=true
[2019.12.11-10.01.19:948][347]LogExit: Preparing to exit.
[2019.12.11-10.01.19:948][347]LogMoviePlayer: Shutting down movie player
[2019.12.11-10.01.20:703][347]LogSlate: Updating window title bar state: overlay mode, drag disabled, window buttons hidden, title bar hidden
[2019.12.11-10.01.20:707][347]LogDemo: Cleaned up 0 splitscreen connections with owner deletion
[2019.12.11-10.01.20:717][347]LogExit: Game engine shut down
[2019.12.11-10.01.20:801][347]LogExit: Object subsystem successfully closed.
[2019.12.11-10.01.20:821][347]LogShaderCompilers: Display: Shaders left to compile 0
[2019.12.11-10.01.20:832][347]LogModuleManager: Shutting down and abandoning module SequenceRecorderSections (410)
[2019.12.11-10.01.20:832][347]LogModuleManager: Shutting down and abandoning module SequenceRecorder (408)
[2019.12.11-10.01.20:832][347]LogModuleManager: Shutting down and abandoning module AutomationController (406)
[2019.12.11-10.01.20:832][347]LogModuleManager: Shutting down and abandoning module AutomationWorker (404)
[2019.12.11-10.01.20:832][347]LogModuleManager: Shutting down and abandoning module Voice (402)
[2019.12.11-10.01.20:832][347]LogModuleManager: Shutting down and abandoning module AIModule (400)
[2019.12.11-10.01.20:832][347]LogModuleManager: Shutting down and abandoning module GameplayDebugger (399)
[2019.12.11-10.01.20:832][347]LogModuleManager: Shutting down and abandoning module AITestSuite (397)
[2019.12.11-10.01.20:832][347]LogModuleManager: Shutting down and abandoning module NavigationSystem (395)
[2019.12.11-10.01.20:832][347]LogModuleManager: Shutting down and abandoning module OculusMR (392)
[2019.12.11-10.01.20:832][347]LogModuleManager: Shutting down and abandoning module WmfMediaFactory (390)
[2019.12.11-10.01.20:832][347]LogModuleManager: Shutting down and abandoning module WebMMediaFactory (388)
[2019.12.11-10.01.20:832][347]LogModuleManager: Shutting down and abandoning module WebMMedia (386)
[2019.12.11-10.01.20:832][347]LogModuleManager: Shutting down and abandoning module OpenExrWrapper (384)
[2019.12.11-10.01.20:832][347]LogModuleManager: Shutting down and abandoning module ImgMediaFactory (382)
[2019.12.11-10.01.20:832][347]LogModuleManager: Shutting down and abandoning module AvfMediaFactory (380)
[2019.12.11-10.01.20:832][347]LogModuleManager: Shutting down and abandoning module MagicLeapCameraPreviewFactory (378)
[2019.12.11-10.01.20:832][347]LogModuleManager: Shutting down and abandoning module MagicLeapMediaCodecFactory (376)
[2019.12.11-10.01.20:833][347]LogModuleManager: Shutting down and abandoning module MagicLeapMediaFactory (374)
[2019.12.11-10.01.20:833][347]LogModuleManager: Shutting down and abandoning module CharacterAI (372)
[2019.12.11-10.01.20:833][347]LogModuleManager: Shutting down and abandoning module SessionServices (370)
[2019.12.11-10.01.20:833][347]LogModuleManager: Shutting down and abandoning module MovieSceneCapture (368)
[2019.12.11-10.01.20:833][347]LogModuleManager: Shutting down and abandoning module LiveCoding (366)
[2019.12.11-10.01.20:833][347]LogModuleManager: Shutting down and abandoning module LevelSequence (364)
[2019.12.11-10.01.20:833][347]LogModuleManager: Shutting down and abandoning module MovieSceneTracks (362)
[2019.12.11-10.01.20:833][347]LogModuleManager: Shutting down and abandoning module MovieScene (360)
[2019.12.11-10.01.20:833][347]LogModuleManager: Shutting down and abandoning module StreamingPauseRendering (358)
[2019.12.11-10.01.20:833][347]LogModuleManager: Shutting down and abandoning module PortalServices (356)
[2019.12.11-10.01.20:833][347]LogModuleManager: Shutting down and abandoning module PortalRpc (354)
[2019.12.11-10.01.20:833][347]LogModuleManager: Shutting down and abandoning module MessagingRpc (352)
[2019.12.11-10.01.20:833][347]LogModuleManager: Shutting down and abandoning module ImageWriteQueue (350)
[2019.12.11-10.01.20:836][347]LogModuleManager: Shutting down and abandoning module ProfilerService (348)
[2019.12.11-10.01.20:945][347]LogModuleManager: Shutting down and abandoning module TaskGraph (346)
[2019.12.11-10.01.20:945][347]LogModuleManager: Shutting down and abandoning module SteamVRController (344)
[2019.12.11-10.01.20:945][347]LogModuleManager: Shutting down and abandoning module ProceduralMeshComponent (342)
[2019.12.11-10.01.20:945][347]LogModuleManager: Shutting down and abandoning module OculusInput (340)
[2019.12.11-10.01.20:945][347]LogModuleManager: Shutting down and abandoning module MobilePatchingUtils (338)
[2019.12.11-10.01.20:945][347]LogModuleManager: Shutting down and abandoning module EditableMesh (336)
[2019.12.11-10.01.20:945][347]LogModuleManager: Shutting down and abandoning module CustomMeshComponent (334)
[2019.12.11-10.01.20:945][347]LogModuleManager: Shutting down and abandoning module CableComponent (332)
[2019.12.11-10.01.20:945][347]LogModuleManager: Shutting down and abandoning module AudioCapture (330)
[2019.12.11-10.01.20:945][347]LogModuleManager: Shutting down and abandoning module ArchVisCharacter (328)
[2019.12.11-10.01.20:945][347]LogModuleManager: Shutting down and abandoning module AppleImageUtilsBlueprintSupport (326)
[2019.12.11-10.01.20:945][347]LogModuleManager: Shutting down and abandoning module AppleImageUtils (324)
[2019.12.11-10.01.20:945][347]LogModuleManager: Shutting down and abandoning module AndroidPermission (322)
[2019.12.11-10.01.20:945][347]LogModuleManager: Shutting down and abandoning module NUTUnrealEngine4 (320)
[2019.12.11-10.01.20:945][347]LogModuleManager: Shutting down and abandoning module NetcodeUnitTest (318)
[2019.12.11-10.01.20:945][347]LogModuleManager: Shutting down and abandoning module MediaCompositing (316)
[2019.12.11-10.01.20:945][347]LogModuleManager: Shutting down and abandoning module ImgMedia (314)
[2019.12.11-10.01.20:945][347]LogModuleManager: Shutting down and abandoning module MagicLeapHelperVulkan (312)
[2019.12.11-10.01.20:945][347]LogModuleManager: Shutting down and abandoning module MagicLeapHelperOpenGL (310)
[2019.12.11-10.01.20:945][347]LogModuleManager: Shutting down and abandoning module MagicLeapAudio (308)
[2019.12.11-10.01.20:945][347]LogModuleManager: Shutting down and abandoning module HTML5Networking (306)
[2019.12.11-10.01.20:945][347]LogModuleManager: Shutting down and abandoning module GeometryCacheTracks (304)
[2019.12.11-10.01.20:945][347]LogModuleManager: Shutting down and abandoning module GeometryCacheSequencer (303)
[2019.12.11-10.01.20:945][347]LogModuleManager: Shutting down and abandoning module GeometryCache (300)
[2019.12.11-10.01.20:945][347]LogModuleManager: Shutting down and abandoning module GeometryCacheEd (299)
[2019.12.11-10.01.20:945][347]LogModuleManager: Shutting down and abandoning module BackChannel (296)
[2019.12.11-10.01.20:945][347]LogModuleManager: Shutting down and abandoning module AutomationUtils (294)
[2019.12.11-10.01.20:946][347]LogModuleManager: Shutting down and abandoning module VariantManagerContent (292)
[2019.12.11-10.01.20:946][347]LogModuleManager: Shutting down and abandoning module CryptoKeysOpenSSL (290)
[2019.12.11-10.01.20:946][347]LogModuleManager: Shutting down and abandoning module CryptoKeys (288)
[2019.12.11-10.01.20:946][347]LogModuleManager: Shutting down and abandoning module VisualStudioSourceCodeAccess (286)
[2019.12.11-10.01.20:946][347]LogModuleManager: Shutting down and abandoning module HotReload (285)
[2019.12.11-10.01.20:946][347]LogModuleManager: Shutting down and abandoning module DirectoryWatcher (284)
[2019.12.11-10.01.20:946][347]LogModuleManager: Shutting down and abandoning module VisualStudioCodeSourceCodeAccess (280)
[2019.12.11-10.01.20:946][347]LogModuleManager: Shutting down and abandoning module UObjectPlugin (278)
[2019.12.11-10.01.20:946][347]LogModuleManager: Shutting down and abandoning module SubversionSourceControl (276)
[2019.12.11-10.01.20:946][347]LogModuleManager: Shutting down and abandoning module PerforceSourceControl (274)
[2019.12.11-10.01.20:946][347]LogModuleManager: Shutting down and abandoning module SourceControl (273)
[2019.12.11-10.01.20:946][347]LogModuleManager: Shutting down and abandoning module CLionSourceCodeAccess (270)
[2019.12.11-10.01.20:946][347]LogModuleManager: Shutting down and abandoning module ActorLayerUtilities (268)
[2019.12.11-10.01.20:946][347]LogModuleManager: Shutting down and abandoning module SignificanceManager (266)
[2019.12.11-10.01.20:946][347]LogModuleManager: Shutting down and abandoning module RuntimePhysXCooking (264)
[2019.12.11-10.01.20:946][347]LogModuleManager: Shutting down and abandoning module PhysXVehiclesEditor (262)
[2019.12.11-10.01.20:946][347]LogModuleManager: Shutting down and abandoning module LocationServicesBPLibrary (258)
[2019.12.11-10.01.20:946][347]LogModuleManager: Shutting down and abandoning module ActorSequence (256)
[2019.12.11-10.01.20:946][347]LogModuleManager: Shutting down and abandoning module UdpMessaging (254)
[2019.12.11-10.01.21:048][347]LogModuleManager: Shutting down and abandoning module TcpMessaging (252)
[2019.12.11-10.01.21:678][347]LogModuleManager: Shutting down and abandoning module MagicLeapIdentity (250)
[2019.12.11-10.01.21:678][347]LogModuleManager: Shutting down and abandoning module MagicLeapSecureStorage (248)
[2019.12.11-10.01.21:679][347]LogModuleManager: Shutting down and abandoning module MagicLeapHandTracking (246)
[2019.12.11-10.01.21:679][347]LogModuleManager: Shutting down and abandoning module MagicLeapEyeTracker (244)
[2019.12.11-10.01.21:679][347]LogModuleManager: Shutting down and abandoning module MagicLeapController (242)
[2019.12.11-10.01.21:679][347]LogSlate: Slate User Destroyed.  User Index 0, Is Virtual User: 0
[2019.12.11-10.01.21:679][347]LogModuleManager: Shutting down and abandoning module MagicLeapAR (240)
[2019.12.11-10.01.21:679][347]LogModuleManager: Shutting down and abandoning module AugmentedReality (239)
[2019.12.11-10.01.21:679][347]LogModuleManager: Shutting down and abandoning module GameplayTagsEditor (236)
[2019.12.11-10.01.21:679][347]LogModuleManager: Shutting down and abandoning module FacialAnimation (234)
[2019.12.11-10.01.21:679][347]LogModuleManager: Shutting down and abandoning module AssetManagerEditor (232)
[2019.12.11-10.01.21:679][347]LogModuleManager: Shutting down and abandoning module TreeMap (231)
[2019.12.11-10.01.21:679][347]LogModuleManager: Shutting down and abandoning module AnimationSharing (228)
[2019.12.11-10.01.21:679][347]LogModuleManager: Shutting down and abandoning module LightPropagationVolumeRuntime (226)
[2019.12.11-10.01.21:679][347]LogModuleManager: Shutting down and abandoning module Paper2D (224)
[2019.12.11-10.01.21:679][347]LogModuleManager: Shutting down and abandoning module WindowsMoviePlayer (222)
[2019.12.11-10.01.21:683][347]LogModuleManager: Shutting down and abandoning module WebMMoviePlayer (220)
[2019.12.11-10.01.21:683][347]LogModuleManager: Shutting down and abandoning module NetworkReplayStreaming (218)
[2019.12.11-10.01.21:683][347]LogModuleManager: Shutting down and abandoning module PacketHandler (216)
[2019.12.11-10.01.21:683][347]LogModuleManager: Shutting down and abandoning module ClothingSystemEditor (214)
[2019.12.11-10.01.21:683][347]LogModuleManager: Shutting down and abandoning module ClothingSystemRuntime (212)
[2019.12.11-10.01.21:683][347]LogModuleManager: Shutting down and abandoning module MediaAssets (210)
[2019.12.11-10.01.21:683][347]LogModuleManager: Shutting down and abandoning module Overlay (208)
[2019.12.11-10.01.21:683][347]LogModuleManager: Shutting down and abandoning module OverlayEditor (207)
[2019.12.11-10.01.21:683][347]LogModuleManager: Shutting down and abandoning module VREditor (204)
[2019.12.11-10.01.21:683][347]LogModuleManager: Shutting down and abandoning module StringTableEditor (202)
[2019.12.11-10.01.21:683][347]LogModuleManager: Shutting down and abandoning module GameplayTasksEditor (200)
[2019.12.11-10.01.21:683][347]LogModuleManager: Shutting down and abandoning module BehaviorTreeEditor (198)
[2019.12.11-10.01.21:683][347]LogModuleManager: Shutting down and abandoning module FunctionalTesting (196)
[2019.12.11-10.01.21:683][347]LogModuleManager: Shutting down and abandoning module CollisionAnalyzer (194)
[2019.12.11-10.01.21:683][347]LogModuleManager: Shutting down and abandoning module WorkspaceMenuStructure (193)
[2019.12.11-10.01.21:683][347]LogModuleManager: Shutting down and abandoning module UMG (190)
[2019.12.11-10.01.21:684][347]LogModuleManager: Shutting down and abandoning module UMGEditor (189)
[2019.12.11-10.01.21:684][347]LogModuleManager: Shutting down and abandoning module Sequencer (188)
[2019.12.11-10.01.21:684][347]LogModuleManager: Shutting down and abandoning module MessageLog (185)
[2019.12.11-10.01.21:684][347]LogModuleManager: Shutting down and abandoning module SlateReflector (180)
[2019.12.11-10.01.21:684][347]LogModuleManager: Shutting down and abandoning module Slate (178)
[2019.12.11-10.01.21:684][347]LogModuleManager: Shutting down and abandoning module LandscapeEditorUtilities (176)
[2019.12.11-10.01.21:684][347]LogModuleManager: Shutting down and abandoning module EditorStyle (174)
[2019.12.11-10.01.21:685][347]LogModuleManager: Shutting down and abandoning module UnrealEd (172)
[2019.12.11-10.01.21:685][347]LogModuleManager: Shutting down and abandoning module MRMesh (170)
[2019.12.11-10.01.21:685][347]LogModuleManager: Shutting down and abandoning module Messaging (168)
[2019.12.11-10.01.21:685][347]LogModuleManager: Shutting down and abandoning module SourceCodeAccess (166)
[2019.12.11-10.01.21:685][347]LogModuleManager: Shutting down and abandoning module HeadMountedDisplay (164)
[2019.12.11-10.01.21:685][347]LogModuleManager: Shutting down and abandoning module XAudio2 (162)
[2019.12.11-10.01.21:685][347]LogModuleManager: Shutting down and abandoning module Networking (160)
[2019.12.11-10.01.21:685][347]LogModuleManager: Shutting down and abandoning module Core (158)
[2019.12.11-10.01.21:685][347]LogModuleManager: Shutting down and abandoning module KismetCompiler (156)
[2019.12.11-10.01.21:685][347]LogModuleManager: Shutting down and abandoning module MeshUtilities (154)
[2019.12.11-10.01.21:685][347]LogModuleManager: Shutting down and abandoning module MeshMergeUtilities (153)
[2019.12.11-10.01.21:685][347]LogModuleManager: Shutting down and abandoning module MeshReductionInterface (152)
[2019.12.11-10.01.21:685][347]LogModuleManager: Shutting down and abandoning module SkeletalMeshReduction (151)
[2019.12.11-10.01.21:685][347]LogModuleManager: Shutting down and abandoning module ProxyLODMeshReduction (149)
[2019.12.11-10.01.21:685][347]LogModuleManager: Shutting down and abandoning module QuadricMeshReduction (147)
[2019.12.11-10.01.21:685][347]LogModuleManager: Shutting down and abandoning module MaterialBaking (143)
[2019.12.11-10.01.21:685][347]LogModuleManager: Shutting down and abandoning module NullInstallBundleManager (138)
[2019.12.11-10.01.21:685][347]LogModuleManager: Shutting down and abandoning module PIEPreviewDeviceProfileSelector (136)
[2019.12.11-10.01.21:685][347]LogModuleManager: Shutting down and abandoning module DerivedDataCache (134)
[2019.12.11-10.01.21:903][347]LogDerivedDataCache: Shutdown
[2019.12.11-10.01.21:903][347]LogModuleManager: Shutting down and abandoning module XGEController (132)
[2019.12.11-10.01.21:903][347]LogModuleManager: Shutting down and abandoning module TargetPlatform (130)
[2019.12.11-10.01.21:903][347]LogModuleManager: Shutting down and abandoning module VulkanShaderFormat (129)
[2019.12.11-10.01.21:903][347]LogModuleManager: Shutting down and abandoning module ShaderFormatVectorVM (127)
[2019.12.11-10.01.21:904][347]LogModuleManager: Shutting down and abandoning module ShaderFormatOpenGL (125)
[2019.12.11-10.01.21:904][347]LogModuleManager: Shutting down and abandoning module ShaderFormatD3D (123)
[2019.12.11-10.01.21:904][347]LogModuleManager: Shutting down and abandoning module MetalShaderFormat (121)
[2019.12.11-10.01.21:904][347]LogModuleManager: Shutting down and abandoning module TextureFormatUncompressed (119)
[2019.12.11-10.01.21:904][347]LogModuleManager: Shutting down and abandoning module TextureFormatPVR (117)
[2019.12.11-10.01.21:904][347]LogModuleManager: Shutting down and abandoning module TextureFormatDXT (115)
[2019.12.11-10.01.21:904][347]LogModuleManager: Shutting down and abandoning module TextureFormatIntelISPCTexComp (113)
[2019.12.11-10.01.21:904][347]LogModuleManager: Shutting down and abandoning module TextureFormatASTC (111)
[2019.12.11-10.01.21:904][347]LogModuleManager: Shutting down and abandoning module ImageWrapper (110)
[2019.12.11-10.01.21:904][347]LogModuleManager: Shutting down and abandoning module TextureFormatAndroid (107)
[2019.12.11-10.01.21:904][347]LogModuleManager: Shutting down and abandoning module AudioFormatOpus (105)
[2019.12.11-10.01.21:904][347]LogModuleManager: Shutting down and abandoning module AudioFormatOgg (103)
[2019.12.11-10.01.21:904][347]LogModuleManager: Shutting down and abandoning module AudioFormatADPCM (101)
[2019.12.11-10.01.21:904][347]LogModuleManager: Shutting down and abandoning module WindowsTargetPlatform (99)
[2019.12.11-10.01.21:904][347]LogModuleManager: Shutting down and abandoning module WindowsServerTargetPlatform (97)
[2019.12.11-10.01.21:904][347]LogModuleManager: Shutting down and abandoning module WindowsNoEditorTargetPlatform (95)
[2019.12.11-10.01.21:904][347]LogModuleManager: Shutting down and abandoning module WindowsClientTargetPlatform (93)
[2019.12.11-10.01.21:904][347]LogModuleManager: Shutting down and abandoning module InputCore (90)
[2019.12.11-10.01.21:904][347]LogModuleManager: Shutting down and abandoning module Settings (88)
[2019.12.11-10.01.21:904][347]LogModuleManager: Shutting down and abandoning module PhysXCooking (86)
[2019.12.11-10.01.21:904][347]LogModuleManager: Shutting down and abandoning module WindowsPlatformFeatures (84)
[2019.12.11-10.01.21:904][347]LogModuleManager: Shutting down and abandoning module GameplayMediaEncoder (83)
[2019.12.11-10.01.21:904][347]LogModuleManager: Shutting down and abandoning module SteamVR (80)
[2019.12.11-10.01.21:904][347]LogHMD: Freeing OpenVRDLLHandle.
[2019.12.11-10.01.21:904][347]LogModuleManager: Shutting down and abandoning module OculusHMD (78)
[2019.12.11-10.01.21:904][347]LogModuleManager: Shutting down and abandoning module ExampleDeviceProfileSelector (76)
[2019.12.11-10.01.21:904][347]LogModuleManager: Shutting down and abandoning module LauncherChunkInstaller (74)
[2019.12.11-10.01.21:904][347]LogModuleManager: Shutting down and abandoning module OnlineBlueprintSupport (72)
[2019.12.11-10.01.21:904][347]LogModuleManager: Shutting down and abandoning module OnlineSubsystem (68)
[2019.12.11-10.01.21:908][347]LogModuleManager: Shutting down and abandoning module XMPP (61)
[2019.12.11-10.01.21:908][347]LogModuleManager: Shutting down and abandoning module WebSockets (60)
[2019.12.11-10.01.21:929][347]LogModuleManager: Shutting down and abandoning module HTTP (57)
[2019.12.11-10.01.21:959][347]LogModuleManager: Shutting down and abandoning module SSL (56)
[2019.12.11-10.01.21:961][347]LogModuleManager: Shutting down and abandoning module WmfMedia (52)
[2019.12.11-10.01.21:962][347]LogModuleManager: Shutting down and abandoning module Media (51)
[2019.12.11-10.01.21:963][347]LogModuleManager: Shutting down and abandoning module MagicLeap (48)
[2019.12.11-10.01.21:963][347]LogModuleManager: Shutting down and abandoning module DatasmithContent (46)
[2019.12.11-10.01.21:964][347]LogModuleManager: Shutting down and abandoning module AISupportModule (44)
[2019.12.11-10.01.21:964][347]LogModuleManager: Shutting down and abandoning module PlatformCryptoOpenSSL (42)
[2019.12.11-10.01.21:964][347]LogModuleManager: Shutting down and abandoning module PlatformCrypto (40)
[2019.12.11-10.01.21:964][347]LogModuleManager: Shutting down and abandoning module AnimationModifiers (38)
[2019.12.11-10.01.21:964][347]LogModuleManager: Shutting down and abandoning module PropertyEditor (37)
[2019.12.11-10.01.21:964][347]LogModuleManager: Shutting down and abandoning module AudioEditor (34)
[2019.12.11-10.01.21:965][347]LogModuleManager: Shutting down and abandoning module TextureCompressor (32)
[2019.12.11-10.01.21:965][347]LogModuleManager: Shutting down and abandoning module RenderCore (30)
[2019.12.11-10.01.21:965][347]LogModuleManager: Shutting down and abandoning module Landscape (28)
[2019.12.11-10.01.21:965][347]LogModuleManager: Shutting down and abandoning module SlateRHIRenderer (26)
[2019.12.11-10.01.21:967][347]LogModuleManager: Shutting down and abandoning module OpenGLDrv (24)
[2019.12.11-10.01.21:967][347]LogModuleManager: Shutting down and abandoning module D3D11RHI (22)
[2019.12.11-10.01.21:967][347]LogModuleManager: Shutting down and abandoning module AnimGraphRuntime (20)
[2019.12.11-10.01.21:967][347]LogModuleManager: Shutting down and abandoning module Renderer (18)
[2019.12.11-10.01.21:967][347]LogModuleManager: Shutting down and abandoning module Engine (16)
[2019.12.11-10.01.21:967][347]LogModuleManager: Shutting down and abandoning module CoreUObject (14)
[2019.12.11-10.01.21:967][347]LogModuleManager: Shutting down and abandoning module NetworkFile (12)
[2019.12.11-10.01.21:967][347]LogModuleManager: Shutting down and abandoning module CookedIterativeFile (10)
[2019.12.11-10.01.21:967][347]LogModuleManager: Shutting down and abandoning module StreamingFile (8)
[2019.12.11-10.01.21:967][347]LogModuleManager: Shutting down and abandoning module SandboxFile (6)
[2019.12.11-10.01.21:967][347]LogModuleManager: Shutting down and abandoning module PakFile (4)
[2019.12.11-10.01.21:967][347]LogModuleManager: Shutting down and abandoning module RSA (3)
[2019.12.11-10.01.21:968][347]LogD3D11RHI: Shutdown
[2019.12.11-10.01.21:968][347]LogD3D11RHI: CleanupD3DDevice
[2019.12.11-10.01.21:969][347]LogRendererCore: FGlobalDynamicReadBuffer::Cleanup()
[2019.12.11-10.01.21:969][347]LogRendererCore: FGlobalDynamicReadBuffer::Cleanup()
[2019.12.11-10.01.21:969][347]LogRendererCore: FGlobalDynamicReadBuffer::Cleanup()
[2019.12.11-10.01.22:102][347]LogD3D11RHI: ~FD3D11DynamicRHI
[2019.12.11-10.01.22:114][347]LogExit: Exiting.
[2019.12.11-10.01.22:124][347]Log file closed, 12/11/19 02:01:22
